[0.514s] Invoking command in '/home/adi/eyrc_hb/hb_task_2_ws/build/hb_world': CMAKE_PREFIX_PATH=/home/adi/eyrc_hb/hb_task_2_ws/install/hb_task2a:/opt/ros/humble /usr/bin/cmake /home/adi/eyrc_hb/hb_task_2_ws/src/eYRC-2023_Hologlyph_Bots/hb_world -DCMAKE_INSTALL_PREFIX=/home/adi/eyrc_hb/hb_task_2_ws/install/hb_world
[0.578s] -- The C compiler identification is GNU 11.4.0
[0.640s] -- The CXX compiler identification is GNU 11.4.0
[0.647s] -- Detecting C compiler ABI info
[0.715s] -- Detecting C compiler ABI info - done
[0.728s] -- Check for working C compiler: /usr/bin/cc - skipped
[0.728s] -- Detecting C compile features
[0.729s] -- Detecting C compile features - done
[0.734s] -- Detecting CXX compiler ABI info
[0.816s] -- Detecting CXX compiler ABI info - done
[0.832s] -- Check for working CXX compiler: /usr/bin/c++ - skipped
[0.832s] -- Detecting CXX compile features
[0.833s] -- Detecting CXX compile features - done
[0.836s] -- Found ament_cmake: 1.3.5 (/opt/ros/humble/share/ament_cmake/cmake)
[1.041s] -- Found Python3: /usr/bin/python3.10 (found version "3.10.12") found components: Interpreter 
[1.142s] -- Found rclcpp: 16.0.6 (/opt/ros/humble/share/rclcpp/cmake)
[1.185s] -- Found rosidl_generator_c: 3.1.5 (/opt/ros/humble/share/rosidl_generator_c/cmake)
[1.190s] -- Found rosidl_adapter: 3.1.5 (/opt/ros/humble/share/rosidl_adapter/cmake)
[1.198s] -- Found rosidl_generator_cpp: 3.1.5 (/opt/ros/humble/share/rosidl_generator_cpp/cmake)
[1.212s] -- Using all available rosidl_typesupport_c: rosidl_typesupport_fastrtps_c;rosidl_typesupport_introspection_c
[1.233s] -- Using all available rosidl_typesupport_cpp: rosidl_typesupport_fastrtps_cpp;rosidl_typesupport_introspection_cpp
[1.310s] -- Found rmw_implementation_cmake: 6.1.1 (/opt/ros/humble/share/rmw_implementation_cmake/cmake)
[1.313s] -- Found rmw_fastrtps_cpp: 6.2.4 (/opt/ros/humble/share/rmw_fastrtps_cpp/cmake)
[1.414s] -- Found OpenSSL: /usr/lib/x86_64-linux-gnu/libcrypto.so (found version "3.0.2")  
[1.443s] -- Found FastRTPS: /opt/ros/humble/include  
[1.495s] -- Using RMW implementation 'rmw_fastrtps_cpp' as default
[1.503s] -- Looking for pthread.h
[1.572s] -- Looking for pthread.h - found
[1.572s] -- Performing Test CMAKE_HAVE_LIBC_PTHREAD
[1.642s] -- Performing Test CMAKE_HAVE_LIBC_PTHREAD - Success
[1.643s] -- Found Threads: TRUE  
[1.841s] -- Found rclpy: 3.3.10 (/opt/ros/humble/share/rclpy/cmake)
[1.842s] -- Found urdf: 2.6.0 (/opt/ros/humble/share/urdf/cmake)
[1.877s] -- Found xacro: 2.0.8 (/opt/ros/humble/share/xacro/cmake)
[1.878s] -- Found ament_lint_auto: 0.12.8 (/opt/ros/humble/share/ament_lint_auto/cmake)
[1.942s] -- Added test 'flake8' to check Python code syntax and style conventions
[1.943s] -- Added test 'lint_cmake' to check CMake code style
[1.943s] -- Added test 'pep257' to check Python code against some of the docstring style conventions in PEP 257
[1.945s] -- Added test 'xmllint' to check XML markup files
[1.946s] -- Configuring done
[1.949s] -- Generating done
[1.951s] -- Build files have been written to: /home/adi/eyrc_hb/hb_task_2_ws/build/hb_world
[1.959s] Invoked command in '/home/adi/eyrc_hb/hb_task_2_ws/build/hb_world' returned '0': CMAKE_PREFIX_PATH=/home/adi/eyrc_hb/hb_task_2_ws/install/hb_task2a:/opt/ros/humble /usr/bin/cmake /home/adi/eyrc_hb/hb_task_2_ws/src/eYRC-2023_Hologlyph_Bots/hb_world -DCMAKE_INSTALL_PREFIX=/home/adi/eyrc_hb/hb_task_2_ws/install/hb_world
[1.960s] Invoking command in '/home/adi/eyrc_hb/hb_task_2_ws/build/hb_world': CMAKE_PREFIX_PATH=/home/adi/eyrc_hb/hb_task_2_ws/install/hb_task2a:/opt/ros/humble /usr/bin/cmake --build /home/adi/eyrc_hb/hb_task_2_ws/build/hb_world -- -j8 -l8
[1.996s] Invoked command in '/home/adi/eyrc_hb/hb_task_2_ws/build/hb_world' returned '0': CMAKE_PREFIX_PATH=/home/adi/eyrc_hb/hb_task_2_ws/install/hb_task2a:/opt/ros/humble /usr/bin/cmake --build /home/adi/eyrc_hb/hb_task_2_ws/build/hb_world -- -j8 -l8
[2.014s] Invoking command in '/home/adi/eyrc_hb/hb_task_2_ws/build/hb_world': CMAKE_PREFIX_PATH=/home/adi/eyrc_hb/hb_task_2_ws/install/hb_task2a:/opt/ros/humble /usr/bin/cmake --install /home/adi/eyrc_hb/hb_task_2_ws/build/hb_world
[2.020s] -- Install configuration: ""
[2.021s] -- Installing: /home/adi/eyrc_hb/hb_task_2_ws/install/hb_world/share/hb_world//launch
[2.021s] -- Installing: /home/adi/eyrc_hb/hb_task_2_ws/install/hb_world/share/hb_world//launch/world.launch.py
[2.021s] -- Installing: /home/adi/eyrc_hb/hb_task_2_ws/install/hb_world/share/hb_world//worlds
[2.021s] -- Installing: /home/adi/eyrc_hb/hb_task_2_ws/install/hb_world/share/hb_world//worlds/gazebo.world
[2.021s] -- Installing: /home/adi/eyrc_hb/hb_task_2_ws/install/hb_world/share/hb_world//models
[2.022s] -- Installing: /home/adi/eyrc_hb/hb_task_2_ws/install/hb_world/share/hb_world//models/e_camera
[2.022s] -- Installing: /home/adi/eyrc_hb/hb_task_2_ws/install/hb_world/share/hb_world//models/e_camera/model.sdf
[2.022s] -- Installing: /home/adi/eyrc_hb/hb_task_2_ws/install/hb_world/share/hb_world//models/e_camera/model.config
[2.022s] -- Installing: /home/adi/eyrc_hb/hb_task_2_ws/install/hb_world/share/hb_world//models/e_camera/meshes
[2.022s] -- Installing: /home/adi/eyrc_hb/hb_task_2_ws/install/hb_world/share/hb_world//models/e_camera/meshes/camera.dae
[2.022s] -- Installing: /home/adi/eyrc_hb/hb_task_2_ws/install/hb_world/share/hb_world//models/e_camera/meshes/17eyantra_logo_large e.png
[2.023s] -- Installing: /home/adi/eyrc_hb/hb_task_2_ws/install/hb_world/share/hb_world//models/arena
[2.023s] -- Installing: /home/adi/eyrc_hb/hb_task_2_ws/install/hb_world/share/hb_world//models/arena/model.sdf
[2.023s] -- Installing: /home/adi/eyrc_hb/hb_task_2_ws/install/hb_world/share/hb_world//models/arena/model.config
[2.023s] -- Installing: /home/adi/eyrc_hb/hb_task_2_ws/install/hb_world/share/hb_world//models/arena/meshes
[2.023s] -- Installing: /home/adi/eyrc_hb/hb_task_2_ws/install/hb_world/share/hb_world//models/arena/meshes/arena.jpg
[2.023s] -- Installing: /home/adi/eyrc_hb/hb_task_2_ws/install/hb_world/share/hb_world//models/arena/meshes/arena.dae
[2.023s] -- Installing: /home/adi/eyrc_hb/hb_task_2_ws/install/hb_world/share/hb_world//models/ground_surface
[2.024s] -- Installing: /home/adi/eyrc_hb/hb_task_2_ws/install/hb_world/share/hb_world//models/ground_surface/model.sdf
[2.024s] -- Installing: /home/adi/eyrc_hb/hb_task_2_ws/install/hb_world/share/hb_world//models/ground_surface/model.config
[2.024s] -- Installing: /home/adi/eyrc_hb/hb_task_2_ws/install/hb_world/share/hb_world//models/ground_surface/meshes
[2.024s] -- Installing: /home/adi/eyrc_hb/hb_task_2_ws/install/hb_world/share/hb_world//models/ground_surface/meshes/geoglyph.jpg
[2.024s] -- Installing: /home/adi/eyrc_hb/hb_task_2_ws/install/hb_world/share/hb_world//models/ground_surface/meshes/ground_surface.dae
[2.024s] -- Installing: /home/adi/eyrc_hb/hb_task_2_ws/install/hb_world/share/ament_index/resource_index/package_run_dependencies/hb_world
[2.024s] -- Installing: /home/adi/eyrc_hb/hb_task_2_ws/install/hb_world/share/ament_index/resource_index/parent_prefix_path/hb_world
[2.024s] -- Installing: /home/adi/eyrc_hb/hb_task_2_ws/install/hb_world/share/hb_world/environment/ament_prefix_path.sh
[2.025s] -- Installing: /home/adi/eyrc_hb/hb_task_2_ws/install/hb_world/share/hb_world/environment/ament_prefix_path.dsv
[2.025s] -- Installing: /home/adi/eyrc_hb/hb_task_2_ws/install/hb_world/share/hb_world/environment/path.sh
[2.025s] -- Installing: /home/adi/eyrc_hb/hb_task_2_ws/install/hb_world/share/hb_world/environment/path.dsv
[2.025s] -- Installing: /home/adi/eyrc_hb/hb_task_2_ws/install/hb_world/share/hb_world/local_setup.bash
[2.025s] -- Installing: /home/adi/eyrc_hb/hb_task_2_ws/install/hb_world/share/hb_world/local_setup.sh
[2.026s] -- Installing: /home/adi/eyrc_hb/hb_task_2_ws/install/hb_world/share/hb_world/local_setup.zsh
[2.026s] -- Installing: /home/adi/eyrc_hb/hb_task_2_ws/install/hb_world/share/hb_world/local_setup.dsv
[2.026s] -- Installing: /home/adi/eyrc_hb/hb_task_2_ws/install/hb_world/share/hb_world/package.dsv
[2.027s] -- Installing: /home/adi/eyrc_hb/hb_task_2_ws/install/hb_world/share/ament_index/resource_index/packages/hb_world
[2.027s] -- Installing: /home/adi/eyrc_hb/hb_task_2_ws/install/hb_world/share/hb_world/cmake/hb_worldConfig.cmake
[2.027s] -- Installing: /home/adi/eyrc_hb/hb_task_2_ws/install/hb_world/share/hb_world/cmake/hb_worldConfig-version.cmake
[2.028s] -- Installing: /home/adi/eyrc_hb/hb_task_2_ws/install/hb_world/share/hb_world/package.xml
[2.028s] Invoked command in '/home/adi/eyrc_hb/hb_task_2_ws/build/hb_world' returned '0': CMAKE_PREFIX_PATH=/home/adi/eyrc_hb/hb_task_2_ws/install/hb_task2a:/opt/ros/humble /usr/bin/cmake --install /home/adi/eyrc_hb/hb_task_2_ws/build/hb_world
