[1.401s] Invoking command in '/home/adi/eyrc_hb/hb_task_2_ws/src/eYRC-2023_Hologlyph_Bots/hb_task2a': PYTHONPATH=/home/adi/eyrc_hb/hb_task_2_ws/build/hb_task2a/prefix_override:/home/adi/eyrc_hb/hb_task_2_ws/install/hb_task2a/lib/python3.10/site-packages:${PYTHONPATH} /usr/bin/python3 setup.py egg_info --egg-base ../../../build/hb_task2a build --build-base /home/adi/eyrc_hb/hb_task_2_ws/build/hb_task2a/build install --record /home/adi/eyrc_hb/hb_task_2_ws/build/hb_task2a/install.log --single-version-externally-managed
[1.760s] running egg_info
[1.762s] writing ../../../build/hb_task2a/hb_task2a.egg-info/PKG-INFO
[1.762s] writing dependency_links to ../../../build/hb_task2a/hb_task2a.egg-info/dependency_links.txt
[1.762s] writing entry points to ../../../build/hb_task2a/hb_task2a.egg-info/entry_points.txt
[1.763s] writing requirements to ../../../build/hb_task2a/hb_task2a.egg-info/requires.txt
[1.763s] writing top-level names to ../../../build/hb_task2a/hb_task2a.egg-info/top_level.txt
[1.765s] reading manifest file '../../../build/hb_task2a/hb_task2a.egg-info/SOURCES.txt'
[1.766s] writing manifest file '../../../build/hb_task2a/hb_task2a.egg-info/SOURCES.txt'
[1.767s] running build
[1.767s] running build_py
[1.767s] copying hb_task2a/feedback.py -> /home/adi/eyrc_hb/hb_task_2_ws/build/hb_task2a/build/lib/hb_task2a
[1.767s] running install
[1.768s] running install_lib
[1.768s] copying /home/adi/eyrc_hb/hb_task_2_ws/build/hb_task2a/build/lib/hb_task2a/feedback.py -> /home/adi/eyrc_hb/hb_task_2_ws/install/hb_task2a/lib/python3.10/site-packages/hb_task2a
[1.769s] byte-compiling /home/adi/eyrc_hb/hb_task_2_ws/install/hb_task2a/lib/python3.10/site-packages/hb_task2a/feedback.py to feedback.cpython-310.pyc
[1.770s] running install_data
[1.772s] running install_egg_info
[1.772s] removing '/home/adi/eyrc_hb/hb_task_2_ws/install/hb_task2a/lib/python3.10/site-packages/hb_task2a-0.0.0-py3.10.egg-info' (and everything under it)
[1.773s] Copying ../../../build/hb_task2a/hb_task2a.egg-info to /home/adi/eyrc_hb/hb_task_2_ws/install/hb_task2a/lib/python3.10/site-packages/hb_task2a-0.0.0-py3.10.egg-info
[1.774s] running install_scripts
[1.796s] Installing feedback script to /home/adi/eyrc_hb/hb_task_2_ws/install/hb_task2a/lib/hb_task2a
[1.796s] writing list of installed files to '/home/adi/eyrc_hb/hb_task_2_ws/build/hb_task2a/install.log'
[1.838s] Invoked command in '/home/adi/eyrc_hb/hb_task_2_ws/src/eYRC-2023_Hologlyph_Bots/hb_task2a' returned '0': PYTHONPATH=/home/adi/eyrc_hb/hb_task_2_ws/build/hb_task2a/prefix_override:/home/adi/eyrc_hb/hb_task_2_ws/install/hb_task2a/lib/python3.10/site-packages:${PYTHONPATH} /usr/bin/python3 setup.py egg_info --egg-base ../../../build/hb_task2a build --build-base /home/adi/eyrc_hb/hb_task_2_ws/build/hb_task2a/build install --record /home/adi/eyrc_hb/hb_task_2_ws/build/hb_task2a/install.log --single-version-externally-managed
