[0.420s] Invoking command in '/home/adi/eyrc_hb/hb_task_2_ws/build/my_robot_interfaces': CMAKE_PREFIX_PATH=${CMAKE_PREFIX_PATH}:/home/adi/eyrc_hb/hb_task_2_ws/install/hb_task2a:/opt/ros/humble /usr/bin/cmake --build /home/adi/eyrc_hb/hb_task_2_ws/build/my_robot_interfaces -- -j8 -l8
[0.470s] [  9%] Built target my_robot_interfaces__rosidl_generator_c
[0.471s] [ 12%] Built target my_robot_interfaces__cpp
[0.486s] [ 12%] Built target ament_cmake_python_copy_my_robot_interfaces
[0.501s] [ 22%] Built target my_robot_interfaces__rosidl_typesupport_introspection_c
[0.508s] [ 32%] Built target my_robot_interfaces__rosidl_typesupport_fastrtps_c
[0.510s] [ 51%] Built target my_robot_interfaces__rosidl_typesupport_fastrtps_cpp
[0.510s] [ 51%] Built target my_robot_interfaces__rosidl_typesupport_cpp
[0.513s] [ 61%] Built target my_robot_interfaces__rosidl_typesupport_c
[0.514s] [ 70%] Built target my_robot_interfaces__rosidl_typesupport_introspection_cpp
[0.538s] [ 70%] Built target my_robot_interfaces
[0.557s] [ 74%] Built target my_robot_interfaces__py
[0.576s] [ 80%] Built target my_robot_interfaces__rosidl_generator_py
[0.604s] [ 87%] Built target my_robot_interfaces__rosidl_typesupport_fastrtps_c__pyext
[0.604s] [ 93%] Built target my_robot_interfaces__rosidl_typesupport_introspection_c__pyext
[0.608s] [100%] Built target my_robot_interfaces__rosidl_typesupport_c__pyext
[0.820s] running egg_info
[0.821s] writing my_robot_interfaces.egg-info/PKG-INFO
[0.821s] writing dependency_links to my_robot_interfaces.egg-info/dependency_links.txt
[0.821s] writing top-level names to my_robot_interfaces.egg-info/top_level.txt
[0.824s] reading manifest file 'my_robot_interfaces.egg-info/SOURCES.txt'
[0.824s] writing manifest file 'my_robot_interfaces.egg-info/SOURCES.txt'
[0.852s] [100%] Built target ament_cmake_python_build_my_robot_interfaces_egg
[0.862s] Invoked command in '/home/adi/eyrc_hb/hb_task_2_ws/build/my_robot_interfaces' returned '0': CMAKE_PREFIX_PATH=${CMAKE_PREFIX_PATH}:/home/adi/eyrc_hb/hb_task_2_ws/install/hb_task2a:/opt/ros/humble /usr/bin/cmake --build /home/adi/eyrc_hb/hb_task_2_ws/build/my_robot_interfaces -- -j8 -l8
[0.913s] Invoking command in '/home/adi/eyrc_hb/hb_task_2_ws/build/my_robot_interfaces': CMAKE_PREFIX_PATH=${CMAKE_PREFIX_PATH}:/home/adi/eyrc_hb/hb_task_2_ws/install/hb_task2a:/opt/ros/humble /usr/bin/cmake --install /home/adi/eyrc_hb/hb_task_2_ws/build/my_robot_interfaces
[0.921s] -- Install configuration: ""
[0.921s] -- Up-to-date: /home/adi/eyrc_hb/hb_task_2_ws/install/my_robot_interfaces/share/ament_index/resource_index/rosidl_interfaces/my_robot_interfaces
[0.921s] -- Up-to-date: /home/adi/eyrc_hb/hb_task_2_ws/install/my_robot_interfaces/include/my_robot_interfaces/my_robot_interfaces
[0.921s] -- Up-to-date: /home/adi/eyrc_hb/hb_task_2_ws/install/my_robot_interfaces/include/my_robot_interfaces/my_robot_interfaces/msg
[0.921s] -- Up-to-date: /home/adi/eyrc_hb/hb_task_2_ws/install/my_robot_interfaces/include/my_robot_interfaces/my_robot_interfaces/msg/rosidl_generator_c__visibility_control.h
[0.922s] -- Up-to-date: /home/adi/eyrc_hb/hb_task_2_ws/install/my_robot_interfaces/include/my_robot_interfaces/my_robot_interfaces/srv
[0.922s] -- Up-to-date: /home/adi/eyrc_hb/hb_task_2_ws/install/my_robot_interfaces/include/my_robot_interfaces/my_robot_interfaces/srv/detail
[0.922s] -- Up-to-date: /home/adi/eyrc_hb/hb_task_2_ws/install/my_robot_interfaces/include/my_robot_interfaces/my_robot_interfaces/srv/detail/next_goal__struct.h
[0.922s] -- Up-to-date: /home/adi/eyrc_hb/hb_task_2_ws/install/my_robot_interfaces/include/my_robot_interfaces/my_robot_interfaces/srv/detail/next_goal__functions.h
[0.922s] -- Up-to-date: /home/adi/eyrc_hb/hb_task_2_ws/install/my_robot_interfaces/include/my_robot_interfaces/my_robot_interfaces/srv/detail/next_goal__type_support.h
[0.922s] -- Up-to-date: /home/adi/eyrc_hb/hb_task_2_ws/install/my_robot_interfaces/include/my_robot_interfaces/my_robot_interfaces/srv/detail/next_goal__functions.c
[0.923s] -- Up-to-date: /home/adi/eyrc_hb/hb_task_2_ws/install/my_robot_interfaces/include/my_robot_interfaces/my_robot_interfaces/srv/next_goal.h
[0.923s] -- Up-to-date: /home/adi/eyrc_hb/hb_task_2_ws/install/my_robot_interfaces/share/my_robot_interfaces/environment/library_path.sh
[0.923s] -- Up-to-date: /home/adi/eyrc_hb/hb_task_2_ws/install/my_robot_interfaces/share/my_robot_interfaces/environment/library_path.dsv
[0.923s] -- Up-to-date: /home/adi/eyrc_hb/hb_task_2_ws/install/my_robot_interfaces/lib/libmy_robot_interfaces__rosidl_generator_c.so
[0.923s] -- Up-to-date: /home/adi/eyrc_hb/hb_task_2_ws/install/my_robot_interfaces/include/my_robot_interfaces/my_robot_interfaces
[0.923s] -- Up-to-date: /home/adi/eyrc_hb/hb_task_2_ws/install/my_robot_interfaces/include/my_robot_interfaces/my_robot_interfaces/msg
[0.923s] -- Up-to-date: /home/adi/eyrc_hb/hb_task_2_ws/install/my_robot_interfaces/include/my_robot_interfaces/my_robot_interfaces/msg/rosidl_typesupport_fastrtps_c__visibility_control.h
[0.924s] -- Up-to-date: /home/adi/eyrc_hb/hb_task_2_ws/install/my_robot_interfaces/include/my_robot_interfaces/my_robot_interfaces/srv
[0.924s] -- Up-to-date: /home/adi/eyrc_hb/hb_task_2_ws/install/my_robot_interfaces/include/my_robot_interfaces/my_robot_interfaces/srv/detail
[0.924s] -- Up-to-date: /home/adi/eyrc_hb/hb_task_2_ws/install/my_robot_interfaces/include/my_robot_interfaces/my_robot_interfaces/srv/detail/next_goal__rosidl_typesupport_fastrtps_c.h
[0.924s] -- Up-to-date: /home/adi/eyrc_hb/hb_task_2_ws/install/my_robot_interfaces/lib/libmy_robot_interfaces__rosidl_typesupport_fastrtps_c.so
[0.924s] -- Up-to-date: /home/adi/eyrc_hb/hb_task_2_ws/install/my_robot_interfaces/include/my_robot_interfaces/my_robot_interfaces
[0.924s] -- Up-to-date: /home/adi/eyrc_hb/hb_task_2_ws/install/my_robot_interfaces/include/my_robot_interfaces/my_robot_interfaces/msg
[0.924s] -- Up-to-date: /home/adi/eyrc_hb/hb_task_2_ws/install/my_robot_interfaces/include/my_robot_interfaces/my_robot_interfaces/msg/rosidl_typesupport_introspection_c__visibility_control.h
[0.925s] -- Up-to-date: /home/adi/eyrc_hb/hb_task_2_ws/install/my_robot_interfaces/include/my_robot_interfaces/my_robot_interfaces/srv
[0.925s] -- Up-to-date: /home/adi/eyrc_hb/hb_task_2_ws/install/my_robot_interfaces/include/my_robot_interfaces/my_robot_interfaces/srv/detail
[0.925s] -- Up-to-date: /home/adi/eyrc_hb/hb_task_2_ws/install/my_robot_interfaces/include/my_robot_interfaces/my_robot_interfaces/srv/detail/next_goal__type_support.c
[0.925s] -- Up-to-date: /home/adi/eyrc_hb/hb_task_2_ws/install/my_robot_interfaces/include/my_robot_interfaces/my_robot_interfaces/srv/detail/next_goal__rosidl_typesupport_introspection_c.h
[0.925s] -- Up-to-date: /home/adi/eyrc_hb/hb_task_2_ws/install/my_robot_interfaces/lib/libmy_robot_interfaces__rosidl_typesupport_introspection_c.so
[0.925s] -- Up-to-date: /home/adi/eyrc_hb/hb_task_2_ws/install/my_robot_interfaces/lib/libmy_robot_interfaces__rosidl_typesupport_c.so
[0.925s] -- Up-to-date: /home/adi/eyrc_hb/hb_task_2_ws/install/my_robot_interfaces/include/my_robot_interfaces/my_robot_interfaces
[0.925s] -- Up-to-date: /home/adi/eyrc_hb/hb_task_2_ws/install/my_robot_interfaces/include/my_robot_interfaces/my_robot_interfaces/srv
[0.925s] -- Up-to-date: /home/adi/eyrc_hb/hb_task_2_ws/install/my_robot_interfaces/include/my_robot_interfaces/my_robot_interfaces/srv/detail
[0.926s] -- Up-to-date: /home/adi/eyrc_hb/hb_task_2_ws/install/my_robot_interfaces/include/my_robot_interfaces/my_robot_interfaces/srv/detail/next_goal__struct.hpp
[0.926s] -- Up-to-date: /home/adi/eyrc_hb/hb_task_2_ws/install/my_robot_interfaces/include/my_robot_interfaces/my_robot_interfaces/srv/detail/next_goal__traits.hpp
[0.926s] -- Up-to-date: /home/adi/eyrc_hb/hb_task_2_ws/install/my_robot_interfaces/include/my_robot_interfaces/my_robot_interfaces/srv/detail/next_goal__builder.hpp
[0.926s] -- Up-to-date: /home/adi/eyrc_hb/hb_task_2_ws/install/my_robot_interfaces/include/my_robot_interfaces/my_robot_interfaces/srv/next_goal.hpp
[0.926s] -- Up-to-date: /home/adi/eyrc_hb/hb_task_2_ws/install/my_robot_interfaces/include/my_robot_interfaces/my_robot_interfaces
[0.926s] -- Up-to-date: /home/adi/eyrc_hb/hb_task_2_ws/install/my_robot_interfaces/include/my_robot_interfaces/my_robot_interfaces/msg
[0.926s] -- Up-to-date: /home/adi/eyrc_hb/hb_task_2_ws/install/my_robot_interfaces/include/my_robot_interfaces/my_robot_interfaces/msg/rosidl_typesupport_fastrtps_cpp__visibility_control.h
[0.926s] -- Up-to-date: /home/adi/eyrc_hb/hb_task_2_ws/install/my_robot_interfaces/include/my_robot_interfaces/my_robot_interfaces/srv
[0.926s] -- Up-to-date: /home/adi/eyrc_hb/hb_task_2_ws/install/my_robot_interfaces/include/my_robot_interfaces/my_robot_interfaces/srv/detail
[0.926s] -- Up-to-date: /home/adi/eyrc_hb/hb_task_2_ws/install/my_robot_interfaces/include/my_robot_interfaces/my_robot_interfaces/srv/detail/next_goal__rosidl_typesupport_fastrtps_cpp.hpp
[0.927s] -- Up-to-date: /home/adi/eyrc_hb/hb_task_2_ws/install/my_robot_interfaces/include/my_robot_interfaces/my_robot_interfaces/srv/detail/dds_fastrtps
[0.927s] -- Up-to-date: /home/adi/eyrc_hb/hb_task_2_ws/install/my_robot_interfaces/lib/libmy_robot_interfaces__rosidl_typesupport_fastrtps_cpp.so
[0.927s] -- Up-to-date: /home/adi/eyrc_hb/hb_task_2_ws/install/my_robot_interfaces/include/my_robot_interfaces/my_robot_interfaces
[0.927s] -- Up-to-date: /home/adi/eyrc_hb/hb_task_2_ws/install/my_robot_interfaces/include/my_robot_interfaces/my_robot_interfaces/srv
[0.927s] -- Up-to-date: /home/adi/eyrc_hb/hb_task_2_ws/install/my_robot_interfaces/include/my_robot_interfaces/my_robot_interfaces/srv/detail
[0.927s] -- Up-to-date: /home/adi/eyrc_hb/hb_task_2_ws/install/my_robot_interfaces/include/my_robot_interfaces/my_robot_interfaces/srv/detail/next_goal__type_support.cpp
[0.927s] -- Up-to-date: /home/adi/eyrc_hb/hb_task_2_ws/install/my_robot_interfaces/include/my_robot_interfaces/my_robot_interfaces/srv/detail/next_goal__rosidl_typesupport_introspection_cpp.hpp
[0.927s] -- Up-to-date: /home/adi/eyrc_hb/hb_task_2_ws/install/my_robot_interfaces/lib/libmy_robot_interfaces__rosidl_typesupport_introspection_cpp.so
[0.927s] -- Up-to-date: /home/adi/eyrc_hb/hb_task_2_ws/install/my_robot_interfaces/lib/libmy_robot_interfaces__rosidl_typesupport_cpp.so
[0.927s] -- Up-to-date: /home/adi/eyrc_hb/hb_task_2_ws/install/my_robot_interfaces/share/my_robot_interfaces/environment/pythonpath.sh
[0.928s] -- Up-to-date: /home/adi/eyrc_hb/hb_task_2_ws/install/my_robot_interfaces/share/my_robot_interfaces/environment/pythonpath.dsv
[0.928s] -- Up-to-date: /home/adi/eyrc_hb/hb_task_2_ws/install/my_robot_interfaces/local/lib/python3.10/dist-packages/my_robot_interfaces-0.0.0-py3.10.egg-info
[0.928s] -- Installing: /home/adi/eyrc_hb/hb_task_2_ws/install/my_robot_interfaces/local/lib/python3.10/dist-packages/my_robot_interfaces-0.0.0-py3.10.egg-info/dependency_links.txt
[0.928s] -- Installing: /home/adi/eyrc_hb/hb_task_2_ws/install/my_robot_interfaces/local/lib/python3.10/dist-packages/my_robot_interfaces-0.0.0-py3.10.egg-info/SOURCES.txt
[0.928s] -- Installing: /home/adi/eyrc_hb/hb_task_2_ws/install/my_robot_interfaces/local/lib/python3.10/dist-packages/my_robot_interfaces-0.0.0-py3.10.egg-info/top_level.txt
[0.928s] -- Installing: /home/adi/eyrc_hb/hb_task_2_ws/install/my_robot_interfaces/local/lib/python3.10/dist-packages/my_robot_interfaces-0.0.0-py3.10.egg-info/PKG-INFO
[0.928s] -- Up-to-date: /home/adi/eyrc_hb/hb_task_2_ws/install/my_robot_interfaces/local/lib/python3.10/dist-packages/my_robot_interfaces
[0.928s] -- Up-to-date: /home/adi/eyrc_hb/hb_task_2_ws/install/my_robot_interfaces/local/lib/python3.10/dist-packages/my_robot_interfaces/srv
[0.928s] -- Up-to-date: /home/adi/eyrc_hb/hb_task_2_ws/install/my_robot_interfaces/local/lib/python3.10/dist-packages/my_robot_interfaces/srv/_next_goal_s.c
[0.929s] -- Up-to-date: /home/adi/eyrc_hb/hb_task_2_ws/install/my_robot_interfaces/local/lib/python3.10/dist-packages/my_robot_interfaces/srv/__init__.py
[0.929s] -- Up-to-date: /home/adi/eyrc_hb/hb_task_2_ws/install/my_robot_interfaces/local/lib/python3.10/dist-packages/my_robot_interfaces/srv/_next_goal.py
[0.929s] -- Up-to-date: /home/adi/eyrc_hb/hb_task_2_ws/install/my_robot_interfaces/local/lib/python3.10/dist-packages/my_robot_interfaces/_my_robot_interfaces_s.ep.rosidl_typesupport_c.c
[0.929s] -- Up-to-date: /home/adi/eyrc_hb/hb_task_2_ws/install/my_robot_interfaces/local/lib/python3.10/dist-packages/my_robot_interfaces/__init__.py
[0.929s] -- Up-to-date: /home/adi/eyrc_hb/hb_task_2_ws/install/my_robot_interfaces/local/lib/python3.10/dist-packages/my_robot_interfaces/_my_robot_interfaces_s.ep.rosidl_typesupport_fastrtps_c.c
[0.929s] -- Up-to-date: /home/adi/eyrc_hb/hb_task_2_ws/install/my_robot_interfaces/local/lib/python3.10/dist-packages/my_robot_interfaces/libmy_robot_interfaces__rosidl_generator_py.so
[0.929s] -- Up-to-date: /home/adi/eyrc_hb/hb_task_2_ws/install/my_robot_interfaces/local/lib/python3.10/dist-packages/my_robot_interfaces/my_robot_interfaces_s__rosidl_typesupport_introspection_c.cpython-310-x86_64-linux-gnu.so
[0.929s] -- Up-to-date: /home/adi/eyrc_hb/hb_task_2_ws/install/my_robot_interfaces/local/lib/python3.10/dist-packages/my_robot_interfaces/my_robot_interfaces_s__rosidl_typesupport_c.cpython-310-x86_64-linux-gnu.so
[0.929s] -- Up-to-date: /home/adi/eyrc_hb/hb_task_2_ws/install/my_robot_interfaces/local/lib/python3.10/dist-packages/my_robot_interfaces/_my_robot_interfaces_s.ep.rosidl_typesupport_introspection_c.c
[0.929s] -- Up-to-date: /home/adi/eyrc_hb/hb_task_2_ws/install/my_robot_interfaces/local/lib/python3.10/dist-packages/my_robot_interfaces/my_robot_interfaces_s__rosidl_typesupport_fastrtps_c.cpython-310-x86_64-linux-gnu.so
[0.951s] Listing '/home/adi/eyrc_hb/hb_task_2_ws/install/my_robot_interfaces/local/lib/python3.10/dist-packages/my_robot_interfaces'...
[0.951s] Listing '/home/adi/eyrc_hb/hb_task_2_ws/install/my_robot_interfaces/local/lib/python3.10/dist-packages/my_robot_interfaces/srv'...
[0.955s] -- Up-to-date: /home/adi/eyrc_hb/hb_task_2_ws/install/my_robot_interfaces/local/lib/python3.10/dist-packages/my_robot_interfaces/my_robot_interfaces_s__rosidl_typesupport_fastrtps_c.cpython-310-x86_64-linux-gnu.so
[0.955s] -- Up-to-date: /home/adi/eyrc_hb/hb_task_2_ws/install/my_robot_interfaces/local/lib/python3.10/dist-packages/my_robot_interfaces/my_robot_interfaces_s__rosidl_typesupport_introspection_c.cpython-310-x86_64-linux-gnu.so
[0.955s] -- Up-to-date: /home/adi/eyrc_hb/hb_task_2_ws/install/my_robot_interfaces/local/lib/python3.10/dist-packages/my_robot_interfaces/my_robot_interfaces_s__rosidl_typesupport_c.cpython-310-x86_64-linux-gnu.so
[0.956s] -- Up-to-date: /home/adi/eyrc_hb/hb_task_2_ws/install/my_robot_interfaces/lib/libmy_robot_interfaces__rosidl_generator_py.so
[0.956s] -- Up-to-date: /home/adi/eyrc_hb/hb_task_2_ws/install/my_robot_interfaces/share/my_robot_interfaces/srv/NextGoal.idl
[0.956s] -- Up-to-date: /home/adi/eyrc_hb/hb_task_2_ws/install/my_robot_interfaces/share/my_robot_interfaces/srv/NextGoal.srv
[0.956s] -- Up-to-date: /home/adi/eyrc_hb/hb_task_2_ws/install/my_robot_interfaces/share/my_robot_interfaces/srv/NextGoal_Request.msg
[0.956s] -- Up-to-date: /home/adi/eyrc_hb/hb_task_2_ws/install/my_robot_interfaces/share/my_robot_interfaces/srv/NextGoal_Response.msg
[0.956s] -- Up-to-date: /home/adi/eyrc_hb/hb_task_2_ws/install/my_robot_interfaces/share/ament_index/resource_index/package_run_dependencies/my_robot_interfaces
[0.957s] -- Up-to-date: /home/adi/eyrc_hb/hb_task_2_ws/install/my_robot_interfaces/share/ament_index/resource_index/parent_prefix_path/my_robot_interfaces
[0.957s] -- Up-to-date: /home/adi/eyrc_hb/hb_task_2_ws/install/my_robot_interfaces/share/my_robot_interfaces/environment/ament_prefix_path.sh
[0.957s] -- Up-to-date: /home/adi/eyrc_hb/hb_task_2_ws/install/my_robot_interfaces/share/my_robot_interfaces/environment/ament_prefix_path.dsv
[0.957s] -- Up-to-date: /home/adi/eyrc_hb/hb_task_2_ws/install/my_robot_interfaces/share/my_robot_interfaces/environment/path.sh
[0.957s] -- Up-to-date: /home/adi/eyrc_hb/hb_task_2_ws/install/my_robot_interfaces/share/my_robot_interfaces/environment/path.dsv
[0.957s] -- Up-to-date: /home/adi/eyrc_hb/hb_task_2_ws/install/my_robot_interfaces/share/my_robot_interfaces/local_setup.bash
[0.958s] -- Up-to-date: /home/adi/eyrc_hb/hb_task_2_ws/install/my_robot_interfaces/share/my_robot_interfaces/local_setup.sh
[0.958s] -- Up-to-date: /home/adi/eyrc_hb/hb_task_2_ws/install/my_robot_interfaces/share/my_robot_interfaces/local_setup.zsh
[0.958s] -- Up-to-date: /home/adi/eyrc_hb/hb_task_2_ws/install/my_robot_interfaces/share/my_robot_interfaces/local_setup.dsv
[0.958s] -- Installing: /home/adi/eyrc_hb/hb_task_2_ws/install/my_robot_interfaces/share/my_robot_interfaces/package.dsv
[0.958s] -- Up-to-date: /home/adi/eyrc_hb/hb_task_2_ws/install/my_robot_interfaces/share/ament_index/resource_index/packages/my_robot_interfaces
[0.958s] -- Up-to-date: /home/adi/eyrc_hb/hb_task_2_ws/install/my_robot_interfaces/share/my_robot_interfaces/cmake/export_my_robot_interfaces__rosidl_generator_cExport.cmake
[0.958s] -- Up-to-date: /home/adi/eyrc_hb/hb_task_2_ws/install/my_robot_interfaces/share/my_robot_interfaces/cmake/export_my_robot_interfaces__rosidl_generator_cExport-noconfig.cmake
[0.958s] -- Up-to-date: /home/adi/eyrc_hb/hb_task_2_ws/install/my_robot_interfaces/share/my_robot_interfaces/cmake/export_my_robot_interfaces__rosidl_typesupport_fastrtps_cExport.cmake
[0.959s] -- Up-to-date: /home/adi/eyrc_hb/hb_task_2_ws/install/my_robot_interfaces/share/my_robot_interfaces/cmake/export_my_robot_interfaces__rosidl_typesupport_fastrtps_cExport-noconfig.cmake
[0.959s] -- Up-to-date: /home/adi/eyrc_hb/hb_task_2_ws/install/my_robot_interfaces/share/my_robot_interfaces/cmake/my_robot_interfaces__rosidl_typesupport_introspection_cExport.cmake
[0.959s] -- Up-to-date: /home/adi/eyrc_hb/hb_task_2_ws/install/my_robot_interfaces/share/my_robot_interfaces/cmake/my_robot_interfaces__rosidl_typesupport_introspection_cExport-noconfig.cmake
[0.959s] -- Up-to-date: /home/adi/eyrc_hb/hb_task_2_ws/install/my_robot_interfaces/share/my_robot_interfaces/cmake/my_robot_interfaces__rosidl_typesupport_cExport.cmake
[0.959s] -- Up-to-date: /home/adi/eyrc_hb/hb_task_2_ws/install/my_robot_interfaces/share/my_robot_interfaces/cmake/my_robot_interfaces__rosidl_typesupport_cExport-noconfig.cmake
[0.959s] -- Up-to-date: /home/adi/eyrc_hb/hb_task_2_ws/install/my_robot_interfaces/share/my_robot_interfaces/cmake/export_my_robot_interfaces__rosidl_generator_cppExport.cmake
[0.960s] -- Up-to-date: /home/adi/eyrc_hb/hb_task_2_ws/install/my_robot_interfaces/share/my_robot_interfaces/cmake/export_my_robot_interfaces__rosidl_typesupport_fastrtps_cppExport.cmake
[0.960s] -- Up-to-date: /home/adi/eyrc_hb/hb_task_2_ws/install/my_robot_interfaces/share/my_robot_interfaces/cmake/export_my_robot_interfaces__rosidl_typesupport_fastrtps_cppExport-noconfig.cmake
[0.961s] -- Up-to-date: /home/adi/eyrc_hb/hb_task_2_ws/install/my_robot_interfaces/share/my_robot_interfaces/cmake/my_robot_interfaces__rosidl_typesupport_introspection_cppExport.cmake
[0.961s] -- Up-to-date: /home/adi/eyrc_hb/hb_task_2_ws/install/my_robot_interfaces/share/my_robot_interfaces/cmake/my_robot_interfaces__rosidl_typesupport_introspection_cppExport-noconfig.cmake
[0.961s] -- Up-to-date: /home/adi/eyrc_hb/hb_task_2_ws/install/my_robot_interfaces/share/my_robot_interfaces/cmake/my_robot_interfaces__rosidl_typesupport_cppExport.cmake
[0.961s] -- Up-to-date: /home/adi/eyrc_hb/hb_task_2_ws/install/my_robot_interfaces/share/my_robot_interfaces/cmake/my_robot_interfaces__rosidl_typesupport_cppExport-noconfig.cmake
[0.962s] -- Up-to-date: /home/adi/eyrc_hb/hb_task_2_ws/install/my_robot_interfaces/share/my_robot_interfaces/cmake/export_my_robot_interfaces__rosidl_generator_pyExport.cmake
[0.962s] -- Up-to-date: /home/adi/eyrc_hb/hb_task_2_ws/install/my_robot_interfaces/share/my_robot_interfaces/cmake/export_my_robot_interfaces__rosidl_generator_pyExport-noconfig.cmake
[0.962s] -- Up-to-date: /home/adi/eyrc_hb/hb_task_2_ws/install/my_robot_interfaces/share/my_robot_interfaces/cmake/rosidl_cmake-extras.cmake
[0.962s] -- Up-to-date: /home/adi/eyrc_hb/hb_task_2_ws/install/my_robot_interfaces/share/my_robot_interfaces/cmake/ament_cmake_export_include_directories-extras.cmake
[0.963s] -- Up-to-date: /home/adi/eyrc_hb/hb_task_2_ws/install/my_robot_interfaces/share/my_robot_interfaces/cmake/ament_cmake_export_libraries-extras.cmake
[0.963s] -- Up-to-date: /home/adi/eyrc_hb/hb_task_2_ws/install/my_robot_interfaces/share/my_robot_interfaces/cmake/ament_cmake_export_targets-extras.cmake
[0.963s] -- Up-to-date: /home/adi/eyrc_hb/hb_task_2_ws/install/my_robot_interfaces/share/my_robot_interfaces/cmake/rosidl_cmake_export_typesupport_targets-extras.cmake
[0.964s] -- Up-to-date: /home/adi/eyrc_hb/hb_task_2_ws/install/my_robot_interfaces/share/my_robot_interfaces/cmake/ament_cmake_export_dependencies-extras.cmake
[0.964s] -- Up-to-date: /home/adi/eyrc_hb/hb_task_2_ws/install/my_robot_interfaces/share/my_robot_interfaces/cmake/rosidl_cmake_export_typesupport_libraries-extras.cmake
[0.964s] -- Up-to-date: /home/adi/eyrc_hb/hb_task_2_ws/install/my_robot_interfaces/share/my_robot_interfaces/cmake/my_robot_interfacesConfig.cmake
[0.964s] -- Up-to-date: /home/adi/eyrc_hb/hb_task_2_ws/install/my_robot_interfaces/share/my_robot_interfaces/cmake/my_robot_interfacesConfig-version.cmake
[0.965s] -- Up-to-date: /home/adi/eyrc_hb/hb_task_2_ws/install/my_robot_interfaces/share/my_robot_interfaces/package.xml
[0.965s] Invoked command in '/home/adi/eyrc_hb/hb_task_2_ws/build/my_robot_interfaces' returned '0': CMAKE_PREFIX_PATH=${CMAKE_PREFIX_PATH}:/home/adi/eyrc_hb/hb_task_2_ws/install/hb_task2a:/opt/ros/humble /usr/bin/cmake --install /home/adi/eyrc_hb/hb_task_2_ws/build/my_robot_interfaces
