[1.515s] DEBUG:colcon:Command line arguments: ['/usr/bin/colcon', 'build']
[1.515s] DEBUG:colcon:Parsed command line arguments: Namespace(log_base=None, log_level=None, verb_name='build', build_base='build', install_base='install', merge_install=False, symlink_install=False, test_result_base=None, continue_on_error=False, executor='parallel', parallel_workers=8, event_handlers=None, ignore_user_meta=False, metas=['./colcon.meta'], base_paths=['.'], packages_ignore=None, packages_ignore_regex=None, paths=None, packages_up_to=None, packages_up_to_regex=None, packages_above=None, packages_above_and_dependencies=None, packages_above_depth=None, packages_select_by_dep=None, packages_skip_by_dep=None, packages_skip_up_to=None, packages_select_build_failed=False, packages_skip_build_finished=False, packages_select_test_failures=False, packages_skip_test_passed=False, packages_select=None, packages_skip=None, packages_select_regex=None, packages_skip_regex=None, packages_start=None, packages_end=None, allow_overriding=[], cmake_args=None, cmake_target=None, cmake_target_skip_unavailable=False, cmake_clean_cache=False, cmake_clean_first=False, cmake_force_configure=False, ament_cmake_args=None, catkin_cmake_args=None, catkin_skip_building_tests=False, verb_parser=<colcon_defaults.argument_parser.defaults.DefaultArgumentsDecorator object at 0x7fd0640df910>, verb_extension=<colcon_core.verb.build.BuildVerb object at 0x7fd0640deb00>, main=<bound method BuildVerb.main of <colcon_core.verb.build.BuildVerb object at 0x7fd0640deb00>>)
[1.577s] Level 1:colcon.colcon_core.package_discovery:discover_packages(colcon_meta) check parameters
[1.578s] Level 1:colcon.colcon_core.package_discovery:discover_packages(recursive) check parameters
[1.578s] Level 1:colcon.colcon_core.package_discovery:discover_packages(ignore) check parameters
[1.578s] Level 1:colcon.colcon_core.package_discovery:discover_packages(path) check parameters
[1.578s] Level 1:colcon.colcon_core.package_discovery:discover_packages(colcon_meta) discover
[1.578s] Level 1:colcon.colcon_core.package_discovery:discover_packages(recursive) discover
[1.578s] INFO:colcon.colcon_core.package_discovery:Crawling recursively for packages in '/home/adi/eyrc_hb/hb_task_2_ws'
[1.578s] Level 1:colcon.colcon_core.package_identification:_identify(.) by extensions ['ignore', 'ignore_ament_install']
[1.578s] Level 1:colcon.colcon_core.package_identification:_identify(.) by extension 'ignore'
[1.578s] Level 1:colcon.colcon_core.package_identification:_identify(.) by extension 'ignore_ament_install'
[1.578s] Level 1:colcon.colcon_core.package_identification:_identify(.) by extensions ['colcon_pkg']
[1.578s] Level 1:colcon.colcon_core.package_identification:_identify(.) by extension 'colcon_pkg'
[1.578s] Level 1:colcon.colcon_core.package_identification:_identify(.) by extensions ['colcon_meta']
[1.578s] Level 1:colcon.colcon_core.package_identification:_identify(.) by extension 'colcon_meta'
[1.578s] Level 1:colcon.colcon_core.package_identification:_identify(.) by extensions ['ros']
[1.578s] Level 1:colcon.colcon_core.package_identification:_identify(.) by extension 'ros'
[1.590s] Level 1:colcon.colcon_core.package_identification:_identify(.) by extensions ['cmake', 'python']
[1.590s] Level 1:colcon.colcon_core.package_identification:_identify(.) by extension 'cmake'
[1.590s] Level 1:colcon.colcon_core.package_identification:_identify(.) by extension 'python'
[1.590s] Level 1:colcon.colcon_core.package_identification:_identify(.) by extensions ['python_setup_py']
[1.590s] Level 1:colcon.colcon_core.package_identification:_identify(.) by extension 'python_setup_py'
[1.590s] Level 1:colcon.colcon_core.package_identification:_identify(build) by extensions ['ignore', 'ignore_ament_install']
[1.590s] Level 1:colcon.colcon_core.package_identification:_identify(build) by extension 'ignore'
[1.590s] Level 1:colcon.colcon_core.package_identification:_identify(build) ignored
[1.590s] Level 1:colcon.colcon_core.package_identification:_identify(install) by extensions ['ignore', 'ignore_ament_install']
[1.590s] Level 1:colcon.colcon_core.package_identification:_identify(install) by extension 'ignore'
[1.590s] Level 1:colcon.colcon_core.package_identification:_identify(install) ignored
[1.591s] Level 1:colcon.colcon_core.package_identification:_identify(log) by extensions ['ignore', 'ignore_ament_install']
[1.591s] Level 1:colcon.colcon_core.package_identification:_identify(log) by extension 'ignore'
[1.591s] Level 1:colcon.colcon_core.package_identification:_identify(log) ignored
[1.591s] Level 1:colcon.colcon_core.package_identification:_identify(src) by extensions ['ignore', 'ignore_ament_install']
[1.591s] Level 1:colcon.colcon_core.package_identification:_identify(src) by extension 'ignore'
[1.591s] Level 1:colcon.colcon_core.package_identification:_identify(src) by extension 'ignore_ament_install'
[1.591s] Level 1:colcon.colcon_core.package_identification:_identify(src) by extensions ['colcon_pkg']
[1.591s] Level 1:colcon.colcon_core.package_identification:_identify(src) by extension 'colcon_pkg'
[1.591s] Level 1:colcon.colcon_core.package_identification:_identify(src) by extensions ['colcon_meta']
[1.591s] Level 1:colcon.colcon_core.package_identification:_identify(src) by extension 'colcon_meta'
[1.591s] Level 1:colcon.colcon_core.package_identification:_identify(src) by extensions ['ros']
[1.591s] Level 1:colcon.colcon_core.package_identification:_identify(src) by extension 'ros'
[1.591s] Level 1:colcon.colcon_core.package_identification:_identify(src) by extensions ['cmake', 'python']
[1.591s] Level 1:colcon.colcon_core.package_identification:_identify(src) by extension 'cmake'
[1.591s] Level 1:colcon.colcon_core.package_identification:_identify(src) by extension 'python'
[1.591s] Level 1:colcon.colcon_core.package_identification:_identify(src) by extensions ['python_setup_py']
[1.591s] Level 1:colcon.colcon_core.package_identification:_identify(src) by extension 'python_setup_py'
[1.591s] Level 1:colcon.colcon_core.package_identification:_identify(src/eYRC-2023_Hologlyph_Bots) by extensions ['ignore', 'ignore_ament_install']
[1.591s] Level 1:colcon.colcon_core.package_identification:_identify(src/eYRC-2023_Hologlyph_Bots) by extension 'ignore'
[1.591s] Level 1:colcon.colcon_core.package_identification:_identify(src/eYRC-2023_Hologlyph_Bots) by extension 'ignore_ament_install'
[1.592s] Level 1:colcon.colcon_core.package_identification:_identify(src/eYRC-2023_Hologlyph_Bots) by extensions ['colcon_pkg']
[1.592s] Level 1:colcon.colcon_core.package_identification:_identify(src/eYRC-2023_Hologlyph_Bots) by extension 'colcon_pkg'
[1.592s] Level 1:colcon.colcon_core.package_identification:_identify(src/eYRC-2023_Hologlyph_Bots) by extensions ['colcon_meta']
[1.592s] Level 1:colcon.colcon_core.package_identification:_identify(src/eYRC-2023_Hologlyph_Bots) by extension 'colcon_meta'
[1.592s] Level 1:colcon.colcon_core.package_identification:_identify(src/eYRC-2023_Hologlyph_Bots) by extensions ['ros']
[1.592s] Level 1:colcon.colcon_core.package_identification:_identify(src/eYRC-2023_Hologlyph_Bots) by extension 'ros'
[1.592s] Level 1:colcon.colcon_core.package_identification:_identify(src/eYRC-2023_Hologlyph_Bots) by extensions ['cmake', 'python']
[1.592s] Level 1:colcon.colcon_core.package_identification:_identify(src/eYRC-2023_Hologlyph_Bots) by extension 'cmake'
[1.592s] Level 1:colcon.colcon_core.package_identification:_identify(src/eYRC-2023_Hologlyph_Bots) by extension 'python'
[1.592s] Level 1:colcon.colcon_core.package_identification:_identify(src/eYRC-2023_Hologlyph_Bots) by extensions ['python_setup_py']
[1.592s] Level 1:colcon.colcon_core.package_identification:_identify(src/eYRC-2023_Hologlyph_Bots) by extension 'python_setup_py'
[1.592s] Level 1:colcon.colcon_core.package_identification:_identify(src/eYRC-2023_Hologlyph_Bots/hb_bot) by extensions ['ignore', 'ignore_ament_install']
[1.592s] Level 1:colcon.colcon_core.package_identification:_identify(src/eYRC-2023_Hologlyph_Bots/hb_bot) by extension 'ignore'
[1.592s] Level 1:colcon.colcon_core.package_identification:_identify(src/eYRC-2023_Hologlyph_Bots/hb_bot) by extension 'ignore_ament_install'
[1.592s] Level 1:colcon.colcon_core.package_identification:_identify(src/eYRC-2023_Hologlyph_Bots/hb_bot) by extensions ['colcon_pkg']
[1.592s] Level 1:colcon.colcon_core.package_identification:_identify(src/eYRC-2023_Hologlyph_Bots/hb_bot) by extension 'colcon_pkg'
[1.592s] Level 1:colcon.colcon_core.package_identification:_identify(src/eYRC-2023_Hologlyph_Bots/hb_bot) by extensions ['colcon_meta']
[1.592s] Level 1:colcon.colcon_core.package_identification:_identify(src/eYRC-2023_Hologlyph_Bots/hb_bot) by extension 'colcon_meta'
[1.593s] Level 1:colcon.colcon_core.package_identification:_identify(src/eYRC-2023_Hologlyph_Bots/hb_bot) by extensions ['ros']
[1.593s] Level 1:colcon.colcon_core.package_identification:_identify(src/eYRC-2023_Hologlyph_Bots/hb_bot) by extension 'ros'
[1.595s] DEBUG:colcon.colcon_core.package_identification:Package 'src/eYRC-2023_Hologlyph_Bots/hb_bot' with type 'ros.ament_cmake' and name 'hb_bot'
[1.595s] Level 1:colcon.colcon_core.package_identification:_identify(src/eYRC-2023_Hologlyph_Bots/hb_task2a) by extensions ['ignore', 'ignore_ament_install']
[1.595s] Level 1:colcon.colcon_core.package_identification:_identify(src/eYRC-2023_Hologlyph_Bots/hb_task2a) by extension 'ignore'
[1.595s] Level 1:colcon.colcon_core.package_identification:_identify(src/eYRC-2023_Hologlyph_Bots/hb_task2a) by extension 'ignore_ament_install'
[1.595s] Level 1:colcon.colcon_core.package_identification:_identify(src/eYRC-2023_Hologlyph_Bots/hb_task2a) by extensions ['colcon_pkg']
[1.595s] Level 1:colcon.colcon_core.package_identification:_identify(src/eYRC-2023_Hologlyph_Bots/hb_task2a) by extension 'colcon_pkg'
[1.595s] Level 1:colcon.colcon_core.package_identification:_identify(src/eYRC-2023_Hologlyph_Bots/hb_task2a) by extensions ['colcon_meta']
[1.595s] Level 1:colcon.colcon_core.package_identification:_identify(src/eYRC-2023_Hologlyph_Bots/hb_task2a) by extension 'colcon_meta'
[1.596s] Level 1:colcon.colcon_core.package_identification:_identify(src/eYRC-2023_Hologlyph_Bots/hb_task2a) by extensions ['ros']
[1.596s] Level 1:colcon.colcon_core.package_identification:_identify(src/eYRC-2023_Hologlyph_Bots/hb_task2a) by extension 'ros'
[1.596s] DEBUG:colcon.colcon_core.package_identification:Package 'src/eYRC-2023_Hologlyph_Bots/hb_task2a' with type 'ros.ament_python' and name 'hb_task2a'
[1.596s] Level 1:colcon.colcon_core.package_identification:_identify(src/eYRC-2023_Hologlyph_Bots/hb_world) by extensions ['ignore', 'ignore_ament_install']
[1.596s] Level 1:colcon.colcon_core.package_identification:_identify(src/eYRC-2023_Hologlyph_Bots/hb_world) by extension 'ignore'
[1.596s] Level 1:colcon.colcon_core.package_identification:_identify(src/eYRC-2023_Hologlyph_Bots/hb_world) by extension 'ignore_ament_install'
[1.597s] Level 1:colcon.colcon_core.package_identification:_identify(src/eYRC-2023_Hologlyph_Bots/hb_world) by extensions ['colcon_pkg']
[1.597s] Level 1:colcon.colcon_core.package_identification:_identify(src/eYRC-2023_Hologlyph_Bots/hb_world) by extension 'colcon_pkg'
[1.597s] Level 1:colcon.colcon_core.package_identification:_identify(src/eYRC-2023_Hologlyph_Bots/hb_world) by extensions ['colcon_meta']
[1.597s] Level 1:colcon.colcon_core.package_identification:_identify(src/eYRC-2023_Hologlyph_Bots/hb_world) by extension 'colcon_meta'
[1.597s] Level 1:colcon.colcon_core.package_identification:_identify(src/eYRC-2023_Hologlyph_Bots/hb_world) by extensions ['ros']
[1.597s] Level 1:colcon.colcon_core.package_identification:_identify(src/eYRC-2023_Hologlyph_Bots/hb_world) by extension 'ros'
[1.597s] DEBUG:colcon.colcon_core.package_identification:Package 'src/eYRC-2023_Hologlyph_Bots/hb_world' with type 'ros.ament_cmake' and name 'hb_world'
[1.597s] Level 1:colcon.colcon_core.package_identification:_identify(src/eYRC-2023_Hologlyph_Bots/my_robot_interfaces) by extensions ['ignore', 'ignore_ament_install']
[1.597s] Level 1:colcon.colcon_core.package_identification:_identify(src/eYRC-2023_Hologlyph_Bots/my_robot_interfaces) by extension 'ignore'
[1.598s] Level 1:colcon.colcon_core.package_identification:_identify(src/eYRC-2023_Hologlyph_Bots/my_robot_interfaces) by extension 'ignore_ament_install'
[1.598s] Level 1:colcon.colcon_core.package_identification:_identify(src/eYRC-2023_Hologlyph_Bots/my_robot_interfaces) by extensions ['colcon_pkg']
[1.598s] Level 1:colcon.colcon_core.package_identification:_identify(src/eYRC-2023_Hologlyph_Bots/my_robot_interfaces) by extension 'colcon_pkg'
[1.598s] Level 1:colcon.colcon_core.package_identification:_identify(src/eYRC-2023_Hologlyph_Bots/my_robot_interfaces) by extensions ['colcon_meta']
[1.598s] Level 1:colcon.colcon_core.package_identification:_identify(src/eYRC-2023_Hologlyph_Bots/my_robot_interfaces) by extension 'colcon_meta'
[1.598s] Level 1:colcon.colcon_core.package_identification:_identify(src/eYRC-2023_Hologlyph_Bots/my_robot_interfaces) by extensions ['ros']
[1.598s] Level 1:colcon.colcon_core.package_identification:_identify(src/eYRC-2023_Hologlyph_Bots/my_robot_interfaces) by extension 'ros'
[1.598s] DEBUG:colcon.colcon_core.package_identification:Package 'src/eYRC-2023_Hologlyph_Bots/my_robot_interfaces' with type 'ros.ament_cmake' and name 'my_robot_interfaces'
[1.598s] Level 1:colcon.colcon_core.package_discovery:discover_packages(recursive) using defaults
[1.598s] Level 1:colcon.colcon_core.package_discovery:discover_packages(ignore) discover
[1.598s] Level 1:colcon.colcon_core.package_discovery:discover_packages(ignore) using defaults
[1.598s] Level 1:colcon.colcon_core.package_discovery:discover_packages(path) discover
[1.598s] Level 1:colcon.colcon_core.package_discovery:discover_packages(path) using defaults
[1.741s] Level 1:colcon.colcon_core.package_discovery:discover_packages(prefix_path) check parameters
[1.741s] Level 1:colcon.colcon_core.package_discovery:discover_packages(prefix_path) discover
[1.785s] DEBUG:colcon.colcon_installed_package_information.package_discovery:Found 4 installed packages in /home/adi/eyrc_hb/hb_task_2_ws/install
[1.809s] DEBUG:colcon.colcon_installed_package_information.package_discovery:Found 294 installed packages in /opt/ros/humble
[1.810s] Level 1:colcon.colcon_core.package_discovery:discover_packages(prefix_path) using defaults
[1.941s] Level 5:colcon.colcon_core.verb:set package 'hb_bot' build argument 'cmake_args' from command line to 'None'
[1.941s] Level 5:colcon.colcon_core.verb:set package 'hb_bot' build argument 'cmake_target' from command line to 'None'
[1.941s] Level 5:colcon.colcon_core.verb:set package 'hb_bot' build argument 'cmake_target_skip_unavailable' from command line to 'False'
[1.941s] Level 5:colcon.colcon_core.verb:set package 'hb_bot' build argument 'cmake_clean_cache' from command line to 'False'
[1.941s] Level 5:colcon.colcon_core.verb:set package 'hb_bot' build argument 'cmake_clean_first' from command line to 'False'
[1.941s] Level 5:colcon.colcon_core.verb:set package 'hb_bot' build argument 'cmake_force_configure' from command line to 'False'
[1.941s] Level 5:colcon.colcon_core.verb:set package 'hb_bot' build argument 'ament_cmake_args' from command line to 'None'
[1.941s] Level 5:colcon.colcon_core.verb:set package 'hb_bot' build argument 'catkin_cmake_args' from command line to 'None'
[1.941s] Level 5:colcon.colcon_core.verb:set package 'hb_bot' build argument 'catkin_skip_building_tests' from command line to 'False'
[1.941s] DEBUG:colcon.colcon_core.verb:Building package 'hb_bot' with the following arguments: {'ament_cmake_args': None, 'build_base': '/home/adi/eyrc_hb/hb_task_2_ws/build/hb_bot', 'catkin_cmake_args': None, 'catkin_skip_building_tests': False, 'cmake_args': None, 'cmake_clean_cache': False, 'cmake_clean_first': False, 'cmake_force_configure': False, 'cmake_target': None, 'cmake_target_skip_unavailable': False, 'install_base': '/home/adi/eyrc_hb/hb_task_2_ws/install/hb_bot', 'merge_install': False, 'path': '/home/adi/eyrc_hb/hb_task_2_ws/src/eYRC-2023_Hologlyph_Bots/hb_bot', 'symlink_install': False, 'test_result_base': None}
[1.961s] Level 5:colcon.colcon_core.verb:set package 'hb_task2a' build argument 'cmake_args' from command line to 'None'
[1.961s] Level 5:colcon.colcon_core.verb:set package 'hb_task2a' build argument 'cmake_target' from command line to 'None'
[1.961s] Level 5:colcon.colcon_core.verb:set package 'hb_task2a' build argument 'cmake_target_skip_unavailable' from command line to 'False'
[1.961s] Level 5:colcon.colcon_core.verb:set package 'hb_task2a' build argument 'cmake_clean_cache' from command line to 'False'
[1.961s] Level 5:colcon.colcon_core.verb:set package 'hb_task2a' build argument 'cmake_clean_first' from command line to 'False'
[1.961s] Level 5:colcon.colcon_core.verb:set package 'hb_task2a' build argument 'cmake_force_configure' from command line to 'False'
[1.961s] Level 5:colcon.colcon_core.verb:set package 'hb_task2a' build argument 'ament_cmake_args' from command line to 'None'
[1.961s] Level 5:colcon.colcon_core.verb:set package 'hb_task2a' build argument 'catkin_cmake_args' from command line to 'None'
[1.961s] Level 5:colcon.colcon_core.verb:set package 'hb_task2a' build argument 'catkin_skip_building_tests' from command line to 'False'
[1.961s] DEBUG:colcon.colcon_core.verb:Building package 'hb_task2a' with the following arguments: {'ament_cmake_args': None, 'build_base': '/home/adi/eyrc_hb/hb_task_2_ws/build/hb_task2a', 'catkin_cmake_args': None, 'catkin_skip_building_tests': False, 'cmake_args': None, 'cmake_clean_cache': False, 'cmake_clean_first': False, 'cmake_force_configure': False, 'cmake_target': None, 'cmake_target_skip_unavailable': False, 'install_base': '/home/adi/eyrc_hb/hb_task_2_ws/install/hb_task2a', 'merge_install': False, 'path': '/home/adi/eyrc_hb/hb_task_2_ws/src/eYRC-2023_Hologlyph_Bots/hb_task2a', 'symlink_install': False, 'test_result_base': None}
[1.984s] Level 5:colcon.colcon_core.verb:set package 'hb_world' build argument 'cmake_args' from command line to 'None'
[1.984s] Level 5:colcon.colcon_core.verb:set package 'hb_world' build argument 'cmake_target' from command line to 'None'
[1.984s] Level 5:colcon.colcon_core.verb:set package 'hb_world' build argument 'cmake_target_skip_unavailable' from command line to 'False'
[1.984s] Level 5:colcon.colcon_core.verb:set package 'hb_world' build argument 'cmake_clean_cache' from command line to 'False'
[1.984s] Level 5:colcon.colcon_core.verb:set package 'hb_world' build argument 'cmake_clean_first' from command line to 'False'
[1.984s] Level 5:colcon.colcon_core.verb:set package 'hb_world' build argument 'cmake_force_configure' from command line to 'False'
[1.984s] Level 5:colcon.colcon_core.verb:set package 'hb_world' build argument 'ament_cmake_args' from command line to 'None'
[1.984s] Level 5:colcon.colcon_core.verb:set package 'hb_world' build argument 'catkin_cmake_args' from command line to 'None'
[1.984s] Level 5:colcon.colcon_core.verb:set package 'hb_world' build argument 'catkin_skip_building_tests' from command line to 'False'
[1.984s] DEBUG:colcon.colcon_core.verb:Building package 'hb_world' with the following arguments: {'ament_cmake_args': None, 'build_base': '/home/adi/eyrc_hb/hb_task_2_ws/build/hb_world', 'catkin_cmake_args': None, 'catkin_skip_building_tests': False, 'cmake_args': None, 'cmake_clean_cache': False, 'cmake_clean_first': False, 'cmake_force_configure': False, 'cmake_target': None, 'cmake_target_skip_unavailable': False, 'install_base': '/home/adi/eyrc_hb/hb_task_2_ws/install/hb_world', 'merge_install': False, 'path': '/home/adi/eyrc_hb/hb_task_2_ws/src/eYRC-2023_Hologlyph_Bots/hb_world', 'symlink_install': False, 'test_result_base': None}
[2.006s] Level 5:colcon.colcon_core.verb:set package 'my_robot_interfaces' build argument 'cmake_args' from command line to 'None'
[2.006s] Level 5:colcon.colcon_core.verb:set package 'my_robot_interfaces' build argument 'cmake_target' from command line to 'None'
[2.006s] Level 5:colcon.colcon_core.verb:set package 'my_robot_interfaces' build argument 'cmake_target_skip_unavailable' from command line to 'False'
[2.006s] Level 5:colcon.colcon_core.verb:set package 'my_robot_interfaces' build argument 'cmake_clean_cache' from command line to 'False'
[2.006s] Level 5:colcon.colcon_core.verb:set package 'my_robot_interfaces' build argument 'cmake_clean_first' from command line to 'False'
[2.007s] Level 5:colcon.colcon_core.verb:set package 'my_robot_interfaces' build argument 'cmake_force_configure' from command line to 'False'
[2.007s] Level 5:colcon.colcon_core.verb:set package 'my_robot_interfaces' build argument 'ament_cmake_args' from command line to 'None'
[2.007s] Level 5:colcon.colcon_core.verb:set package 'my_robot_interfaces' build argument 'catkin_cmake_args' from command line to 'None'
[2.007s] Level 5:colcon.colcon_core.verb:set package 'my_robot_interfaces' build argument 'catkin_skip_building_tests' from command line to 'False'
[2.007s] DEBUG:colcon.colcon_core.verb:Building package 'my_robot_interfaces' with the following arguments: {'ament_cmake_args': None, 'build_base': '/home/adi/eyrc_hb/hb_task_2_ws/build/my_robot_interfaces', 'catkin_cmake_args': None, 'catkin_skip_building_tests': False, 'cmake_args': None, 'cmake_clean_cache': False, 'cmake_clean_first': False, 'cmake_force_configure': False, 'cmake_target': None, 'cmake_target_skip_unavailable': False, 'install_base': '/home/adi/eyrc_hb/hb_task_2_ws/install/my_robot_interfaces', 'merge_install': False, 'path': '/home/adi/eyrc_hb/hb_task_2_ws/src/eYRC-2023_Hologlyph_Bots/my_robot_interfaces', 'symlink_install': False, 'test_result_base': None}
[2.028s] INFO:colcon.colcon_core.executor:Executing jobs using 'parallel' executor
[2.052s] DEBUG:colcon.colcon_parallel_executor.executor.parallel:run_until_complete
[2.053s] INFO:colcon.colcon_ros.task.ament_cmake.build:Building ROS package in '/home/adi/eyrc_hb/hb_task_2_ws/src/eYRC-2023_Hologlyph_Bots/hb_bot' with build type 'ament_cmake'
[2.053s] INFO:colcon.colcon_cmake.task.cmake.build:Building CMake package in '/home/adi/eyrc_hb/hb_task_2_ws/src/eYRC-2023_Hologlyph_Bots/hb_bot'
[2.079s] INFO:colcon.colcon_core.plugin_system:Skipping extension 'colcon_core.shell.bat': Not used on non-Windows systems
[2.079s] INFO:colcon.colcon_core.shell:Skip shell extension 'powershell' for command environment: Not usable outside of PowerShell
[2.079s] DEBUG:colcon.colcon_core.shell:Skip shell extension 'dsv' for command environment
[2.150s] INFO:colcon.colcon_ros.task.ament_python.build:Building ROS package in '/home/adi/eyrc_hb/hb_task_2_ws/src/eYRC-2023_Hologlyph_Bots/hb_task2a' with build type 'ament_python'
[2.151s] Level 1:colcon.colcon_core.shell:create_environment_hook('hb_task2a', 'ament_prefix_path')
[2.178s] INFO:colcon.colcon_core.shell:Creating environment hook '/home/adi/eyrc_hb/hb_task_2_ws/install/hb_task2a/share/hb_task2a/hook/ament_prefix_path.ps1'
[2.179s] INFO:colcon.colcon_core.shell:Creating environment descriptor '/home/adi/eyrc_hb/hb_task_2_ws/install/hb_task2a/share/hb_task2a/hook/ament_prefix_path.dsv'
[2.179s] INFO:colcon.colcon_core.shell:Creating environment hook '/home/adi/eyrc_hb/hb_task_2_ws/install/hb_task2a/share/hb_task2a/hook/ament_prefix_path.sh'
[2.204s] INFO:colcon.colcon_core.shell:Skip shell extension 'powershell' for command environment: Not usable outside of PowerShell
[2.204s] DEBUG:colcon.colcon_core.shell:Skip shell extension 'dsv' for command environment
[2.276s] INFO:colcon.colcon_ros.task.ament_cmake.build:Building ROS package in '/home/adi/eyrc_hb/hb_task_2_ws/src/eYRC-2023_Hologlyph_Bots/hb_world' with build type 'ament_cmake'
[2.277s] INFO:colcon.colcon_cmake.task.cmake.build:Building CMake package in '/home/adi/eyrc_hb/hb_task_2_ws/src/eYRC-2023_Hologlyph_Bots/hb_world'
[2.300s] INFO:colcon.colcon_core.shell:Skip shell extension 'powershell' for command environment: Not usable outside of PowerShell
[2.300s] DEBUG:colcon.colcon_core.shell:Skip shell extension 'dsv' for command environment
[2.375s] INFO:colcon.colcon_ros.task.ament_cmake.build:Building ROS package in '/home/adi/eyrc_hb/hb_task_2_ws/src/eYRC-2023_Hologlyph_Bots/my_robot_interfaces' with build type 'ament_cmake'
[2.376s] INFO:colcon.colcon_cmake.task.cmake.build:Building CMake package in '/home/adi/eyrc_hb/hb_task_2_ws/src/eYRC-2023_Hologlyph_Bots/my_robot_interfaces'
[2.401s] INFO:colcon.colcon_core.shell:Skip shell extension 'powershell' for command environment: Not usable outside of PowerShell
[2.401s] DEBUG:colcon.colcon_core.shell:Skip shell extension 'dsv' for command environment
[2.484s] DEBUG:colcon.colcon_core.event_handler.log_command:Invoking command in '/home/adi/eyrc_hb/hb_task_2_ws/build/hb_bot': CMAKE_PREFIX_PATH=${CMAKE_PREFIX_PATH}:/home/adi/eyrc_hb/hb_task_2_ws/install/hb_task2a:/opt/ros/humble /usr/bin/cmake --build /home/adi/eyrc_hb/hb_task_2_ws/build/hb_bot -- -j8 -l8
[2.835s] INFO:colcon.colcon_core.task.python.build:Building Python package in '/home/adi/eyrc_hb/hb_task_2_ws/src/eYRC-2023_Hologlyph_Bots/hb_task2a'
[2.859s] INFO:colcon.colcon_core.shell:Skip shell extension 'powershell' for command environment: Not usable outside of PowerShell
[2.859s] DEBUG:colcon.colcon_core.shell:Skip shell extension 'dsv' for command environment
[2.944s] DEBUG:colcon.colcon_core.event_handler.log_command:Invoking command in '/home/adi/eyrc_hb/hb_task_2_ws/build/hb_world': CMAKE_PREFIX_PATH=${CMAKE_PREFIX_PATH}:/home/adi/eyrc_hb/hb_task_2_ws/install/hb_task2a:/opt/ros/humble /usr/bin/cmake --build /home/adi/eyrc_hb/hb_task_2_ws/build/hb_world -- -j8 -l8
[2.950s] DEBUG:colcon.colcon_core.event_handler.log_command:Invoking command in '/home/adi/eyrc_hb/hb_task_2_ws/build/my_robot_interfaces': CMAKE_PREFIX_PATH=${CMAKE_PREFIX_PATH}:/home/adi/eyrc_hb/hb_task_2_ws/install/hb_task2a:/opt/ros/humble /usr/bin/cmake --build /home/adi/eyrc_hb/hb_task_2_ws/build/my_robot_interfaces -- -j8 -l8
[2.951s] DEBUG:colcon.colcon_core.event_handler.log_command:Invoked command in '/home/adi/eyrc_hb/hb_task_2_ws/build/hb_bot' returned '0': CMAKE_PREFIX_PATH=${CMAKE_PREFIX_PATH}:/home/adi/eyrc_hb/hb_task_2_ws/install/hb_task2a:/opt/ros/humble /usr/bin/cmake --build /home/adi/eyrc_hb/hb_task_2_ws/build/hb_bot -- -j8 -l8
[2.991s] DEBUG:colcon.colcon_core.event_handler.log_command:Invoking command in '/home/adi/eyrc_hb/hb_task_2_ws/build/hb_bot': CMAKE_PREFIX_PATH=${CMAKE_PREFIX_PATH}:/home/adi/eyrc_hb/hb_task_2_ws/install/hb_task2a:/opt/ros/humble /usr/bin/cmake --install /home/adi/eyrc_hb/hb_task_2_ws/build/hb_bot
[3.001s] DEBUG:colcon.colcon_core.event_handler.log_command:Invoked command in '/home/adi/eyrc_hb/hb_task_2_ws/build/hb_world' returned '0': CMAKE_PREFIX_PATH=${CMAKE_PREFIX_PATH}:/home/adi/eyrc_hb/hb_task_2_ws/install/hb_task2a:/opt/ros/humble /usr/bin/cmake --build /home/adi/eyrc_hb/hb_task_2_ws/build/hb_world -- -j8 -l8
[3.011s] Level 1:colcon.colcon_core.environment:create_environment_scripts_only(hb_bot)
[3.014s] DEBUG:colcon.colcon_core.event_handler.log_command:Invoked command in '/home/adi/eyrc_hb/hb_task_2_ws/build/hb_bot' returned '0': CMAKE_PREFIX_PATH=${CMAKE_PREFIX_PATH}:/home/adi/eyrc_hb/hb_task_2_ws/install/hb_task2a:/opt/ros/humble /usr/bin/cmake --install /home/adi/eyrc_hb/hb_task_2_ws/build/hb_bot
[3.059s] Level 1:colcon.colcon_core.environment:checking '/home/adi/eyrc_hb/hb_task_2_ws/install/hb_bot' for CMake module files
[3.060s] Level 1:colcon.colcon_core.environment:checking '/home/adi/eyrc_hb/hb_task_2_ws/install/hb_bot' for CMake config files
[3.061s] Level 1:colcon.colcon_core.shell:create_environment_hook('hb_bot', 'cmake_prefix_path')
[3.103s] INFO:colcon.colcon_core.shell:Creating environment hook '/home/adi/eyrc_hb/hb_task_2_ws/install/hb_bot/share/hb_bot/hook/cmake_prefix_path.ps1'
[3.103s] INFO:colcon.colcon_core.shell:Creating environment descriptor '/home/adi/eyrc_hb/hb_task_2_ws/install/hb_bot/share/hb_bot/hook/cmake_prefix_path.dsv'
[3.104s] INFO:colcon.colcon_core.shell:Creating environment hook '/home/adi/eyrc_hb/hb_task_2_ws/install/hb_bot/share/hb_bot/hook/cmake_prefix_path.sh'
[3.104s] Level 1:colcon.colcon_core.environment:checking '/home/adi/eyrc_hb/hb_task_2_ws/install/hb_bot/bin'
[3.104s] Level 1:colcon.colcon_core.environment:checking '/home/adi/eyrc_hb/hb_task_2_ws/install/hb_bot/lib/pkgconfig/hb_bot.pc'
[3.105s] Level 1:colcon.colcon_core.environment:checking '/home/adi/eyrc_hb/hb_task_2_ws/install/hb_bot/lib/python3.10/site-packages'
[3.105s] Level 1:colcon.colcon_core.environment:checking '/home/adi/eyrc_hb/hb_task_2_ws/install/hb_bot/bin'
[3.135s] INFO:colcon.colcon_core.shell:Creating package script '/home/adi/eyrc_hb/hb_task_2_ws/install/hb_bot/share/hb_bot/package.ps1'
[3.136s] INFO:colcon.colcon_core.shell:Creating package descriptor '/home/adi/eyrc_hb/hb_task_2_ws/install/hb_bot/share/hb_bot/package.dsv'
[3.137s] INFO:colcon.colcon_core.shell:Creating package script '/home/adi/eyrc_hb/hb_task_2_ws/install/hb_bot/share/hb_bot/package.sh'
[3.137s] INFO:colcon.colcon_core.shell:Creating package script '/home/adi/eyrc_hb/hb_task_2_ws/install/hb_bot/share/hb_bot/package.bash'
[3.138s] INFO:colcon.colcon_core.shell:Creating package script '/home/adi/eyrc_hb/hb_task_2_ws/install/hb_bot/share/hb_bot/package.zsh'
[3.139s] Level 1:colcon.colcon_core.environment:create_file_with_runtime_dependencies(/home/adi/eyrc_hb/hb_task_2_ws/install/hb_bot/share/colcon-core/packages/hb_bot)
[3.148s] DEBUG:colcon.colcon_core.event_handler.log_command:Invoking command in '/home/adi/eyrc_hb/hb_task_2_ws/build/hb_world': CMAKE_PREFIX_PATH=${CMAKE_PREFIX_PATH}:/home/adi/eyrc_hb/hb_task_2_ws/install/hb_task2a:/opt/ros/humble /usr/bin/cmake --install /home/adi/eyrc_hb/hb_task_2_ws/build/hb_world
[3.163s] Level 1:colcon.colcon_core.environment:create_environment_scripts_only(hb_world)
[3.166s] DEBUG:colcon.colcon_core.event_handler.log_command:Invoked command in '/home/adi/eyrc_hb/hb_task_2_ws/build/hb_world' returned '0': CMAKE_PREFIX_PATH=${CMAKE_PREFIX_PATH}:/home/adi/eyrc_hb/hb_task_2_ws/install/hb_task2a:/opt/ros/humble /usr/bin/cmake --install /home/adi/eyrc_hb/hb_task_2_ws/build/hb_world
[3.206s] Level 1:colcon.colcon_core.environment:checking '/home/adi/eyrc_hb/hb_task_2_ws/install/hb_world' for CMake module files
[3.207s] Level 1:colcon.colcon_core.environment:checking '/home/adi/eyrc_hb/hb_task_2_ws/install/hb_world' for CMake config files
[3.207s] Level 1:colcon.colcon_core.shell:create_environment_hook('hb_world', 'cmake_prefix_path')
[3.236s] INFO:colcon.colcon_core.shell:Creating environment hook '/home/adi/eyrc_hb/hb_task_2_ws/install/hb_world/share/hb_world/hook/cmake_prefix_path.ps1'
[3.237s] INFO:colcon.colcon_core.shell:Creating environment descriptor '/home/adi/eyrc_hb/hb_task_2_ws/install/hb_world/share/hb_world/hook/cmake_prefix_path.dsv'
[3.237s] INFO:colcon.colcon_core.shell:Creating environment hook '/home/adi/eyrc_hb/hb_task_2_ws/install/hb_world/share/hb_world/hook/cmake_prefix_path.sh'
[3.237s] Level 1:colcon.colcon_core.environment:checking '/home/adi/eyrc_hb/hb_task_2_ws/install/hb_world/bin'
[3.238s] Level 1:colcon.colcon_core.environment:checking '/home/adi/eyrc_hb/hb_task_2_ws/install/hb_world/lib/pkgconfig/hb_world.pc'
[3.238s] Level 1:colcon.colcon_core.environment:checking '/home/adi/eyrc_hb/hb_task_2_ws/install/hb_world/lib/python3.10/site-packages'
[3.238s] Level 1:colcon.colcon_core.environment:checking '/home/adi/eyrc_hb/hb_task_2_ws/install/hb_world/bin'
[3.263s] INFO:colcon.colcon_core.shell:Creating package script '/home/adi/eyrc_hb/hb_task_2_ws/install/hb_world/share/hb_world/package.ps1'
[3.263s] INFO:colcon.colcon_core.shell:Creating package descriptor '/home/adi/eyrc_hb/hb_task_2_ws/install/hb_world/share/hb_world/package.dsv'
[3.264s] INFO:colcon.colcon_core.shell:Creating package script '/home/adi/eyrc_hb/hb_task_2_ws/install/hb_world/share/hb_world/package.sh'
[3.264s] INFO:colcon.colcon_core.shell:Creating package script '/home/adi/eyrc_hb/hb_task_2_ws/install/hb_world/share/hb_world/package.bash'
[3.264s] INFO:colcon.colcon_core.shell:Creating package script '/home/adi/eyrc_hb/hb_task_2_ws/install/hb_world/share/hb_world/package.zsh'
[3.265s] Level 1:colcon.colcon_core.environment:create_file_with_runtime_dependencies(/home/adi/eyrc_hb/hb_task_2_ws/install/hb_world/share/colcon-core/packages/hb_world)
[3.295s] Level 1:colcon.colcon_core.environment:create_environment_scripts_only(hb_bot)
[3.322s] Level 1:colcon.colcon_core.environment:checking '/home/adi/eyrc_hb/hb_task_2_ws/install/hb_bot' for CMake module files
[3.323s] Level 1:colcon.colcon_core.environment:checking '/home/adi/eyrc_hb/hb_task_2_ws/install/hb_bot' for CMake config files
[3.323s] Level 1:colcon.colcon_core.shell:create_environment_hook('hb_bot', 'cmake_prefix_path')
[3.349s] INFO:colcon.colcon_core.shell:Creating environment hook '/home/adi/eyrc_hb/hb_task_2_ws/install/hb_bot/share/hb_bot/hook/cmake_prefix_path.ps1'
[3.350s] INFO:colcon.colcon_core.shell:Creating environment descriptor '/home/adi/eyrc_hb/hb_task_2_ws/install/hb_bot/share/hb_bot/hook/cmake_prefix_path.dsv'
[3.350s] INFO:colcon.colcon_core.shell:Creating environment hook '/home/adi/eyrc_hb/hb_task_2_ws/install/hb_bot/share/hb_bot/hook/cmake_prefix_path.sh'
[3.351s] Level 1:colcon.colcon_core.environment:checking '/home/adi/eyrc_hb/hb_task_2_ws/install/hb_bot/bin'
[3.351s] Level 1:colcon.colcon_core.environment:checking '/home/adi/eyrc_hb/hb_task_2_ws/install/hb_bot/lib/pkgconfig/hb_bot.pc'
[3.351s] Level 1:colcon.colcon_core.environment:checking '/home/adi/eyrc_hb/hb_task_2_ws/install/hb_bot/lib/python3.10/site-packages'
[3.352s] Level 1:colcon.colcon_core.environment:checking '/home/adi/eyrc_hb/hb_task_2_ws/install/hb_bot/bin'
[3.379s] INFO:colcon.colcon_core.shell:Creating package script '/home/adi/eyrc_hb/hb_task_2_ws/install/hb_bot/share/hb_bot/package.ps1'
[3.379s] INFO:colcon.colcon_core.shell:Creating package descriptor '/home/adi/eyrc_hb/hb_task_2_ws/install/hb_bot/share/hb_bot/package.dsv'
[3.380s] INFO:colcon.colcon_core.shell:Creating package script '/home/adi/eyrc_hb/hb_task_2_ws/install/hb_bot/share/hb_bot/package.sh'
[3.381s] INFO:colcon.colcon_core.shell:Creating package script '/home/adi/eyrc_hb/hb_task_2_ws/install/hb_bot/share/hb_bot/package.bash'
[3.381s] INFO:colcon.colcon_core.shell:Creating package script '/home/adi/eyrc_hb/hb_task_2_ws/install/hb_bot/share/hb_bot/package.zsh'
[3.381s] Level 1:colcon.colcon_core.environment:create_file_with_runtime_dependencies(/home/adi/eyrc_hb/hb_task_2_ws/install/hb_bot/share/colcon-core/packages/hb_bot)
[3.412s] Level 1:colcon.colcon_core.environment:create_environment_scripts_only(hb_world)
[3.437s] Level 1:colcon.colcon_core.environment:checking '/home/adi/eyrc_hb/hb_task_2_ws/install/hb_world' for CMake module files
[3.438s] Level 1:colcon.colcon_core.environment:checking '/home/adi/eyrc_hb/hb_task_2_ws/install/hb_world' for CMake config files
[3.438s] Level 1:colcon.colcon_core.shell:create_environment_hook('hb_world', 'cmake_prefix_path')
[3.464s] INFO:colcon.colcon_core.shell:Creating environment hook '/home/adi/eyrc_hb/hb_task_2_ws/install/hb_world/share/hb_world/hook/cmake_prefix_path.ps1'
[3.465s] INFO:colcon.colcon_core.shell:Creating environment descriptor '/home/adi/eyrc_hb/hb_task_2_ws/install/hb_world/share/hb_world/hook/cmake_prefix_path.dsv'
[3.465s] INFO:colcon.colcon_core.shell:Creating environment hook '/home/adi/eyrc_hb/hb_task_2_ws/install/hb_world/share/hb_world/hook/cmake_prefix_path.sh'
[3.466s] Level 1:colcon.colcon_core.environment:checking '/home/adi/eyrc_hb/hb_task_2_ws/install/hb_world/bin'
[3.466s] Level 1:colcon.colcon_core.environment:checking '/home/adi/eyrc_hb/hb_task_2_ws/install/hb_world/lib/pkgconfig/hb_world.pc'
[3.466s] Level 1:colcon.colcon_core.environment:checking '/home/adi/eyrc_hb/hb_task_2_ws/install/hb_world/lib/python3.10/site-packages'
[3.467s] Level 1:colcon.colcon_core.environment:checking '/home/adi/eyrc_hb/hb_task_2_ws/install/hb_world/bin'
[3.498s] INFO:colcon.colcon_core.shell:Creating package script '/home/adi/eyrc_hb/hb_task_2_ws/install/hb_world/share/hb_world/package.ps1'
[3.499s] INFO:colcon.colcon_core.shell:Creating package descriptor '/home/adi/eyrc_hb/hb_task_2_ws/install/hb_world/share/hb_world/package.dsv'
[3.499s] INFO:colcon.colcon_core.shell:Creating package script '/home/adi/eyrc_hb/hb_task_2_ws/install/hb_world/share/hb_world/package.sh'
[3.500s] INFO:colcon.colcon_core.shell:Creating package script '/home/adi/eyrc_hb/hb_task_2_ws/install/hb_world/share/hb_world/package.bash'
[3.500s] INFO:colcon.colcon_core.shell:Creating package script '/home/adi/eyrc_hb/hb_task_2_ws/install/hb_world/share/hb_world/package.zsh'
[3.501s] Level 1:colcon.colcon_core.environment:create_file_with_runtime_dependencies(/home/adi/eyrc_hb/hb_task_2_ws/install/hb_world/share/colcon-core/packages/hb_world)
[3.555s] DEBUG:colcon.colcon_core.event_handler.log_command:Invoked command in '/home/adi/eyrc_hb/hb_task_2_ws/build/my_robot_interfaces' returned '0': CMAKE_PREFIX_PATH=${CMAKE_PREFIX_PATH}:/home/adi/eyrc_hb/hb_task_2_ws/install/hb_task2a:/opt/ros/humble /usr/bin/cmake --build /home/adi/eyrc_hb/hb_task_2_ws/build/my_robot_interfaces -- -j8 -l8
[3.593s] DEBUG:colcon.colcon_core.event_handler.log_command:Invoking command in '/home/adi/eyrc_hb/hb_task_2_ws/src/eYRC-2023_Hologlyph_Bots/hb_task2a': PYTHONPATH=/home/adi/eyrc_hb/hb_task_2_ws/build/hb_task2a/prefix_override:/home/adi/eyrc_hb/hb_task_2_ws/install/hb_task2a/lib/python3.10/site-packages:${PYTHONPATH} /usr/bin/python3 setup.py egg_info --egg-base ../../../build/hb_task2a build --build-base /home/adi/eyrc_hb/hb_task_2_ws/build/hb_task2a/build install --record /home/adi/eyrc_hb/hb_task_2_ws/build/hb_task2a/install.log --single-version-externally-managed
[3.625s] DEBUG:colcon.colcon_core.event_handler.log_command:Invoking command in '/home/adi/eyrc_hb/hb_task_2_ws/build/my_robot_interfaces': CMAKE_PREFIX_PATH=${CMAKE_PREFIX_PATH}:/home/adi/eyrc_hb/hb_task_2_ws/install/hb_task2a:/opt/ros/humble /usr/bin/cmake --install /home/adi/eyrc_hb/hb_task_2_ws/build/my_robot_interfaces
[3.690s] Level 1:colcon.colcon_core.environment:create_environment_scripts_only(my_robot_interfaces)
[3.691s] DEBUG:colcon.colcon_core.event_handler.log_command:Invoked command in '/home/adi/eyrc_hb/hb_task_2_ws/build/my_robot_interfaces' returned '0': CMAKE_PREFIX_PATH=${CMAKE_PREFIX_PATH}:/home/adi/eyrc_hb/hb_task_2_ws/install/hb_task2a:/opt/ros/humble /usr/bin/cmake --install /home/adi/eyrc_hb/hb_task_2_ws/build/my_robot_interfaces
[3.718s] Level 1:colcon.colcon_core.environment:checking '/home/adi/eyrc_hb/hb_task_2_ws/install/my_robot_interfaces' for CMake module files
[3.718s] Level 1:colcon.colcon_core.environment:checking '/home/adi/eyrc_hb/hb_task_2_ws/install/my_robot_interfaces' for CMake config files
[3.718s] Level 1:colcon.colcon_core.shell:create_environment_hook('my_robot_interfaces', 'cmake_prefix_path')
[3.741s] INFO:colcon.colcon_core.shell:Creating environment hook '/home/adi/eyrc_hb/hb_task_2_ws/install/my_robot_interfaces/share/my_robot_interfaces/hook/cmake_prefix_path.ps1'
[3.742s] INFO:colcon.colcon_core.shell:Creating environment descriptor '/home/adi/eyrc_hb/hb_task_2_ws/install/my_robot_interfaces/share/my_robot_interfaces/hook/cmake_prefix_path.dsv'
[3.742s] INFO:colcon.colcon_core.shell:Creating environment hook '/home/adi/eyrc_hb/hb_task_2_ws/install/my_robot_interfaces/share/my_robot_interfaces/hook/cmake_prefix_path.sh'
[3.743s] Level 1:colcon.colcon_core.environment:checking '/home/adi/eyrc_hb/hb_task_2_ws/install/my_robot_interfaces/lib'
[3.743s] Level 1:colcon.colcon_core.shell:create_environment_hook('my_robot_interfaces', 'ld_library_path_lib')
[3.766s] INFO:colcon.colcon_core.shell:Creating environment hook '/home/adi/eyrc_hb/hb_task_2_ws/install/my_robot_interfaces/share/my_robot_interfaces/hook/ld_library_path_lib.ps1'
[3.766s] INFO:colcon.colcon_core.shell:Creating environment descriptor '/home/adi/eyrc_hb/hb_task_2_ws/install/my_robot_interfaces/share/my_robot_interfaces/hook/ld_library_path_lib.dsv'
[3.767s] INFO:colcon.colcon_core.shell:Creating environment hook '/home/adi/eyrc_hb/hb_task_2_ws/install/my_robot_interfaces/share/my_robot_interfaces/hook/ld_library_path_lib.sh'
[3.767s] Level 1:colcon.colcon_core.environment:checking '/home/adi/eyrc_hb/hb_task_2_ws/install/my_robot_interfaces/bin'
[3.767s] Level 1:colcon.colcon_core.environment:checking '/home/adi/eyrc_hb/hb_task_2_ws/install/my_robot_interfaces/lib/pkgconfig/my_robot_interfaces.pc'
[3.768s] Level 1:colcon.colcon_core.environment:checking '/home/adi/eyrc_hb/hb_task_2_ws/install/my_robot_interfaces/lib/python3.10/site-packages'
[3.768s] Level 1:colcon.colcon_core.environment:checking '/home/adi/eyrc_hb/hb_task_2_ws/install/my_robot_interfaces/bin'
[3.793s] INFO:colcon.colcon_core.shell:Creating package script '/home/adi/eyrc_hb/hb_task_2_ws/install/my_robot_interfaces/share/my_robot_interfaces/package.ps1'
[3.794s] INFO:colcon.colcon_core.shell:Creating package descriptor '/home/adi/eyrc_hb/hb_task_2_ws/install/my_robot_interfaces/share/my_robot_interfaces/package.dsv'
[3.794s] INFO:colcon.colcon_core.shell:Creating package script '/home/adi/eyrc_hb/hb_task_2_ws/install/my_robot_interfaces/share/my_robot_interfaces/package.sh'
[3.795s] INFO:colcon.colcon_core.shell:Creating package script '/home/adi/eyrc_hb/hb_task_2_ws/install/my_robot_interfaces/share/my_robot_interfaces/package.bash'
[3.795s] INFO:colcon.colcon_core.shell:Creating package script '/home/adi/eyrc_hb/hb_task_2_ws/install/my_robot_interfaces/share/my_robot_interfaces/package.zsh'
[3.795s] Level 1:colcon.colcon_core.environment:create_file_with_runtime_dependencies(/home/adi/eyrc_hb/hb_task_2_ws/install/my_robot_interfaces/share/colcon-core/packages/my_robot_interfaces)
[3.895s] Level 1:colcon.colcon_core.environment:create_environment_scripts_only(my_robot_interfaces)
[3.923s] Level 1:colcon.colcon_core.environment:checking '/home/adi/eyrc_hb/hb_task_2_ws/install/my_robot_interfaces' for CMake module files
[3.924s] Level 1:colcon.colcon_core.environment:checking '/home/adi/eyrc_hb/hb_task_2_ws/install/my_robot_interfaces' for CMake config files
[3.924s] Level 1:colcon.colcon_core.shell:create_environment_hook('my_robot_interfaces', 'cmake_prefix_path')
[3.949s] INFO:colcon.colcon_core.shell:Creating environment hook '/home/adi/eyrc_hb/hb_task_2_ws/install/my_robot_interfaces/share/my_robot_interfaces/hook/cmake_prefix_path.ps1'
[3.949s] INFO:colcon.colcon_core.shell:Creating environment descriptor '/home/adi/eyrc_hb/hb_task_2_ws/install/my_robot_interfaces/share/my_robot_interfaces/hook/cmake_prefix_path.dsv'
[3.950s] INFO:colcon.colcon_core.shell:Creating environment hook '/home/adi/eyrc_hb/hb_task_2_ws/install/my_robot_interfaces/share/my_robot_interfaces/hook/cmake_prefix_path.sh'
[3.950s] Level 1:colcon.colcon_core.environment:checking '/home/adi/eyrc_hb/hb_task_2_ws/install/my_robot_interfaces/lib'
[3.950s] Level 1:colcon.colcon_core.shell:create_environment_hook('my_robot_interfaces', 'ld_library_path_lib')
[3.980s] INFO:colcon.colcon_core.shell:Creating environment hook '/home/adi/eyrc_hb/hb_task_2_ws/install/my_robot_interfaces/share/my_robot_interfaces/hook/ld_library_path_lib.ps1'
[3.981s] INFO:colcon.colcon_core.shell:Creating environment descriptor '/home/adi/eyrc_hb/hb_task_2_ws/install/my_robot_interfaces/share/my_robot_interfaces/hook/ld_library_path_lib.dsv'
[3.981s] INFO:colcon.colcon_core.shell:Creating environment hook '/home/adi/eyrc_hb/hb_task_2_ws/install/my_robot_interfaces/share/my_robot_interfaces/hook/ld_library_path_lib.sh'
[3.982s] Level 1:colcon.colcon_core.environment:checking '/home/adi/eyrc_hb/hb_task_2_ws/install/my_robot_interfaces/bin'
[3.982s] Level 1:colcon.colcon_core.environment:checking '/home/adi/eyrc_hb/hb_task_2_ws/install/my_robot_interfaces/lib/pkgconfig/my_robot_interfaces.pc'
[3.982s] Level 1:colcon.colcon_core.environment:checking '/home/adi/eyrc_hb/hb_task_2_ws/install/my_robot_interfaces/lib/python3.10/site-packages'
[3.982s] Level 1:colcon.colcon_core.environment:checking '/home/adi/eyrc_hb/hb_task_2_ws/install/my_robot_interfaces/bin'
[4.012s] INFO:colcon.colcon_core.shell:Creating package script '/home/adi/eyrc_hb/hb_task_2_ws/install/my_robot_interfaces/share/my_robot_interfaces/package.ps1'
[4.013s] INFO:colcon.colcon_core.shell:Creating package descriptor '/home/adi/eyrc_hb/hb_task_2_ws/install/my_robot_interfaces/share/my_robot_interfaces/package.dsv'
[4.014s] INFO:colcon.colcon_core.shell:Creating package script '/home/adi/eyrc_hb/hb_task_2_ws/install/my_robot_interfaces/share/my_robot_interfaces/package.sh'
[4.015s] INFO:colcon.colcon_core.shell:Creating package script '/home/adi/eyrc_hb/hb_task_2_ws/install/my_robot_interfaces/share/my_robot_interfaces/package.bash'
[4.015s] INFO:colcon.colcon_core.shell:Creating package script '/home/adi/eyrc_hb/hb_task_2_ws/install/my_robot_interfaces/share/my_robot_interfaces/package.zsh'
[4.015s] Level 1:colcon.colcon_core.environment:create_file_with_runtime_dependencies(/home/adi/eyrc_hb/hb_task_2_ws/install/my_robot_interfaces/share/colcon-core/packages/my_robot_interfaces)
[4.044s] DEBUG:colcon.colcon_core.event_handler.log_command:Invoked command in '/home/adi/eyrc_hb/hb_task_2_ws/src/eYRC-2023_Hologlyph_Bots/hb_task2a' returned '0': PYTHONPATH=/home/adi/eyrc_hb/hb_task_2_ws/build/hb_task2a/prefix_override:/home/adi/eyrc_hb/hb_task_2_ws/install/hb_task2a/lib/python3.10/site-packages:${PYTHONPATH} /usr/bin/python3 setup.py egg_info --egg-base ../../../build/hb_task2a build --build-base /home/adi/eyrc_hb/hb_task_2_ws/build/hb_task2a/build install --record /home/adi/eyrc_hb/hb_task_2_ws/build/hb_task2a/install.log --single-version-externally-managed
[4.065s] Level 1:colcon.colcon_core.environment:checking '/home/adi/eyrc_hb/hb_task_2_ws/install/hb_task2a' for CMake module files
[4.065s] Level 1:colcon.colcon_core.environment:checking '/home/adi/eyrc_hb/hb_task_2_ws/install/hb_task2a' for CMake config files
[4.066s] Level 1:colcon.colcon_core.environment:checking '/home/adi/eyrc_hb/hb_task_2_ws/install/hb_task2a/lib'
[4.066s] Level 1:colcon.colcon_core.environment:checking '/home/adi/eyrc_hb/hb_task_2_ws/install/hb_task2a/bin'
[4.066s] Level 1:colcon.colcon_core.environment:checking '/home/adi/eyrc_hb/hb_task_2_ws/install/hb_task2a/lib/pkgconfig/hb_task2a.pc'
[4.066s] Level 1:colcon.colcon_core.environment:checking '/home/adi/eyrc_hb/hb_task_2_ws/install/hb_task2a/lib/python3.10/site-packages'
[4.066s] Level 1:colcon.colcon_core.shell:create_environment_hook('hb_task2a', 'pythonpath')
[4.091s] INFO:colcon.colcon_core.shell:Creating environment hook '/home/adi/eyrc_hb/hb_task_2_ws/install/hb_task2a/share/hb_task2a/hook/pythonpath.ps1'
[4.092s] INFO:colcon.colcon_core.shell:Creating environment descriptor '/home/adi/eyrc_hb/hb_task_2_ws/install/hb_task2a/share/hb_task2a/hook/pythonpath.dsv'
[4.092s] INFO:colcon.colcon_core.shell:Creating environment hook '/home/adi/eyrc_hb/hb_task_2_ws/install/hb_task2a/share/hb_task2a/hook/pythonpath.sh'
[4.092s] Level 1:colcon.colcon_core.environment:checking '/home/adi/eyrc_hb/hb_task_2_ws/install/hb_task2a/bin'
[4.092s] Level 1:colcon.colcon_core.environment:create_environment_scripts_only(hb_task2a)
[4.118s] INFO:colcon.colcon_core.shell:Creating package script '/home/adi/eyrc_hb/hb_task_2_ws/install/hb_task2a/share/hb_task2a/package.ps1'
[4.118s] INFO:colcon.colcon_core.shell:Creating package descriptor '/home/adi/eyrc_hb/hb_task_2_ws/install/hb_task2a/share/hb_task2a/package.dsv'
[4.118s] INFO:colcon.colcon_core.shell:Creating package script '/home/adi/eyrc_hb/hb_task_2_ws/install/hb_task2a/share/hb_task2a/package.sh'
[4.119s] INFO:colcon.colcon_core.shell:Creating package script '/home/adi/eyrc_hb/hb_task_2_ws/install/hb_task2a/share/hb_task2a/package.bash'
[4.119s] INFO:colcon.colcon_core.shell:Creating package script '/home/adi/eyrc_hb/hb_task_2_ws/install/hb_task2a/share/hb_task2a/package.zsh'
[4.119s] Level 1:colcon.colcon_core.environment:create_file_with_runtime_dependencies(/home/adi/eyrc_hb/hb_task_2_ws/install/hb_task2a/share/colcon-core/packages/hb_task2a)
[4.120s] DEBUG:colcon.colcon_parallel_executor.executor.parallel:closing loop
[4.120s] DEBUG:colcon.colcon_parallel_executor.executor.parallel:loop closed
[4.120s] DEBUG:colcon.colcon_parallel_executor.executor.parallel:run_until_complete finished with '0'
[4.120s] DEBUG:colcon.colcon_core.event_reactor:joining thread
[4.150s] INFO:colcon.colcon_core.plugin_system:Skipping extension 'colcon_notification.desktop_notification.terminal_notifier': Not used on non-Darwin systems
[4.150s] INFO:colcon.colcon_core.plugin_system:Skipping extension 'colcon_notification.desktop_notification.win32': Not used on non-Windows systems
[4.150s] INFO:colcon.colcon_notification.desktop_notification:Sending desktop notification using 'notify2'
[4.166s] DEBUG:colcon.colcon_core.event_reactor:joined thread
[4.189s] INFO:colcon.colcon_core.shell:Creating prefix script '/home/adi/eyrc_hb/hb_task_2_ws/install/local_setup.ps1'
[4.190s] INFO:colcon.colcon_core.shell:Creating prefix util module '/home/adi/eyrc_hb/hb_task_2_ws/install/_local_setup_util_ps1.py'
[4.191s] INFO:colcon.colcon_core.shell:Creating prefix chain script '/home/adi/eyrc_hb/hb_task_2_ws/install/setup.ps1'
[4.217s] INFO:colcon.colcon_core.shell:Creating prefix script '/home/adi/eyrc_hb/hb_task_2_ws/install/local_setup.sh'
[4.217s] INFO:colcon.colcon_core.shell:Creating prefix util module '/home/adi/eyrc_hb/hb_task_2_ws/install/_local_setup_util_sh.py'
[4.218s] INFO:colcon.colcon_core.shell:Creating prefix chain script '/home/adi/eyrc_hb/hb_task_2_ws/install/setup.sh'
[4.244s] INFO:colcon.colcon_core.shell:Creating prefix script '/home/adi/eyrc_hb/hb_task_2_ws/install/local_setup.bash'
[4.244s] INFO:colcon.colcon_core.shell:Creating prefix chain script '/home/adi/eyrc_hb/hb_task_2_ws/install/setup.bash'
[4.267s] INFO:colcon.colcon_core.shell:Creating prefix script '/home/adi/eyrc_hb/hb_task_2_ws/install/local_setup.zsh'
[4.267s] INFO:colcon.colcon_core.shell:Creating prefix chain script '/home/adi/eyrc_hb/hb_task_2_ws/install/setup.zsh'
