[1.063s] Invoking command in '/home/adi/eyrc_hb/hb_task_2_ws/build/hb_world': CMAKE_PREFIX_PATH=${CMAKE_PREFIX_PATH}:/home/adi/eyrc_hb/hb_task_2_ws/install/hb_task2a:/opt/ros/humble /usr/bin/cmake --build /home/adi/eyrc_hb/hb_task_2_ws/build/hb_world -- -j8 -l8
[1.142s] Invoked command in '/home/adi/eyrc_hb/hb_task_2_ws/build/hb_world' returned '0': CMAKE_PREFIX_PATH=${CMAKE_PREFIX_PATH}:/home/adi/eyrc_hb/hb_task_2_ws/install/hb_task2a:/opt/ros/humble /usr/bin/cmake --build /home/adi/eyrc_hb/hb_task_2_ws/build/hb_world -- -j8 -l8
[1.357s] Invoking command in '/home/adi/eyrc_hb/hb_task_2_ws/build/hb_world': CMAKE_PREFIX_PATH=${CMAKE_PREFIX_PATH}:/home/adi/eyrc_hb/hb_task_2_ws/install/hb_task2a:/opt/ros/humble /usr/bin/cmake --install /home/adi/eyrc_hb/hb_task_2_ws/build/hb_world
[1.374s] -- Install configuration: ""
[1.374s] -- Up-to-date: /home/adi/eyrc_hb/hb_task_2_ws/install/hb_world/share/hb_world//launch
[1.374s] -- Up-to-date: /home/adi/eyrc_hb/hb_task_2_ws/install/hb_world/share/hb_world//launch/world.launch.py
[1.374s] -- Up-to-date: /home/adi/eyrc_hb/hb_task_2_ws/install/hb_world/share/hb_world//worlds
[1.374s] -- Up-to-date: /home/adi/eyrc_hb/hb_task_2_ws/install/hb_world/share/hb_world//worlds/gazebo.world
[1.375s] -- Up-to-date: /home/adi/eyrc_hb/hb_task_2_ws/install/hb_world/share/hb_world//models
[1.375s] -- Up-to-date: /home/adi/eyrc_hb/hb_task_2_ws/install/hb_world/share/hb_world//models/e_camera
[1.375s] -- Up-to-date: /home/adi/eyrc_hb/hb_task_2_ws/install/hb_world/share/hb_world//models/e_camera/model.sdf
[1.375s] -- Up-to-date: /home/adi/eyrc_hb/hb_task_2_ws/install/hb_world/share/hb_world//models/e_camera/model.config
[1.375s] -- Up-to-date: /home/adi/eyrc_hb/hb_task_2_ws/install/hb_world/share/hb_world//models/e_camera/meshes
[1.375s] -- Up-to-date: /home/adi/eyrc_hb/hb_task_2_ws/install/hb_world/share/hb_world//models/e_camera/meshes/camera.dae
[1.375s] -- Up-to-date: /home/adi/eyrc_hb/hb_task_2_ws/install/hb_world/share/hb_world//models/e_camera/meshes/17eyantra_logo_large e.png
[1.375s] -- Up-to-date: /home/adi/eyrc_hb/hb_task_2_ws/install/hb_world/share/hb_world//models/arena
[1.375s] -- Up-to-date: /home/adi/eyrc_hb/hb_task_2_ws/install/hb_world/share/hb_world//models/arena/model.sdf
[1.375s] -- Up-to-date: /home/adi/eyrc_hb/hb_task_2_ws/install/hb_world/share/hb_world//models/arena/model.config
[1.376s] -- Up-to-date: /home/adi/eyrc_hb/hb_task_2_ws/install/hb_world/share/hb_world//models/arena/meshes
[1.376s] -- Up-to-date: /home/adi/eyrc_hb/hb_task_2_ws/install/hb_world/share/hb_world//models/arena/meshes/arena.jpg
[1.376s] -- Up-to-date: /home/adi/eyrc_hb/hb_task_2_ws/install/hb_world/share/hb_world//models/arena/meshes/arena.dae
[1.376s] -- Up-to-date: /home/adi/eyrc_hb/hb_task_2_ws/install/hb_world/share/hb_world//models/ground_surface
[1.376s] -- Up-to-date: /home/adi/eyrc_hb/hb_task_2_ws/install/hb_world/share/hb_world//models/ground_surface/model.sdf
[1.376s] -- Up-to-date: /home/adi/eyrc_hb/hb_task_2_ws/install/hb_world/share/hb_world//models/ground_surface/model.config
[1.376s] -- Up-to-date: /home/adi/eyrc_hb/hb_task_2_ws/install/hb_world/share/hb_world//models/ground_surface/meshes
[1.376s] -- Up-to-date: /home/adi/eyrc_hb/hb_task_2_ws/install/hb_world/share/hb_world//models/ground_surface/meshes/geoglyph.jpg
[1.377s] -- Up-to-date: /home/adi/eyrc_hb/hb_task_2_ws/install/hb_world/share/hb_world//models/ground_surface/meshes/ground_surface.dae
[1.377s] -- Up-to-date: /home/adi/eyrc_hb/hb_task_2_ws/install/hb_world/share/ament_index/resource_index/package_run_dependencies/hb_world
[1.377s] -- Up-to-date: /home/adi/eyrc_hb/hb_task_2_ws/install/hb_world/share/ament_index/resource_index/parent_prefix_path/hb_world
[1.377s] -- Up-to-date: /home/adi/eyrc_hb/hb_task_2_ws/install/hb_world/share/hb_world/environment/ament_prefix_path.sh
[1.377s] -- Up-to-date: /home/adi/eyrc_hb/hb_task_2_ws/install/hb_world/share/hb_world/environment/ament_prefix_path.dsv
[1.377s] -- Up-to-date: /home/adi/eyrc_hb/hb_task_2_ws/install/hb_world/share/hb_world/environment/path.sh
[1.378s] -- Up-to-date: /home/adi/eyrc_hb/hb_task_2_ws/install/hb_world/share/hb_world/environment/path.dsv
[1.378s] -- Up-to-date: /home/adi/eyrc_hb/hb_task_2_ws/install/hb_world/share/hb_world/local_setup.bash
[1.378s] -- Up-to-date: /home/adi/eyrc_hb/hb_task_2_ws/install/hb_world/share/hb_world/local_setup.sh
[1.391s] -- Up-to-date: /home/adi/eyrc_hb/hb_task_2_ws/install/hb_world/share/hb_world/local_setup.zsh
[1.391s] -- Up-to-date: /home/adi/eyrc_hb/hb_task_2_ws/install/hb_world/share/hb_world/local_setup.dsv
[1.391s] -- Installing: /home/adi/eyrc_hb/hb_task_2_ws/install/hb_world/share/hb_world/package.dsv
[1.392s] -- Up-to-date: /home/adi/eyrc_hb/hb_task_2_ws/install/hb_world/share/ament_index/resource_index/packages/hb_world
[1.392s] -- Up-to-date: /home/adi/eyrc_hb/hb_task_2_ws/install/hb_world/share/hb_world/cmake/hb_worldConfig.cmake
[1.392s] -- Up-to-date: /home/adi/eyrc_hb/hb_task_2_ws/install/hb_world/share/hb_world/cmake/hb_worldConfig-version.cmake
[1.392s] -- Up-to-date: /home/adi/eyrc_hb/hb_task_2_ws/install/hb_world/share/hb_world/package.xml
[1.392s] Invoked command in '/home/adi/eyrc_hb/hb_task_2_ws/build/hb_world' returned '0': CMAKE_PREFIX_PATH=${CMAKE_PREFIX_PATH}:/home/adi/eyrc_hb/hb_task_2_ws/install/hb_task2a:/opt/ros/humble /usr/bin/cmake --install /home/adi/eyrc_hb/hb_task_2_ws/build/hb_world
