[1.168s] DEBUG:colcon:Command line arguments: ['/usr/bin/colcon', 'build']
[1.168s] DEBUG:colcon:Parsed command line arguments: Namespace(log_base=None, log_level=None, verb_name='build', build_base='build', install_base='install', merge_install=False, symlink_install=False, test_result_base=None, continue_on_error=False, executor='parallel', parallel_workers=8, event_handlers=None, ignore_user_meta=False, metas=['./colcon.meta'], base_paths=['.'], packages_ignore=None, packages_ignore_regex=None, paths=None, packages_up_to=None, packages_up_to_regex=None, packages_above=None, packages_above_and_dependencies=None, packages_above_depth=None, packages_select_by_dep=None, packages_skip_by_dep=None, packages_skip_up_to=None, packages_select_build_failed=False, packages_skip_build_finished=False, packages_select_test_failures=False, packages_skip_test_passed=False, packages_select=None, packages_skip=None, packages_select_regex=None, packages_skip_regex=None, packages_start=None, packages_end=None, allow_overriding=[], cmake_args=None, cmake_target=None, cmake_target_skip_unavailable=False, cmake_clean_cache=False, cmake_clean_first=False, cmake_force_configure=False, ament_cmake_args=None, catkin_cmake_args=None, catkin_skip_building_tests=False, verb_parser=<colcon_defaults.argument_parser.defaults.DefaultArgumentsDecorator object at 0x7fcb84fe3880>, verb_extension=<colcon_core.verb.build.BuildVerb object at 0x7fcb84fe2a70>, main=<bound method BuildVerb.main of <colcon_core.verb.build.BuildVerb object at 0x7fcb84fe2a70>>)
[1.218s] Level 1:colcon.colcon_core.package_discovery:discover_packages(colcon_meta) check parameters
[1.218s] Level 1:colcon.colcon_core.package_discovery:discover_packages(recursive) check parameters
[1.218s] Level 1:colcon.colcon_core.package_discovery:discover_packages(ignore) check parameters
[1.218s] Level 1:colcon.colcon_core.package_discovery:discover_packages(path) check parameters
[1.218s] Level 1:colcon.colcon_core.package_discovery:discover_packages(colcon_meta) discover
[1.218s] Level 1:colcon.colcon_core.package_discovery:discover_packages(recursive) discover
[1.218s] INFO:colcon.colcon_core.package_discovery:Crawling recursively for packages in '/home/adi/eyrc_hb/hb_task_2_ws'
[1.218s] Level 1:colcon.colcon_core.package_identification:_identify(.) by extensions ['ignore', 'ignore_ament_install']
[1.218s] Level 1:colcon.colcon_core.package_identification:_identify(.) by extension 'ignore'
[1.218s] Level 1:colcon.colcon_core.package_identification:_identify(.) by extension 'ignore_ament_install'
[1.218s] Level 1:colcon.colcon_core.package_identification:_identify(.) by extensions ['colcon_pkg']
[1.218s] Level 1:colcon.colcon_core.package_identification:_identify(.) by extension 'colcon_pkg'
[1.218s] Level 1:colcon.colcon_core.package_identification:_identify(.) by extensions ['colcon_meta']
[1.218s] Level 1:colcon.colcon_core.package_identification:_identify(.) by extension 'colcon_meta'
[1.218s] Level 1:colcon.colcon_core.package_identification:_identify(.) by extensions ['ros']
[1.218s] Level 1:colcon.colcon_core.package_identification:_identify(.) by extension 'ros'
[1.228s] Level 1:colcon.colcon_core.package_identification:_identify(.) by extensions ['cmake', 'python']
[1.228s] Level 1:colcon.colcon_core.package_identification:_identify(.) by extension 'cmake'
[1.228s] Level 1:colcon.colcon_core.package_identification:_identify(.) by extension 'python'
[1.228s] Level 1:colcon.colcon_core.package_identification:_identify(.) by extensions ['python_setup_py']
[1.228s] Level 1:colcon.colcon_core.package_identification:_identify(.) by extension 'python_setup_py'
[1.228s] Level 1:colcon.colcon_core.package_identification:_identify(build) by extensions ['ignore', 'ignore_ament_install']
[1.228s] Level 1:colcon.colcon_core.package_identification:_identify(build) by extension 'ignore'
[1.228s] Level 1:colcon.colcon_core.package_identification:_identify(build) ignored
[1.228s] Level 1:colcon.colcon_core.package_identification:_identify(install) by extensions ['ignore', 'ignore_ament_install']
[1.229s] Level 1:colcon.colcon_core.package_identification:_identify(install) by extension 'ignore'
[1.229s] Level 1:colcon.colcon_core.package_identification:_identify(install) ignored
[1.229s] Level 1:colcon.colcon_core.package_identification:_identify(log) by extensions ['ignore', 'ignore_ament_install']
[1.229s] Level 1:colcon.colcon_core.package_identification:_identify(log) by extension 'ignore'
[1.229s] Level 1:colcon.colcon_core.package_identification:_identify(log) ignored
[1.229s] Level 1:colcon.colcon_core.package_identification:_identify(src) by extensions ['ignore', 'ignore_ament_install']
[1.229s] Level 1:colcon.colcon_core.package_identification:_identify(src) by extension 'ignore'
[1.229s] Level 1:colcon.colcon_core.package_identification:_identify(src) by extension 'ignore_ament_install'
[1.229s] Level 1:colcon.colcon_core.package_identification:_identify(src) by extensions ['colcon_pkg']
[1.229s] Level 1:colcon.colcon_core.package_identification:_identify(src) by extension 'colcon_pkg'
[1.229s] Level 1:colcon.colcon_core.package_identification:_identify(src) by extensions ['colcon_meta']
[1.229s] Level 1:colcon.colcon_core.package_identification:_identify(src) by extension 'colcon_meta'
[1.229s] Level 1:colcon.colcon_core.package_identification:_identify(src) by extensions ['ros']
[1.229s] Level 1:colcon.colcon_core.package_identification:_identify(src) by extension 'ros'
[1.229s] Level 1:colcon.colcon_core.package_identification:_identify(src) by extensions ['cmake', 'python']
[1.229s] Level 1:colcon.colcon_core.package_identification:_identify(src) by extension 'cmake'
[1.229s] Level 1:colcon.colcon_core.package_identification:_identify(src) by extension 'python'
[1.229s] Level 1:colcon.colcon_core.package_identification:_identify(src) by extensions ['python_setup_py']
[1.229s] Level 1:colcon.colcon_core.package_identification:_identify(src) by extension 'python_setup_py'
[1.229s] Level 1:colcon.colcon_core.package_identification:_identify(src/eYRC-2023_Hologlyph_Bots) by extensions ['ignore', 'ignore_ament_install']
[1.230s] Level 1:colcon.colcon_core.package_identification:_identify(src/eYRC-2023_Hologlyph_Bots) by extension 'ignore'
[1.230s] Level 1:colcon.colcon_core.package_identification:_identify(src/eYRC-2023_Hologlyph_Bots) by extension 'ignore_ament_install'
[1.230s] Level 1:colcon.colcon_core.package_identification:_identify(src/eYRC-2023_Hologlyph_Bots) by extensions ['colcon_pkg']
[1.230s] Level 1:colcon.colcon_core.package_identification:_identify(src/eYRC-2023_Hologlyph_Bots) by extension 'colcon_pkg'
[1.230s] Level 1:colcon.colcon_core.package_identification:_identify(src/eYRC-2023_Hologlyph_Bots) by extensions ['colcon_meta']
[1.230s] Level 1:colcon.colcon_core.package_identification:_identify(src/eYRC-2023_Hologlyph_Bots) by extension 'colcon_meta'
[1.230s] Level 1:colcon.colcon_core.package_identification:_identify(src/eYRC-2023_Hologlyph_Bots) by extensions ['ros']
[1.230s] Level 1:colcon.colcon_core.package_identification:_identify(src/eYRC-2023_Hologlyph_Bots) by extension 'ros'
[1.230s] Level 1:colcon.colcon_core.package_identification:_identify(src/eYRC-2023_Hologlyph_Bots) by extensions ['cmake', 'python']
[1.230s] Level 1:colcon.colcon_core.package_identification:_identify(src/eYRC-2023_Hologlyph_Bots) by extension 'cmake'
[1.230s] Level 1:colcon.colcon_core.package_identification:_identify(src/eYRC-2023_Hologlyph_Bots) by extension 'python'
[1.230s] Level 1:colcon.colcon_core.package_identification:_identify(src/eYRC-2023_Hologlyph_Bots) by extensions ['python_setup_py']
[1.230s] Level 1:colcon.colcon_core.package_identification:_identify(src/eYRC-2023_Hologlyph_Bots) by extension 'python_setup_py'
[1.230s] Level 1:colcon.colcon_core.package_identification:_identify(src/eYRC-2023_Hologlyph_Bots/hb_bot) by extensions ['ignore', 'ignore_ament_install']
[1.230s] Level 1:colcon.colcon_core.package_identification:_identify(src/eYRC-2023_Hologlyph_Bots/hb_bot) by extension 'ignore'
[1.230s] Level 1:colcon.colcon_core.package_identification:_identify(src/eYRC-2023_Hologlyph_Bots/hb_bot) by extension 'ignore_ament_install'
[1.230s] Level 1:colcon.colcon_core.package_identification:_identify(src/eYRC-2023_Hologlyph_Bots/hb_bot) by extensions ['colcon_pkg']
[1.230s] Level 1:colcon.colcon_core.package_identification:_identify(src/eYRC-2023_Hologlyph_Bots/hb_bot) by extension 'colcon_pkg'
[1.230s] Level 1:colcon.colcon_core.package_identification:_identify(src/eYRC-2023_Hologlyph_Bots/hb_bot) by extensions ['colcon_meta']
[1.230s] Level 1:colcon.colcon_core.package_identification:_identify(src/eYRC-2023_Hologlyph_Bots/hb_bot) by extension 'colcon_meta'
[1.230s] Level 1:colcon.colcon_core.package_identification:_identify(src/eYRC-2023_Hologlyph_Bots/hb_bot) by extensions ['ros']
[1.230s] Level 1:colcon.colcon_core.package_identification:_identify(src/eYRC-2023_Hologlyph_Bots/hb_bot) by extension 'ros'
[1.232s] DEBUG:colcon.colcon_core.package_identification:Package 'src/eYRC-2023_Hologlyph_Bots/hb_bot' with type 'ros.ament_cmake' and name 'hb_bot'
[1.233s] Level 1:colcon.colcon_core.package_identification:_identify(src/eYRC-2023_Hologlyph_Bots/hb_task2a) by extensions ['ignore', 'ignore_ament_install']
[1.233s] Level 1:colcon.colcon_core.package_identification:_identify(src/eYRC-2023_Hologlyph_Bots/hb_task2a) by extension 'ignore'
[1.233s] Level 1:colcon.colcon_core.package_identification:_identify(src/eYRC-2023_Hologlyph_Bots/hb_task2a) by extension 'ignore_ament_install'
[1.233s] Level 1:colcon.colcon_core.package_identification:_identify(src/eYRC-2023_Hologlyph_Bots/hb_task2a) by extensions ['colcon_pkg']
[1.233s] Level 1:colcon.colcon_core.package_identification:_identify(src/eYRC-2023_Hologlyph_Bots/hb_task2a) by extension 'colcon_pkg'
[1.233s] Level 1:colcon.colcon_core.package_identification:_identify(src/eYRC-2023_Hologlyph_Bots/hb_task2a) by extensions ['colcon_meta']
[1.233s] Level 1:colcon.colcon_core.package_identification:_identify(src/eYRC-2023_Hologlyph_Bots/hb_task2a) by extension 'colcon_meta'
[1.233s] Level 1:colcon.colcon_core.package_identification:_identify(src/eYRC-2023_Hologlyph_Bots/hb_task2a) by extensions ['ros']
[1.233s] Level 1:colcon.colcon_core.package_identification:_identify(src/eYRC-2023_Hologlyph_Bots/hb_task2a) by extension 'ros'
[1.234s] DEBUG:colcon.colcon_core.package_identification:Package 'src/eYRC-2023_Hologlyph_Bots/hb_task2a' with type 'ros.ament_python' and name 'hb_task2a'
[1.234s] Level 1:colcon.colcon_core.package_identification:_identify(src/eYRC-2023_Hologlyph_Bots/hb_world) by extensions ['ignore', 'ignore_ament_install']
[1.234s] Level 1:colcon.colcon_core.package_identification:_identify(src/eYRC-2023_Hologlyph_Bots/hb_world) by extension 'ignore'
[1.234s] Level 1:colcon.colcon_core.package_identification:_identify(src/eYRC-2023_Hologlyph_Bots/hb_world) by extension 'ignore_ament_install'
[1.235s] Level 1:colcon.colcon_core.package_identification:_identify(src/eYRC-2023_Hologlyph_Bots/hb_world) by extensions ['colcon_pkg']
[1.235s] Level 1:colcon.colcon_core.package_identification:_identify(src/eYRC-2023_Hologlyph_Bots/hb_world) by extension 'colcon_pkg'
[1.235s] Level 1:colcon.colcon_core.package_identification:_identify(src/eYRC-2023_Hologlyph_Bots/hb_world) by extensions ['colcon_meta']
[1.235s] Level 1:colcon.colcon_core.package_identification:_identify(src/eYRC-2023_Hologlyph_Bots/hb_world) by extension 'colcon_meta'
[1.235s] Level 1:colcon.colcon_core.package_identification:_identify(src/eYRC-2023_Hologlyph_Bots/hb_world) by extensions ['ros']
[1.235s] Level 1:colcon.colcon_core.package_identification:_identify(src/eYRC-2023_Hologlyph_Bots/hb_world) by extension 'ros'
[1.235s] DEBUG:colcon.colcon_core.package_identification:Package 'src/eYRC-2023_Hologlyph_Bots/hb_world' with type 'ros.ament_cmake' and name 'hb_world'
[1.235s] Level 1:colcon.colcon_core.package_identification:_identify(src/eYRC-2023_Hologlyph_Bots/my_robot_interfaces) by extensions ['ignore', 'ignore_ament_install']
[1.235s] Level 1:colcon.colcon_core.package_identification:_identify(src/eYRC-2023_Hologlyph_Bots/my_robot_interfaces) by extension 'ignore'
[1.235s] Level 1:colcon.colcon_core.package_identification:_identify(src/eYRC-2023_Hologlyph_Bots/my_robot_interfaces) by extension 'ignore_ament_install'
[1.236s] Level 1:colcon.colcon_core.package_identification:_identify(src/eYRC-2023_Hologlyph_Bots/my_robot_interfaces) by extensions ['colcon_pkg']
[1.236s] Level 1:colcon.colcon_core.package_identification:_identify(src/eYRC-2023_Hologlyph_Bots/my_robot_interfaces) by extension 'colcon_pkg'
[1.236s] Level 1:colcon.colcon_core.package_identification:_identify(src/eYRC-2023_Hologlyph_Bots/my_robot_interfaces) by extensions ['colcon_meta']
[1.236s] Level 1:colcon.colcon_core.package_identification:_identify(src/eYRC-2023_Hologlyph_Bots/my_robot_interfaces) by extension 'colcon_meta'
[1.236s] Level 1:colcon.colcon_core.package_identification:_identify(src/eYRC-2023_Hologlyph_Bots/my_robot_interfaces) by extensions ['ros']
[1.236s] Level 1:colcon.colcon_core.package_identification:_identify(src/eYRC-2023_Hologlyph_Bots/my_robot_interfaces) by extension 'ros'
[1.236s] DEBUG:colcon.colcon_core.package_identification:Package 'src/eYRC-2023_Hologlyph_Bots/my_robot_interfaces' with type 'ros.ament_cmake' and name 'my_robot_interfaces'
[1.236s] Level 1:colcon.colcon_core.package_discovery:discover_packages(recursive) using defaults
[1.236s] Level 1:colcon.colcon_core.package_discovery:discover_packages(ignore) discover
[1.236s] Level 1:colcon.colcon_core.package_discovery:discover_packages(ignore) using defaults
[1.236s] Level 1:colcon.colcon_core.package_discovery:discover_packages(path) discover
[1.237s] Level 1:colcon.colcon_core.package_discovery:discover_packages(path) using defaults
[1.347s] Level 1:colcon.colcon_core.package_discovery:discover_packages(prefix_path) check parameters
[1.347s] Level 1:colcon.colcon_core.package_discovery:discover_packages(prefix_path) discover
[1.382s] DEBUG:colcon.colcon_installed_package_information.package_discovery:Found 4 installed packages in /home/adi/eyrc_hb/hb_task_2_ws/install
[1.400s] DEBUG:colcon.colcon_installed_package_information.package_discovery:Found 294 installed packages in /opt/ros/humble
[1.401s] Level 1:colcon.colcon_core.package_discovery:discover_packages(prefix_path) using defaults
[1.495s] Level 5:colcon.colcon_core.verb:set package 'hb_bot' build argument 'cmake_args' from command line to 'None'
[1.495s] Level 5:colcon.colcon_core.verb:set package 'hb_bot' build argument 'cmake_target' from command line to 'None'
[1.495s] Level 5:colcon.colcon_core.verb:set package 'hb_bot' build argument 'cmake_target_skip_unavailable' from command line to 'False'
[1.495s] Level 5:colcon.colcon_core.verb:set package 'hb_bot' build argument 'cmake_clean_cache' from command line to 'False'
[1.495s] Level 5:colcon.colcon_core.verb:set package 'hb_bot' build argument 'cmake_clean_first' from command line to 'False'
[1.495s] Level 5:colcon.colcon_core.verb:set package 'hb_bot' build argument 'cmake_force_configure' from command line to 'False'
[1.495s] Level 5:colcon.colcon_core.verb:set package 'hb_bot' build argument 'ament_cmake_args' from command line to 'None'
[1.495s] Level 5:colcon.colcon_core.verb:set package 'hb_bot' build argument 'catkin_cmake_args' from command line to 'None'
[1.495s] Level 5:colcon.colcon_core.verb:set package 'hb_bot' build argument 'catkin_skip_building_tests' from command line to 'False'
[1.495s] DEBUG:colcon.colcon_core.verb:Building package 'hb_bot' with the following arguments: {'ament_cmake_args': None, 'build_base': '/home/adi/eyrc_hb/hb_task_2_ws/build/hb_bot', 'catkin_cmake_args': None, 'catkin_skip_building_tests': False, 'cmake_args': None, 'cmake_clean_cache': False, 'cmake_clean_first': False, 'cmake_force_configure': False, 'cmake_target': None, 'cmake_target_skip_unavailable': False, 'install_base': '/home/adi/eyrc_hb/hb_task_2_ws/install/hb_bot', 'merge_install': False, 'path': '/home/adi/eyrc_hb/hb_task_2_ws/src/eYRC-2023_Hologlyph_Bots/hb_bot', 'symlink_install': False, 'test_result_base': None}
[1.513s] Level 5:colcon.colcon_core.verb:set package 'hb_task2a' build argument 'cmake_args' from command line to 'None'
[1.513s] Level 5:colcon.colcon_core.verb:set package 'hb_task2a' build argument 'cmake_target' from command line to 'None'
[1.513s] Level 5:colcon.colcon_core.verb:set package 'hb_task2a' build argument 'cmake_target_skip_unavailable' from command line to 'False'
[1.513s] Level 5:colcon.colcon_core.verb:set package 'hb_task2a' build argument 'cmake_clean_cache' from command line to 'False'
[1.513s] Level 5:colcon.colcon_core.verb:set package 'hb_task2a' build argument 'cmake_clean_first' from command line to 'False'
[1.513s] Level 5:colcon.colcon_core.verb:set package 'hb_task2a' build argument 'cmake_force_configure' from command line to 'False'
[1.513s] Level 5:colcon.colcon_core.verb:set package 'hb_task2a' build argument 'ament_cmake_args' from command line to 'None'
[1.513s] Level 5:colcon.colcon_core.verb:set package 'hb_task2a' build argument 'catkin_cmake_args' from command line to 'None'
[1.513s] Level 5:colcon.colcon_core.verb:set package 'hb_task2a' build argument 'catkin_skip_building_tests' from command line to 'False'
[1.513s] DEBUG:colcon.colcon_core.verb:Building package 'hb_task2a' with the following arguments: {'ament_cmake_args': None, 'build_base': '/home/adi/eyrc_hb/hb_task_2_ws/build/hb_task2a', 'catkin_cmake_args': None, 'catkin_skip_building_tests': False, 'cmake_args': None, 'cmake_clean_cache': False, 'cmake_clean_first': False, 'cmake_force_configure': False, 'cmake_target': None, 'cmake_target_skip_unavailable': False, 'install_base': '/home/adi/eyrc_hb/hb_task_2_ws/install/hb_task2a', 'merge_install': False, 'path': '/home/adi/eyrc_hb/hb_task_2_ws/src/eYRC-2023_Hologlyph_Bots/hb_task2a', 'symlink_install': False, 'test_result_base': None}
[1.531s] Level 5:colcon.colcon_core.verb:set package 'hb_world' build argument 'cmake_args' from command line to 'None'
[1.531s] Level 5:colcon.colcon_core.verb:set package 'hb_world' build argument 'cmake_target' from command line to 'None'
[1.531s] Level 5:colcon.colcon_core.verb:set package 'hb_world' build argument 'cmake_target_skip_unavailable' from command line to 'False'
[1.531s] Level 5:colcon.colcon_core.verb:set package 'hb_world' build argument 'cmake_clean_cache' from command line to 'False'
[1.531s] Level 5:colcon.colcon_core.verb:set package 'hb_world' build argument 'cmake_clean_first' from command line to 'False'
[1.531s] Level 5:colcon.colcon_core.verb:set package 'hb_world' build argument 'cmake_force_configure' from command line to 'False'
[1.531s] Level 5:colcon.colcon_core.verb:set package 'hb_world' build argument 'ament_cmake_args' from command line to 'None'
[1.531s] Level 5:colcon.colcon_core.verb:set package 'hb_world' build argument 'catkin_cmake_args' from command line to 'None'
[1.531s] Level 5:colcon.colcon_core.verb:set package 'hb_world' build argument 'catkin_skip_building_tests' from command line to 'False'
[1.531s] DEBUG:colcon.colcon_core.verb:Building package 'hb_world' with the following arguments: {'ament_cmake_args': None, 'build_base': '/home/adi/eyrc_hb/hb_task_2_ws/build/hb_world', 'catkin_cmake_args': None, 'catkin_skip_building_tests': False, 'cmake_args': None, 'cmake_clean_cache': False, 'cmake_clean_first': False, 'cmake_force_configure': False, 'cmake_target': None, 'cmake_target_skip_unavailable': False, 'install_base': '/home/adi/eyrc_hb/hb_task_2_ws/install/hb_world', 'merge_install': False, 'path': '/home/adi/eyrc_hb/hb_task_2_ws/src/eYRC-2023_Hologlyph_Bots/hb_world', 'symlink_install': False, 'test_result_base': None}
[1.549s] Level 5:colcon.colcon_core.verb:set package 'my_robot_interfaces' build argument 'cmake_args' from command line to 'None'
[1.549s] Level 5:colcon.colcon_core.verb:set package 'my_robot_interfaces' build argument 'cmake_target' from command line to 'None'
[1.549s] Level 5:colcon.colcon_core.verb:set package 'my_robot_interfaces' build argument 'cmake_target_skip_unavailable' from command line to 'False'
[1.549s] Level 5:colcon.colcon_core.verb:set package 'my_robot_interfaces' build argument 'cmake_clean_cache' from command line to 'False'
[1.549s] Level 5:colcon.colcon_core.verb:set package 'my_robot_interfaces' build argument 'cmake_clean_first' from command line to 'False'
[1.549s] Level 5:colcon.colcon_core.verb:set package 'my_robot_interfaces' build argument 'cmake_force_configure' from command line to 'False'
[1.549s] Level 5:colcon.colcon_core.verb:set package 'my_robot_interfaces' build argument 'ament_cmake_args' from command line to 'None'
[1.549s] Level 5:colcon.colcon_core.verb:set package 'my_robot_interfaces' build argument 'catkin_cmake_args' from command line to 'None'
[1.549s] Level 5:colcon.colcon_core.verb:set package 'my_robot_interfaces' build argument 'catkin_skip_building_tests' from command line to 'False'
[1.549s] DEBUG:colcon.colcon_core.verb:Building package 'my_robot_interfaces' with the following arguments: {'ament_cmake_args': None, 'build_base': '/home/adi/eyrc_hb/hb_task_2_ws/build/my_robot_interfaces', 'catkin_cmake_args': None, 'catkin_skip_building_tests': False, 'cmake_args': None, 'cmake_clean_cache': False, 'cmake_clean_first': False, 'cmake_force_configure': False, 'cmake_target': None, 'cmake_target_skip_unavailable': False, 'install_base': '/home/adi/eyrc_hb/hb_task_2_ws/install/my_robot_interfaces', 'merge_install': False, 'path': '/home/adi/eyrc_hb/hb_task_2_ws/src/eYRC-2023_Hologlyph_Bots/my_robot_interfaces', 'symlink_install': False, 'test_result_base': None}
[1.567s] INFO:colcon.colcon_core.executor:Executing jobs using 'parallel' executor
[1.584s] DEBUG:colcon.colcon_parallel_executor.executor.parallel:run_until_complete
[1.584s] INFO:colcon.colcon_ros.task.ament_cmake.build:Building ROS package in '/home/adi/eyrc_hb/hb_task_2_ws/src/eYRC-2023_Hologlyph_Bots/hb_bot' with build type 'ament_cmake'
[1.585s] INFO:colcon.colcon_cmake.task.cmake.build:Building CMake package in '/home/adi/eyrc_hb/hb_task_2_ws/src/eYRC-2023_Hologlyph_Bots/hb_bot'
[1.604s] INFO:colcon.colcon_core.plugin_system:Skipping extension 'colcon_core.shell.bat': Not used on non-Windows systems
[1.604s] INFO:colcon.colcon_core.shell:Skip shell extension 'powershell' for command environment: Not usable outside of PowerShell
[1.604s] DEBUG:colcon.colcon_core.shell:Skip shell extension 'dsv' for command environment
[1.661s] INFO:colcon.colcon_ros.task.ament_python.build:Building ROS package in '/home/adi/eyrc_hb/hb_task_2_ws/src/eYRC-2023_Hologlyph_Bots/hb_task2a' with build type 'ament_python'
[1.661s] Level 1:colcon.colcon_core.shell:create_environment_hook('hb_task2a', 'ament_prefix_path')
[1.679s] INFO:colcon.colcon_core.shell:Creating environment hook '/home/adi/eyrc_hb/hb_task_2_ws/install/hb_task2a/share/hb_task2a/hook/ament_prefix_path.ps1'
[1.680s] INFO:colcon.colcon_core.shell:Creating environment descriptor '/home/adi/eyrc_hb/hb_task_2_ws/install/hb_task2a/share/hb_task2a/hook/ament_prefix_path.dsv'
[1.680s] INFO:colcon.colcon_core.shell:Creating environment hook '/home/adi/eyrc_hb/hb_task_2_ws/install/hb_task2a/share/hb_task2a/hook/ament_prefix_path.sh'
[1.703s] INFO:colcon.colcon_core.shell:Skip shell extension 'powershell' for command environment: Not usable outside of PowerShell
[1.703s] DEBUG:colcon.colcon_core.shell:Skip shell extension 'dsv' for command environment
[1.757s] INFO:colcon.colcon_ros.task.ament_cmake.build:Building ROS package in '/home/adi/eyrc_hb/hb_task_2_ws/src/eYRC-2023_Hologlyph_Bots/hb_world' with build type 'ament_cmake'
[1.757s] INFO:colcon.colcon_cmake.task.cmake.build:Building CMake package in '/home/adi/eyrc_hb/hb_task_2_ws/src/eYRC-2023_Hologlyph_Bots/hb_world'
[1.777s] INFO:colcon.colcon_core.shell:Skip shell extension 'powershell' for command environment: Not usable outside of PowerShell
[1.777s] DEBUG:colcon.colcon_core.shell:Skip shell extension 'dsv' for command environment
[1.836s] INFO:colcon.colcon_ros.task.ament_cmake.build:Building ROS package in '/home/adi/eyrc_hb/hb_task_2_ws/src/eYRC-2023_Hologlyph_Bots/my_robot_interfaces' with build type 'ament_cmake'
[1.836s] INFO:colcon.colcon_cmake.task.cmake.build:Building CMake package in '/home/adi/eyrc_hb/hb_task_2_ws/src/eYRC-2023_Hologlyph_Bots/my_robot_interfaces'
[1.856s] INFO:colcon.colcon_core.shell:Skip shell extension 'powershell' for command environment: Not usable outside of PowerShell
[1.857s] DEBUG:colcon.colcon_core.shell:Skip shell extension 'dsv' for command environment
[1.920s] DEBUG:colcon.colcon_core.event_handler.log_command:Invoking command in '/home/adi/eyrc_hb/hb_task_2_ws/build/hb_bot': CMAKE_PREFIX_PATH=${CMAKE_PREFIX_PATH}:/home/adi/eyrc_hb/hb_task_2_ws/install/hb_task2a:/opt/ros/humble /usr/bin/cmake --build /home/adi/eyrc_hb/hb_task_2_ws/build/hb_bot -- -j8 -l8
[2.184s] INFO:colcon.colcon_core.task.python.build:Building Python package in '/home/adi/eyrc_hb/hb_task_2_ws/src/eYRC-2023_Hologlyph_Bots/hb_task2a'
[2.201s] INFO:colcon.colcon_core.shell:Skip shell extension 'powershell' for command environment: Not usable outside of PowerShell
[2.202s] DEBUG:colcon.colcon_core.shell:Skip shell extension 'dsv' for command environment
[2.259s] DEBUG:colcon.colcon_core.event_handler.log_command:Invoking command in '/home/adi/eyrc_hb/hb_task_2_ws/build/hb_world': CMAKE_PREFIX_PATH=${CMAKE_PREFIX_PATH}:/home/adi/eyrc_hb/hb_task_2_ws/install/hb_task2a:/opt/ros/humble /usr/bin/cmake --build /home/adi/eyrc_hb/hb_task_2_ws/build/hb_world -- -j8 -l8
[2.264s] DEBUG:colcon.colcon_core.event_handler.log_command:Invoking command in '/home/adi/eyrc_hb/hb_task_2_ws/build/my_robot_interfaces': CMAKE_PREFIX_PATH=${CMAKE_PREFIX_PATH}:/home/adi/eyrc_hb/hb_task_2_ws/install/hb_task2a:/opt/ros/humble /usr/bin/cmake --build /home/adi/eyrc_hb/hb_task_2_ws/build/my_robot_interfaces -- -j8 -l8
[2.265s] DEBUG:colcon.colcon_core.event_handler.log_command:Invoked command in '/home/adi/eyrc_hb/hb_task_2_ws/build/hb_bot' returned '0': CMAKE_PREFIX_PATH=${CMAKE_PREFIX_PATH}:/home/adi/eyrc_hb/hb_task_2_ws/install/hb_task2a:/opt/ros/humble /usr/bin/cmake --build /home/adi/eyrc_hb/hb_task_2_ws/build/hb_bot -- -j8 -l8
[2.292s] DEBUG:colcon.colcon_core.event_handler.log_command:Invoking command in '/home/adi/eyrc_hb/hb_task_2_ws/build/hb_bot': CMAKE_PREFIX_PATH=${CMAKE_PREFIX_PATH}:/home/adi/eyrc_hb/hb_task_2_ws/install/hb_task2a:/opt/ros/humble /usr/bin/cmake --install /home/adi/eyrc_hb/hb_task_2_ws/build/hb_bot
[2.301s] DEBUG:colcon.colcon_core.event_handler.log_command:Invoked command in '/home/adi/eyrc_hb/hb_task_2_ws/build/hb_world' returned '0': CMAKE_PREFIX_PATH=${CMAKE_PREFIX_PATH}:/home/adi/eyrc_hb/hb_task_2_ws/install/hb_task2a:/opt/ros/humble /usr/bin/cmake --build /home/adi/eyrc_hb/hb_task_2_ws/build/hb_world -- -j8 -l8
[2.307s] Level 1:colcon.colcon_core.environment:create_environment_scripts_only(hb_bot)
[2.309s] DEBUG:colcon.colcon_core.event_handler.log_command:Invoked command in '/home/adi/eyrc_hb/hb_task_2_ws/build/hb_bot' returned '0': CMAKE_PREFIX_PATH=${CMAKE_PREFIX_PATH}:/home/adi/eyrc_hb/hb_task_2_ws/install/hb_task2a:/opt/ros/humble /usr/bin/cmake --install /home/adi/eyrc_hb/hb_task_2_ws/build/hb_bot
[2.354s] Level 1:colcon.colcon_core.environment:checking '/home/adi/eyrc_hb/hb_task_2_ws/install/hb_bot' for CMake module files
[2.354s] Level 1:colcon.colcon_core.environment:checking '/home/adi/eyrc_hb/hb_task_2_ws/install/hb_bot' for CMake config files
[2.355s] Level 1:colcon.colcon_core.shell:create_environment_hook('hb_bot', 'cmake_prefix_path')
[2.382s] INFO:colcon.colcon_core.shell:Creating environment hook '/home/adi/eyrc_hb/hb_task_2_ws/install/hb_bot/share/hb_bot/hook/cmake_prefix_path.ps1'
[2.382s] INFO:colcon.colcon_core.shell:Creating environment descriptor '/home/adi/eyrc_hb/hb_task_2_ws/install/hb_bot/share/hb_bot/hook/cmake_prefix_path.dsv'
[2.383s] INFO:colcon.colcon_core.shell:Creating environment hook '/home/adi/eyrc_hb/hb_task_2_ws/install/hb_bot/share/hb_bot/hook/cmake_prefix_path.sh'
[2.383s] Level 1:colcon.colcon_core.environment:checking '/home/adi/eyrc_hb/hb_task_2_ws/install/hb_bot/bin'
[2.383s] Level 1:colcon.colcon_core.environment:checking '/home/adi/eyrc_hb/hb_task_2_ws/install/hb_bot/lib/pkgconfig/hb_bot.pc'
[2.384s] Level 1:colcon.colcon_core.environment:checking '/home/adi/eyrc_hb/hb_task_2_ws/install/hb_bot/lib/python3.10/site-packages'
[2.384s] Level 1:colcon.colcon_core.environment:checking '/home/adi/eyrc_hb/hb_task_2_ws/install/hb_bot/bin'
[2.408s] INFO:colcon.colcon_core.shell:Creating package script '/home/adi/eyrc_hb/hb_task_2_ws/install/hb_bot/share/hb_bot/package.ps1'
[2.409s] INFO:colcon.colcon_core.shell:Creating package descriptor '/home/adi/eyrc_hb/hb_task_2_ws/install/hb_bot/share/hb_bot/package.dsv'
[2.409s] INFO:colcon.colcon_core.shell:Creating package script '/home/adi/eyrc_hb/hb_task_2_ws/install/hb_bot/share/hb_bot/package.sh'
[2.410s] INFO:colcon.colcon_core.shell:Creating package script '/home/adi/eyrc_hb/hb_task_2_ws/install/hb_bot/share/hb_bot/package.bash'
[2.411s] INFO:colcon.colcon_core.shell:Creating package script '/home/adi/eyrc_hb/hb_task_2_ws/install/hb_bot/share/hb_bot/package.zsh'
[2.411s] Level 1:colcon.colcon_core.environment:create_file_with_runtime_dependencies(/home/adi/eyrc_hb/hb_task_2_ws/install/hb_bot/share/colcon-core/packages/hb_bot)
[2.415s] DEBUG:colcon.colcon_core.event_handler.log_command:Invoking command in '/home/adi/eyrc_hb/hb_task_2_ws/build/hb_world': CMAKE_PREFIX_PATH=${CMAKE_PREFIX_PATH}:/home/adi/eyrc_hb/hb_task_2_ws/install/hb_task2a:/opt/ros/humble /usr/bin/cmake --install /home/adi/eyrc_hb/hb_task_2_ws/build/hb_world
[2.433s] Level 1:colcon.colcon_core.environment:create_environment_scripts_only(hb_world)
[2.434s] DEBUG:colcon.colcon_core.event_handler.log_command:Invoked command in '/home/adi/eyrc_hb/hb_task_2_ws/build/hb_world' returned '0': CMAKE_PREFIX_PATH=${CMAKE_PREFIX_PATH}:/home/adi/eyrc_hb/hb_task_2_ws/install/hb_task2a:/opt/ros/humble /usr/bin/cmake --install /home/adi/eyrc_hb/hb_task_2_ws/build/hb_world
[2.462s] Level 1:colcon.colcon_core.environment:checking '/home/adi/eyrc_hb/hb_task_2_ws/install/hb_world' for CMake module files
[2.463s] Level 1:colcon.colcon_core.environment:checking '/home/adi/eyrc_hb/hb_task_2_ws/install/hb_world' for CMake config files
[2.463s] Level 1:colcon.colcon_core.shell:create_environment_hook('hb_world', 'cmake_prefix_path')
[2.485s] INFO:colcon.colcon_core.shell:Creating environment hook '/home/adi/eyrc_hb/hb_task_2_ws/install/hb_world/share/hb_world/hook/cmake_prefix_path.ps1'
[2.485s] INFO:colcon.colcon_core.shell:Creating environment descriptor '/home/adi/eyrc_hb/hb_task_2_ws/install/hb_world/share/hb_world/hook/cmake_prefix_path.dsv'
[2.485s] INFO:colcon.colcon_core.shell:Creating environment hook '/home/adi/eyrc_hb/hb_task_2_ws/install/hb_world/share/hb_world/hook/cmake_prefix_path.sh'
[2.486s] Level 1:colcon.colcon_core.environment:checking '/home/adi/eyrc_hb/hb_task_2_ws/install/hb_world/bin'
[2.486s] Level 1:colcon.colcon_core.environment:checking '/home/adi/eyrc_hb/hb_task_2_ws/install/hb_world/lib/pkgconfig/hb_world.pc'
[2.486s] Level 1:colcon.colcon_core.environment:checking '/home/adi/eyrc_hb/hb_task_2_ws/install/hb_world/lib/python3.10/site-packages'
[2.487s] Level 1:colcon.colcon_core.environment:checking '/home/adi/eyrc_hb/hb_task_2_ws/install/hb_world/bin'
[2.507s] INFO:colcon.colcon_core.shell:Creating package script '/home/adi/eyrc_hb/hb_task_2_ws/install/hb_world/share/hb_world/package.ps1'
[2.507s] INFO:colcon.colcon_core.shell:Creating package descriptor '/home/adi/eyrc_hb/hb_task_2_ws/install/hb_world/share/hb_world/package.dsv'
[2.508s] INFO:colcon.colcon_core.shell:Creating package script '/home/adi/eyrc_hb/hb_task_2_ws/install/hb_world/share/hb_world/package.sh'
[2.508s] INFO:colcon.colcon_core.shell:Creating package script '/home/adi/eyrc_hb/hb_task_2_ws/install/hb_world/share/hb_world/package.bash'
[2.508s] INFO:colcon.colcon_core.shell:Creating package script '/home/adi/eyrc_hb/hb_task_2_ws/install/hb_world/share/hb_world/package.zsh'
[2.509s] Level 1:colcon.colcon_core.environment:create_file_with_runtime_dependencies(/home/adi/eyrc_hb/hb_task_2_ws/install/hb_world/share/colcon-core/packages/hb_world)
[2.534s] Level 1:colcon.colcon_core.environment:create_environment_scripts_only(hb_bot)
[2.554s] Level 1:colcon.colcon_core.environment:checking '/home/adi/eyrc_hb/hb_task_2_ws/install/hb_bot' for CMake module files
[2.555s] Level 1:colcon.colcon_core.environment:checking '/home/adi/eyrc_hb/hb_task_2_ws/install/hb_bot' for CMake config files
[2.555s] Level 1:colcon.colcon_core.shell:create_environment_hook('hb_bot', 'cmake_prefix_path')
[2.575s] INFO:colcon.colcon_core.shell:Creating environment hook '/home/adi/eyrc_hb/hb_task_2_ws/install/hb_bot/share/hb_bot/hook/cmake_prefix_path.ps1'
[2.575s] INFO:colcon.colcon_core.shell:Creating environment descriptor '/home/adi/eyrc_hb/hb_task_2_ws/install/hb_bot/share/hb_bot/hook/cmake_prefix_path.dsv'
[2.576s] INFO:colcon.colcon_core.shell:Creating environment hook '/home/adi/eyrc_hb/hb_task_2_ws/install/hb_bot/share/hb_bot/hook/cmake_prefix_path.sh'
[2.576s] Level 1:colcon.colcon_core.environment:checking '/home/adi/eyrc_hb/hb_task_2_ws/install/hb_bot/bin'
[2.576s] Level 1:colcon.colcon_core.environment:checking '/home/adi/eyrc_hb/hb_task_2_ws/install/hb_bot/lib/pkgconfig/hb_bot.pc'
[2.576s] Level 1:colcon.colcon_core.environment:checking '/home/adi/eyrc_hb/hb_task_2_ws/install/hb_bot/lib/python3.10/site-packages'
[2.576s] Level 1:colcon.colcon_core.environment:checking '/home/adi/eyrc_hb/hb_task_2_ws/install/hb_bot/bin'
[2.597s] INFO:colcon.colcon_core.shell:Creating package script '/home/adi/eyrc_hb/hb_task_2_ws/install/hb_bot/share/hb_bot/package.ps1'
[2.598s] INFO:colcon.colcon_core.shell:Creating package descriptor '/home/adi/eyrc_hb/hb_task_2_ws/install/hb_bot/share/hb_bot/package.dsv'
[2.598s] INFO:colcon.colcon_core.shell:Creating package script '/home/adi/eyrc_hb/hb_task_2_ws/install/hb_bot/share/hb_bot/package.sh'
[2.598s] INFO:colcon.colcon_core.shell:Creating package script '/home/adi/eyrc_hb/hb_task_2_ws/install/hb_bot/share/hb_bot/package.bash'
[2.599s] INFO:colcon.colcon_core.shell:Creating package script '/home/adi/eyrc_hb/hb_task_2_ws/install/hb_bot/share/hb_bot/package.zsh'
[2.599s] Level 1:colcon.colcon_core.environment:create_file_with_runtime_dependencies(/home/adi/eyrc_hb/hb_task_2_ws/install/hb_bot/share/colcon-core/packages/hb_bot)
[2.622s] Level 1:colcon.colcon_core.environment:create_environment_scripts_only(hb_world)
[2.644s] Level 1:colcon.colcon_core.environment:checking '/home/adi/eyrc_hb/hb_task_2_ws/install/hb_world' for CMake module files
[2.644s] Level 1:colcon.colcon_core.environment:checking '/home/adi/eyrc_hb/hb_task_2_ws/install/hb_world' for CMake config files
[2.644s] Level 1:colcon.colcon_core.shell:create_environment_hook('hb_world', 'cmake_prefix_path')
[2.665s] INFO:colcon.colcon_core.shell:Creating environment hook '/home/adi/eyrc_hb/hb_task_2_ws/install/hb_world/share/hb_world/hook/cmake_prefix_path.ps1'
[2.665s] INFO:colcon.colcon_core.shell:Creating environment descriptor '/home/adi/eyrc_hb/hb_task_2_ws/install/hb_world/share/hb_world/hook/cmake_prefix_path.dsv'
[2.666s] INFO:colcon.colcon_core.shell:Creating environment hook '/home/adi/eyrc_hb/hb_task_2_ws/install/hb_world/share/hb_world/hook/cmake_prefix_path.sh'
[2.666s] Level 1:colcon.colcon_core.environment:checking '/home/adi/eyrc_hb/hb_task_2_ws/install/hb_world/bin'
[2.666s] Level 1:colcon.colcon_core.environment:checking '/home/adi/eyrc_hb/hb_task_2_ws/install/hb_world/lib/pkgconfig/hb_world.pc'
[2.666s] Level 1:colcon.colcon_core.environment:checking '/home/adi/eyrc_hb/hb_task_2_ws/install/hb_world/lib/python3.10/site-packages'
[2.667s] Level 1:colcon.colcon_core.environment:checking '/home/adi/eyrc_hb/hb_task_2_ws/install/hb_world/bin'
[2.690s] INFO:colcon.colcon_core.shell:Creating package script '/home/adi/eyrc_hb/hb_task_2_ws/install/hb_world/share/hb_world/package.ps1'
[2.690s] INFO:colcon.colcon_core.shell:Creating package descriptor '/home/adi/eyrc_hb/hb_task_2_ws/install/hb_world/share/hb_world/package.dsv'
[2.691s] INFO:colcon.colcon_core.shell:Creating package script '/home/adi/eyrc_hb/hb_task_2_ws/install/hb_world/share/hb_world/package.sh'
[2.691s] INFO:colcon.colcon_core.shell:Creating package script '/home/adi/eyrc_hb/hb_task_2_ws/install/hb_world/share/hb_world/package.bash'
[2.691s] INFO:colcon.colcon_core.shell:Creating package script '/home/adi/eyrc_hb/hb_task_2_ws/install/hb_world/share/hb_world/package.zsh'
[2.692s] Level 1:colcon.colcon_core.environment:create_file_with_runtime_dependencies(/home/adi/eyrc_hb/hb_task_2_ws/install/hb_world/share/colcon-core/packages/hb_world)
[2.718s] DEBUG:colcon.colcon_core.event_handler.log_command:Invoked command in '/home/adi/eyrc_hb/hb_task_2_ws/build/my_robot_interfaces' returned '0': CMAKE_PREFIX_PATH=${CMAKE_PREFIX_PATH}:/home/adi/eyrc_hb/hb_task_2_ws/install/hb_task2a:/opt/ros/humble /usr/bin/cmake --build /home/adi/eyrc_hb/hb_task_2_ws/build/my_robot_interfaces -- -j8 -l8
[2.757s] DEBUG:colcon.colcon_core.event_handler.log_command:Invoking command in '/home/adi/eyrc_hb/hb_task_2_ws/src/eYRC-2023_Hologlyph_Bots/hb_task2a': PYTHONPATH=/home/adi/eyrc_hb/hb_task_2_ws/build/hb_task2a/prefix_override:/home/adi/eyrc_hb/hb_task_2_ws/install/hb_task2a/lib/python3.10/site-packages:${PYTHONPATH} /usr/bin/python3 setup.py egg_info --egg-base ../../../build/hb_task2a build --build-base /home/adi/eyrc_hb/hb_task_2_ws/build/hb_task2a/build install --record /home/adi/eyrc_hb/hb_task_2_ws/build/hb_task2a/install.log --single-version-externally-managed
[2.767s] DEBUG:colcon.colcon_core.event_handler.log_command:Invoking command in '/home/adi/eyrc_hb/hb_task_2_ws/build/my_robot_interfaces': CMAKE_PREFIX_PATH=${CMAKE_PREFIX_PATH}:/home/adi/eyrc_hb/hb_task_2_ws/install/hb_task2a:/opt/ros/humble /usr/bin/cmake --install /home/adi/eyrc_hb/hb_task_2_ws/build/my_robot_interfaces
[2.817s] Level 1:colcon.colcon_core.environment:create_environment_scripts_only(my_robot_interfaces)
[2.818s] DEBUG:colcon.colcon_core.event_handler.log_command:Invoked command in '/home/adi/eyrc_hb/hb_task_2_ws/build/my_robot_interfaces' returned '0': CMAKE_PREFIX_PATH=${CMAKE_PREFIX_PATH}:/home/adi/eyrc_hb/hb_task_2_ws/install/hb_task2a:/opt/ros/humble /usr/bin/cmake --install /home/adi/eyrc_hb/hb_task_2_ws/build/my_robot_interfaces
[2.838s] Level 1:colcon.colcon_core.environment:checking '/home/adi/eyrc_hb/hb_task_2_ws/install/my_robot_interfaces' for CMake module files
[2.839s] Level 1:colcon.colcon_core.environment:checking '/home/adi/eyrc_hb/hb_task_2_ws/install/my_robot_interfaces' for CMake config files
[2.839s] Level 1:colcon.colcon_core.shell:create_environment_hook('my_robot_interfaces', 'cmake_prefix_path')
[2.858s] INFO:colcon.colcon_core.shell:Creating environment hook '/home/adi/eyrc_hb/hb_task_2_ws/install/my_robot_interfaces/share/my_robot_interfaces/hook/cmake_prefix_path.ps1'
[2.858s] INFO:colcon.colcon_core.shell:Creating environment descriptor '/home/adi/eyrc_hb/hb_task_2_ws/install/my_robot_interfaces/share/my_robot_interfaces/hook/cmake_prefix_path.dsv'
[2.858s] INFO:colcon.colcon_core.shell:Creating environment hook '/home/adi/eyrc_hb/hb_task_2_ws/install/my_robot_interfaces/share/my_robot_interfaces/hook/cmake_prefix_path.sh'
[2.859s] Level 1:colcon.colcon_core.environment:checking '/home/adi/eyrc_hb/hb_task_2_ws/install/my_robot_interfaces/lib'
[2.859s] Level 1:colcon.colcon_core.shell:create_environment_hook('my_robot_interfaces', 'ld_library_path_lib')
[2.877s] INFO:colcon.colcon_core.shell:Creating environment hook '/home/adi/eyrc_hb/hb_task_2_ws/install/my_robot_interfaces/share/my_robot_interfaces/hook/ld_library_path_lib.ps1'
[2.877s] INFO:colcon.colcon_core.shell:Creating environment descriptor '/home/adi/eyrc_hb/hb_task_2_ws/install/my_robot_interfaces/share/my_robot_interfaces/hook/ld_library_path_lib.dsv'
[2.878s] INFO:colcon.colcon_core.shell:Creating environment hook '/home/adi/eyrc_hb/hb_task_2_ws/install/my_robot_interfaces/share/my_robot_interfaces/hook/ld_library_path_lib.sh'
[2.878s] Level 1:colcon.colcon_core.environment:checking '/home/adi/eyrc_hb/hb_task_2_ws/install/my_robot_interfaces/bin'
[2.878s] Level 1:colcon.colcon_core.environment:checking '/home/adi/eyrc_hb/hb_task_2_ws/install/my_robot_interfaces/lib/pkgconfig/my_robot_interfaces.pc'
[2.878s] Level 1:colcon.colcon_core.environment:checking '/home/adi/eyrc_hb/hb_task_2_ws/install/my_robot_interfaces/lib/python3.10/site-packages'
[2.878s] Level 1:colcon.colcon_core.environment:checking '/home/adi/eyrc_hb/hb_task_2_ws/install/my_robot_interfaces/bin'
[2.897s] INFO:colcon.colcon_core.shell:Creating package script '/home/adi/eyrc_hb/hb_task_2_ws/install/my_robot_interfaces/share/my_robot_interfaces/package.ps1'
[2.898s] INFO:colcon.colcon_core.shell:Creating package descriptor '/home/adi/eyrc_hb/hb_task_2_ws/install/my_robot_interfaces/share/my_robot_interfaces/package.dsv'
[2.898s] INFO:colcon.colcon_core.shell:Creating package script '/home/adi/eyrc_hb/hb_task_2_ws/install/my_robot_interfaces/share/my_robot_interfaces/package.sh'
[2.899s] INFO:colcon.colcon_core.shell:Creating package script '/home/adi/eyrc_hb/hb_task_2_ws/install/my_robot_interfaces/share/my_robot_interfaces/package.bash'
[2.899s] INFO:colcon.colcon_core.shell:Creating package script '/home/adi/eyrc_hb/hb_task_2_ws/install/my_robot_interfaces/share/my_robot_interfaces/package.zsh'
[2.899s] Level 1:colcon.colcon_core.environment:create_file_with_runtime_dependencies(/home/adi/eyrc_hb/hb_task_2_ws/install/my_robot_interfaces/share/colcon-core/packages/my_robot_interfaces)
[2.976s] Level 1:colcon.colcon_core.environment:create_environment_scripts_only(my_robot_interfaces)
[2.995s] Level 1:colcon.colcon_core.environment:checking '/home/adi/eyrc_hb/hb_task_2_ws/install/my_robot_interfaces' for CMake module files
[2.995s] Level 1:colcon.colcon_core.environment:checking '/home/adi/eyrc_hb/hb_task_2_ws/install/my_robot_interfaces' for CMake config files
[2.996s] Level 1:colcon.colcon_core.shell:create_environment_hook('my_robot_interfaces', 'cmake_prefix_path')
[3.014s] INFO:colcon.colcon_core.shell:Creating environment hook '/home/adi/eyrc_hb/hb_task_2_ws/install/my_robot_interfaces/share/my_robot_interfaces/hook/cmake_prefix_path.ps1'
[3.014s] INFO:colcon.colcon_core.shell:Creating environment descriptor '/home/adi/eyrc_hb/hb_task_2_ws/install/my_robot_interfaces/share/my_robot_interfaces/hook/cmake_prefix_path.dsv'
[3.014s] INFO:colcon.colcon_core.shell:Creating environment hook '/home/adi/eyrc_hb/hb_task_2_ws/install/my_robot_interfaces/share/my_robot_interfaces/hook/cmake_prefix_path.sh'
[3.015s] Level 1:colcon.colcon_core.environment:checking '/home/adi/eyrc_hb/hb_task_2_ws/install/my_robot_interfaces/lib'
[3.015s] Level 1:colcon.colcon_core.shell:create_environment_hook('my_robot_interfaces', 'ld_library_path_lib')
[3.034s] INFO:colcon.colcon_core.shell:Creating environment hook '/home/adi/eyrc_hb/hb_task_2_ws/install/my_robot_interfaces/share/my_robot_interfaces/hook/ld_library_path_lib.ps1'
[3.035s] INFO:colcon.colcon_core.shell:Creating environment descriptor '/home/adi/eyrc_hb/hb_task_2_ws/install/my_robot_interfaces/share/my_robot_interfaces/hook/ld_library_path_lib.dsv'
[3.035s] INFO:colcon.colcon_core.shell:Creating environment hook '/home/adi/eyrc_hb/hb_task_2_ws/install/my_robot_interfaces/share/my_robot_interfaces/hook/ld_library_path_lib.sh'
[3.035s] Level 1:colcon.colcon_core.environment:checking '/home/adi/eyrc_hb/hb_task_2_ws/install/my_robot_interfaces/bin'
[3.035s] Level 1:colcon.colcon_core.environment:checking '/home/adi/eyrc_hb/hb_task_2_ws/install/my_robot_interfaces/lib/pkgconfig/my_robot_interfaces.pc'
[3.036s] Level 1:colcon.colcon_core.environment:checking '/home/adi/eyrc_hb/hb_task_2_ws/install/my_robot_interfaces/lib/python3.10/site-packages'
[3.036s] Level 1:colcon.colcon_core.environment:checking '/home/adi/eyrc_hb/hb_task_2_ws/install/my_robot_interfaces/bin'
[3.059s] INFO:colcon.colcon_core.shell:Creating package script '/home/adi/eyrc_hb/hb_task_2_ws/install/my_robot_interfaces/share/my_robot_interfaces/package.ps1'
[3.060s] INFO:colcon.colcon_core.shell:Creating package descriptor '/home/adi/eyrc_hb/hb_task_2_ws/install/my_robot_interfaces/share/my_robot_interfaces/package.dsv'
[3.060s] INFO:colcon.colcon_core.shell:Creating package script '/home/adi/eyrc_hb/hb_task_2_ws/install/my_robot_interfaces/share/my_robot_interfaces/package.sh'
[3.060s] INFO:colcon.colcon_core.shell:Creating package script '/home/adi/eyrc_hb/hb_task_2_ws/install/my_robot_interfaces/share/my_robot_interfaces/package.bash'
[3.061s] INFO:colcon.colcon_core.shell:Creating package script '/home/adi/eyrc_hb/hb_task_2_ws/install/my_robot_interfaces/share/my_robot_interfaces/package.zsh'
[3.061s] Level 1:colcon.colcon_core.environment:create_file_with_runtime_dependencies(/home/adi/eyrc_hb/hb_task_2_ws/install/my_robot_interfaces/share/colcon-core/packages/my_robot_interfaces)
[3.089s] DEBUG:colcon.colcon_core.event_handler.log_command:Invoked command in '/home/adi/eyrc_hb/hb_task_2_ws/src/eYRC-2023_Hologlyph_Bots/hb_task2a' returned '0': PYTHONPATH=/home/adi/eyrc_hb/hb_task_2_ws/build/hb_task2a/prefix_override:/home/adi/eyrc_hb/hb_task_2_ws/install/hb_task2a/lib/python3.10/site-packages:${PYTHONPATH} /usr/bin/python3 setup.py egg_info --egg-base ../../../build/hb_task2a build --build-base /home/adi/eyrc_hb/hb_task_2_ws/build/hb_task2a/build install --record /home/adi/eyrc_hb/hb_task_2_ws/build/hb_task2a/install.log --single-version-externally-managed
[3.108s] Level 1:colcon.colcon_core.environment:checking '/home/adi/eyrc_hb/hb_task_2_ws/install/hb_task2a' for CMake module files
[3.108s] Level 1:colcon.colcon_core.environment:checking '/home/adi/eyrc_hb/hb_task_2_ws/install/hb_task2a' for CMake config files
[3.109s] Level 1:colcon.colcon_core.environment:checking '/home/adi/eyrc_hb/hb_task_2_ws/install/hb_task2a/lib'
[3.109s] Level 1:colcon.colcon_core.environment:checking '/home/adi/eyrc_hb/hb_task_2_ws/install/hb_task2a/bin'
[3.109s] Level 1:colcon.colcon_core.environment:checking '/home/adi/eyrc_hb/hb_task_2_ws/install/hb_task2a/lib/pkgconfig/hb_task2a.pc'
[3.109s] Level 1:colcon.colcon_core.environment:checking '/home/adi/eyrc_hb/hb_task_2_ws/install/hb_task2a/lib/python3.10/site-packages'
[3.109s] Level 1:colcon.colcon_core.shell:create_environment_hook('hb_task2a', 'pythonpath')
[3.128s] INFO:colcon.colcon_core.shell:Creating environment hook '/home/adi/eyrc_hb/hb_task_2_ws/install/hb_task2a/share/hb_task2a/hook/pythonpath.ps1'
[3.128s] INFO:colcon.colcon_core.shell:Creating environment descriptor '/home/adi/eyrc_hb/hb_task_2_ws/install/hb_task2a/share/hb_task2a/hook/pythonpath.dsv'
[3.129s] INFO:colcon.colcon_core.shell:Creating environment hook '/home/adi/eyrc_hb/hb_task_2_ws/install/hb_task2a/share/hb_task2a/hook/pythonpath.sh'
[3.129s] Level 1:colcon.colcon_core.environment:checking '/home/adi/eyrc_hb/hb_task_2_ws/install/hb_task2a/bin'
[3.129s] Level 1:colcon.colcon_core.environment:create_environment_scripts_only(hb_task2a)
[3.147s] INFO:colcon.colcon_core.shell:Creating package script '/home/adi/eyrc_hb/hb_task_2_ws/install/hb_task2a/share/hb_task2a/package.ps1'
[3.147s] INFO:colcon.colcon_core.shell:Creating package descriptor '/home/adi/eyrc_hb/hb_task_2_ws/install/hb_task2a/share/hb_task2a/package.dsv'
[3.148s] INFO:colcon.colcon_core.shell:Creating package script '/home/adi/eyrc_hb/hb_task_2_ws/install/hb_task2a/share/hb_task2a/package.sh'
[3.148s] INFO:colcon.colcon_core.shell:Creating package script '/home/adi/eyrc_hb/hb_task_2_ws/install/hb_task2a/share/hb_task2a/package.bash'
[3.148s] INFO:colcon.colcon_core.shell:Creating package script '/home/adi/eyrc_hb/hb_task_2_ws/install/hb_task2a/share/hb_task2a/package.zsh'
[3.148s] Level 1:colcon.colcon_core.environment:create_file_with_runtime_dependencies(/home/adi/eyrc_hb/hb_task_2_ws/install/hb_task2a/share/colcon-core/packages/hb_task2a)
[3.149s] DEBUG:colcon.colcon_parallel_executor.executor.parallel:closing loop
[3.149s] DEBUG:colcon.colcon_parallel_executor.executor.parallel:loop closed
[3.149s] DEBUG:colcon.colcon_parallel_executor.executor.parallel:run_until_complete finished with '0'
[3.149s] DEBUG:colcon.colcon_core.event_reactor:joining thread
[3.173s] INFO:colcon.colcon_core.plugin_system:Skipping extension 'colcon_notification.desktop_notification.terminal_notifier': Not used on non-Darwin systems
[3.173s] INFO:colcon.colcon_core.plugin_system:Skipping extension 'colcon_notification.desktop_notification.win32': Not used on non-Windows systems
[3.173s] INFO:colcon.colcon_notification.desktop_notification:Sending desktop notification using 'notify2'
[3.182s] DEBUG:colcon.colcon_core.event_reactor:joined thread
[3.203s] INFO:colcon.colcon_core.shell:Creating prefix script '/home/adi/eyrc_hb/hb_task_2_ws/install/local_setup.ps1'
[3.204s] INFO:colcon.colcon_core.shell:Creating prefix util module '/home/adi/eyrc_hb/hb_task_2_ws/install/_local_setup_util_ps1.py'
[3.205s] INFO:colcon.colcon_core.shell:Creating prefix chain script '/home/adi/eyrc_hb/hb_task_2_ws/install/setup.ps1'
[3.225s] INFO:colcon.colcon_core.shell:Creating prefix script '/home/adi/eyrc_hb/hb_task_2_ws/install/local_setup.sh'
[3.225s] INFO:colcon.colcon_core.shell:Creating prefix util module '/home/adi/eyrc_hb/hb_task_2_ws/install/_local_setup_util_sh.py'
[3.226s] INFO:colcon.colcon_core.shell:Creating prefix chain script '/home/adi/eyrc_hb/hb_task_2_ws/install/setup.sh'
[3.245s] INFO:colcon.colcon_core.shell:Creating prefix script '/home/adi/eyrc_hb/hb_task_2_ws/install/local_setup.bash'
[3.245s] INFO:colcon.colcon_core.shell:Creating prefix chain script '/home/adi/eyrc_hb/hb_task_2_ws/install/setup.bash'
[3.265s] INFO:colcon.colcon_core.shell:Creating prefix script '/home/adi/eyrc_hb/hb_task_2_ws/install/local_setup.zsh'
[3.265s] INFO:colcon.colcon_core.shell:Creating prefix chain script '/home/adi/eyrc_hb/hb_task_2_ws/install/setup.zsh'
