[2.429s] Invoking command in '/home/adi/eyrc_hb/hb_task_2_ws/build/hb_world': CMAKE_PREFIX_PATH=${CMAKE_PREFIX_PATH}:/home/adi/eyrc_hb/hb_task_2_ws/install/hb_task2a:/opt/ros/humble /usr/bin/cmake --build /home/adi/eyrc_hb/hb_task_2_ws/build/hb_world -- -j8 -l8
[2.627s] Invoked command in '/home/adi/eyrc_hb/hb_task_2_ws/build/hb_world' returned '0': CMAKE_PREFIX_PATH=${CMAKE_PREFIX_PATH}:/home/adi/eyrc_hb/hb_task_2_ws/install/hb_task2a:/opt/ros/humble /usr/bin/cmake --build /home/adi/eyrc_hb/hb_task_2_ws/build/hb_world -- -j8 -l8
[3.274s] Invoking command in '/home/adi/eyrc_hb/hb_task_2_ws/build/hb_world': CMAKE_PREFIX_PATH=${CMAKE_PREFIX_PATH}:/home/adi/eyrc_hb/hb_task_2_ws/install/hb_task2a:/opt/ros/humble /usr/bin/cmake --install /home/adi/eyrc_hb/hb_task_2_ws/build/hb_world
[3.310s] -- Install configuration: ""
[3.311s] -- Up-to-date: /home/adi/eyrc_hb/hb_task_2_ws/install/hb_world/share/hb_world//launch
[3.311s] -- Up-to-date: /home/adi/eyrc_hb/hb_task_2_ws/install/hb_world/share/hb_world//launch/world.launch.py
[3.312s] -- Up-to-date: /home/adi/eyrc_hb/hb_task_2_ws/install/hb_world/share/hb_world//worlds
[3.313s] -- Up-to-date: /home/adi/eyrc_hb/hb_task_2_ws/install/hb_world/share/hb_world//worlds/gazebo.world
[3.314s] -- Up-to-date: /home/adi/eyrc_hb/hb_task_2_ws/install/hb_world/share/hb_world//models
[3.315s] -- Up-to-date: /home/adi/eyrc_hb/hb_task_2_ws/install/hb_world/share/hb_world//models/e_camera
[3.315s] -- Up-to-date: /home/adi/eyrc_hb/hb_task_2_ws/install/hb_world/share/hb_world//models/e_camera/model.sdf
[3.316s] -- Up-to-date: /home/adi/eyrc_hb/hb_task_2_ws/install/hb_world/share/hb_world//models/e_camera/model.config
[3.317s] -- Up-to-date: /home/adi/eyrc_hb/hb_task_2_ws/install/hb_world/share/hb_world//models/e_camera/meshes
[3.318s] -- Up-to-date: /home/adi/eyrc_hb/hb_task_2_ws/install/hb_world/share/hb_world//models/e_camera/meshes/camera.dae
[3.319s] -- Up-to-date: /home/adi/eyrc_hb/hb_task_2_ws/install/hb_world/share/hb_world//models/e_camera/meshes/17eyantra_logo_large e.png
[3.320s] -- Up-to-date: /home/adi/eyrc_hb/hb_task_2_ws/install/hb_world/share/hb_world//models/arena
[3.320s] -- Up-to-date: /home/adi/eyrc_hb/hb_task_2_ws/install/hb_world/share/hb_world//models/arena/model.sdf
[3.321s] -- Up-to-date: /home/adi/eyrc_hb/hb_task_2_ws/install/hb_world/share/hb_world//models/arena/model.config
[3.322s] -- Up-to-date: /home/adi/eyrc_hb/hb_task_2_ws/install/hb_world/share/hb_world//models/arena/meshes
[3.323s] -- Up-to-date: /home/adi/eyrc_hb/hb_task_2_ws/install/hb_world/share/hb_world//models/arena/meshes/arena.jpg
[3.323s] -- Up-to-date: /home/adi/eyrc_hb/hb_task_2_ws/install/hb_world/share/hb_world//models/arena/meshes/arena.dae
[3.324s] -- Up-to-date: /home/adi/eyrc_hb/hb_task_2_ws/install/hb_world/share/hb_world//models/ground_surface
[3.325s] -- Up-to-date: /home/adi/eyrc_hb/hb_task_2_ws/install/hb_world/share/hb_world//models/ground_surface/model.sdf
[3.326s] -- Up-to-date: /home/adi/eyrc_hb/hb_task_2_ws/install/hb_world/share/hb_world//models/ground_surface/model.config
[3.327s] -- Up-to-date: /home/adi/eyrc_hb/hb_task_2_ws/install/hb_world/share/hb_world//models/ground_surface/meshes
[3.328s] -- Up-to-date: /home/adi/eyrc_hb/hb_task_2_ws/install/hb_world/share/hb_world//models/ground_surface/meshes/geoglyph.jpg
[3.329s] -- Up-to-date: /home/adi/eyrc_hb/hb_task_2_ws/install/hb_world/share/hb_world//models/ground_surface/meshes/ground_surface.dae
[3.330s] -- Up-to-date: /home/adi/eyrc_hb/hb_task_2_ws/install/hb_world/share/ament_index/resource_index/package_run_dependencies/hb_world
[3.331s] -- Up-to-date: /home/adi/eyrc_hb/hb_task_2_ws/install/hb_world/share/ament_index/resource_index/parent_prefix_path/hb_world
[3.332s] -- Up-to-date: /home/adi/eyrc_hb/hb_task_2_ws/install/hb_world/share/hb_world/environment/ament_prefix_path.sh
[3.333s] -- Up-to-date: /home/adi/eyrc_hb/hb_task_2_ws/install/hb_world/share/hb_world/environment/ament_prefix_path.dsv
[3.334s] -- Up-to-date: /home/adi/eyrc_hb/hb_task_2_ws/install/hb_world/share/hb_world/environment/path.sh
[3.335s] -- Up-to-date: /home/adi/eyrc_hb/hb_task_2_ws/install/hb_world/share/hb_world/environment/path.dsv
[3.336s] -- Up-to-date: /home/adi/eyrc_hb/hb_task_2_ws/install/hb_world/share/hb_world/local_setup.bash
[3.337s] -- Up-to-date: /home/adi/eyrc_hb/hb_task_2_ws/install/hb_world/share/hb_world/local_setup.sh
[3.338s] -- Up-to-date: /home/adi/eyrc_hb/hb_task_2_ws/install/hb_world/share/hb_world/local_setup.zsh
[3.339s] -- Up-to-date: /home/adi/eyrc_hb/hb_task_2_ws/install/hb_world/share/hb_world/local_setup.dsv
[3.340s] -- Installing: /home/adi/eyrc_hb/hb_task_2_ws/install/hb_world/share/hb_world/package.dsv
[3.341s] -- Up-to-date: /home/adi/eyrc_hb/hb_task_2_ws/install/hb_world/share/ament_index/resource_index/packages/hb_world
[3.342s] -- Up-to-date: /home/adi/eyrc_hb/hb_task_2_ws/install/hb_world/share/hb_world/cmake/hb_worldConfig.cmake
[3.343s] -- Up-to-date: /home/adi/eyrc_hb/hb_task_2_ws/install/hb_world/share/hb_world/cmake/hb_worldConfig-version.cmake
[3.344s] -- Up-to-date: /home/adi/eyrc_hb/hb_task_2_ws/install/hb_world/share/hb_world/package.xml
[3.365s] Invoked command in '/home/adi/eyrc_hb/hb_task_2_ws/build/hb_world' returned '0': CMAKE_PREFIX_PATH=${CMAKE_PREFIX_PATH}:/home/adi/eyrc_hb/hb_task_2_ws/install/hb_task2a:/opt/ros/humble /usr/bin/cmake --install /home/adi/eyrc_hb/hb_task_2_ws/build/hb_world
