[1.674s] Invoking command in '/home/adi/eyrc_hb/hb_task_2_ws/src/eYRC-2023_Hologlyph_Bots/hb_task2a': PYTHONPATH=/home/adi/eyrc_hb/hb_task_2_ws/build/hb_task2a/prefix_override:/home/adi/eyrc_hb/hb_task_2_ws/install/hb_task2a/lib/python3.10/site-packages:${PYTHONPATH} /usr/bin/python3 setup.py egg_info --egg-base ../../../build/hb_task2a build --build-base /home/adi/eyrc_hb/hb_task_2_ws/build/hb_task2a/build install --record /home/adi/eyrc_hb/hb_task_2_ws/build/hb_task2a/install.log --single-version-externally-managed
[2.061s] running egg_info
[2.062s] writing ../../../build/hb_task2a/hb_task2a.egg-info/PKG-INFO
[2.062s] writing dependency_links to ../../../build/hb_task2a/hb_task2a.egg-info/dependency_links.txt
[2.062s] writing entry points to ../../../build/hb_task2a/hb_task2a.egg-info/entry_points.txt
[2.062s] writing requirements to ../../../build/hb_task2a/hb_task2a.egg-info/requires.txt
[2.062s] writing top-level names to ../../../build/hb_task2a/hb_task2a.egg-info/top_level.txt
[2.064s] reading manifest file '../../../build/hb_task2a/hb_task2a.egg-info/SOURCES.txt'
[2.065s] writing manifest file '../../../build/hb_task2a/hb_task2a.egg-info/SOURCES.txt'
[2.066s] running build
[2.066s] running build_py
[2.066s] copying hb_task2a/feedback.py -> /home/adi/eyrc_hb/hb_task_2_ws/build/hb_task2a/build/lib/hb_task2a
[2.066s] running install
[2.066s] running install_lib
[2.067s] copying /home/adi/eyrc_hb/hb_task_2_ws/build/hb_task2a/build/lib/hb_task2a/feedback.py -> /home/adi/eyrc_hb/hb_task_2_ws/install/hb_task2a/lib/python3.10/site-packages/hb_task2a
[2.068s] byte-compiling /home/adi/eyrc_hb/hb_task_2_ws/install/hb_task2a/lib/python3.10/site-packages/hb_task2a/feedback.py to feedback.cpython-310.pyc
[2.070s] running install_data
[2.072s] running install_egg_info
[2.074s] removing '/home/adi/eyrc_hb/hb_task_2_ws/install/hb_task2a/lib/python3.10/site-packages/hb_task2a-0.0.0-py3.10.egg-info' (and everything under it)
[2.074s] Copying ../../../build/hb_task2a/hb_task2a.egg-info to /home/adi/eyrc_hb/hb_task_2_ws/install/hb_task2a/lib/python3.10/site-packages/hb_task2a-0.0.0-py3.10.egg-info
[2.075s] running install_scripts
[2.096s] Installing feedback script to /home/adi/eyrc_hb/hb_task_2_ws/install/hb_task2a/lib/hb_task2a
[2.097s] writing list of installed files to '/home/adi/eyrc_hb/hb_task_2_ws/build/hb_task2a/install.log'
[2.149s] Invoked command in '/home/adi/eyrc_hb/hb_task_2_ws/src/eYRC-2023_Hologlyph_Bots/hb_task2a' returned '0': PYTHONPATH=/home/adi/eyrc_hb/hb_task_2_ws/build/hb_task2a/prefix_override:/home/adi/eyrc_hb/hb_task_2_ws/install/hb_task2a/lib/python3.10/site-packages:${PYTHONPATH} /usr/bin/python3 setup.py egg_info --egg-base ../../../build/hb_task2a build --build-base /home/adi/eyrc_hb/hb_task_2_ws/build/hb_task2a/build install --record /home/adi/eyrc_hb/hb_task_2_ws/build/hb_task2a/install.log --single-version-externally-managed
