[1.144s] DEBUG:colcon:Command line arguments: ['/usr/bin/colcon', 'build']
[1.144s] DEBUG:colcon:Parsed command line arguments: Namespace(log_base=None, log_level=None, verb_name='build', build_base='build', install_base='install', merge_install=False, symlink_install=False, test_result_base=None, continue_on_error=False, executor='parallel', parallel_workers=8, event_handlers=None, ignore_user_meta=False, metas=['./colcon.meta'], base_paths=['.'], packages_ignore=None, packages_ignore_regex=None, paths=None, packages_up_to=None, packages_up_to_regex=None, packages_above=None, packages_above_and_dependencies=None, packages_above_depth=None, packages_select_by_dep=None, packages_skip_by_dep=None, packages_skip_up_to=None, packages_select_build_failed=False, packages_skip_build_finished=False, packages_select_test_failures=False, packages_skip_test_passed=False, packages_select=None, packages_skip=None, packages_select_regex=None, packages_skip_regex=None, packages_start=None, packages_end=None, allow_overriding=[], cmake_args=None, cmake_target=None, cmake_target_skip_unavailable=False, cmake_clean_cache=False, cmake_clean_first=False, cmake_force_configure=False, ament_cmake_args=None, catkin_cmake_args=None, catkin_skip_building_tests=False, verb_parser=<colcon_defaults.argument_parser.defaults.DefaultArgumentsDecorator object at 0x7ffa077d7940>, verb_extension=<colcon_core.verb.build.BuildVerb object at 0x7ffa077d6b30>, main=<bound method BuildVerb.main of <colcon_core.verb.build.BuildVerb object at 0x7ffa077d6b30>>)
[1.191s] Level 1:colcon.colcon_core.package_discovery:discover_packages(colcon_meta) check parameters
[1.191s] Level 1:colcon.colcon_core.package_discovery:discover_packages(recursive) check parameters
[1.191s] Level 1:colcon.colcon_core.package_discovery:discover_packages(ignore) check parameters
[1.191s] Level 1:colcon.colcon_core.package_discovery:discover_packages(path) check parameters
[1.191s] Level 1:colcon.colcon_core.package_discovery:discover_packages(colcon_meta) discover
[1.191s] Level 1:colcon.colcon_core.package_discovery:discover_packages(recursive) discover
[1.191s] INFO:colcon.colcon_core.package_discovery:Crawling recursively for packages in '/home/adi/eyrc_hb/hb_task_2_ws'
[1.191s] Level 1:colcon.colcon_core.package_identification:_identify(.) by extensions ['ignore', 'ignore_ament_install']
[1.191s] Level 1:colcon.colcon_core.package_identification:_identify(.) by extension 'ignore'
[1.191s] Level 1:colcon.colcon_core.package_identification:_identify(.) by extension 'ignore_ament_install'
[1.191s] Level 1:colcon.colcon_core.package_identification:_identify(.) by extensions ['colcon_pkg']
[1.191s] Level 1:colcon.colcon_core.package_identification:_identify(.) by extension 'colcon_pkg'
[1.192s] Level 1:colcon.colcon_core.package_identification:_identify(.) by extensions ['colcon_meta']
[1.192s] Level 1:colcon.colcon_core.package_identification:_identify(.) by extension 'colcon_meta'
[1.192s] Level 1:colcon.colcon_core.package_identification:_identify(.) by extensions ['ros']
[1.192s] Level 1:colcon.colcon_core.package_identification:_identify(.) by extension 'ros'
[1.202s] Level 1:colcon.colcon_core.package_identification:_identify(.) by extensions ['cmake', 'python']
[1.202s] Level 1:colcon.colcon_core.package_identification:_identify(.) by extension 'cmake'
[1.202s] Level 1:colcon.colcon_core.package_identification:_identify(.) by extension 'python'
[1.202s] Level 1:colcon.colcon_core.package_identification:_identify(.) by extensions ['python_setup_py']
[1.202s] Level 1:colcon.colcon_core.package_identification:_identify(.) by extension 'python_setup_py'
[1.202s] Level 1:colcon.colcon_core.package_identification:_identify(build) by extensions ['ignore', 'ignore_ament_install']
[1.202s] Level 1:colcon.colcon_core.package_identification:_identify(build) by extension 'ignore'
[1.202s] Level 1:colcon.colcon_core.package_identification:_identify(build) ignored
[1.202s] Level 1:colcon.colcon_core.package_identification:_identify(install) by extensions ['ignore', 'ignore_ament_install']
[1.202s] Level 1:colcon.colcon_core.package_identification:_identify(install) by extension 'ignore'
[1.202s] Level 1:colcon.colcon_core.package_identification:_identify(install) ignored
[1.202s] Level 1:colcon.colcon_core.package_identification:_identify(log) by extensions ['ignore', 'ignore_ament_install']
[1.203s] Level 1:colcon.colcon_core.package_identification:_identify(log) by extension 'ignore'
[1.203s] Level 1:colcon.colcon_core.package_identification:_identify(log) ignored
[1.203s] Level 1:colcon.colcon_core.package_identification:_identify(src) by extensions ['ignore', 'ignore_ament_install']
[1.203s] Level 1:colcon.colcon_core.package_identification:_identify(src) by extension 'ignore'
[1.203s] Level 1:colcon.colcon_core.package_identification:_identify(src) by extension 'ignore_ament_install'
[1.203s] Level 1:colcon.colcon_core.package_identification:_identify(src) by extensions ['colcon_pkg']
[1.203s] Level 1:colcon.colcon_core.package_identification:_identify(src) by extension 'colcon_pkg'
[1.203s] Level 1:colcon.colcon_core.package_identification:_identify(src) by extensions ['colcon_meta']
[1.203s] Level 1:colcon.colcon_core.package_identification:_identify(src) by extension 'colcon_meta'
[1.203s] Level 1:colcon.colcon_core.package_identification:_identify(src) by extensions ['ros']
[1.203s] Level 1:colcon.colcon_core.package_identification:_identify(src) by extension 'ros'
[1.203s] Level 1:colcon.colcon_core.package_identification:_identify(src) by extensions ['cmake', 'python']
[1.203s] Level 1:colcon.colcon_core.package_identification:_identify(src) by extension 'cmake'
[1.203s] Level 1:colcon.colcon_core.package_identification:_identify(src) by extension 'python'
[1.203s] Level 1:colcon.colcon_core.package_identification:_identify(src) by extensions ['python_setup_py']
[1.203s] Level 1:colcon.colcon_core.package_identification:_identify(src) by extension 'python_setup_py'
[1.203s] Level 1:colcon.colcon_core.package_identification:_identify(src/eYRC-2023_Hologlyph_Bots) by extensions ['ignore', 'ignore_ament_install']
[1.203s] Level 1:colcon.colcon_core.package_identification:_identify(src/eYRC-2023_Hologlyph_Bots) by extension 'ignore'
[1.203s] Level 1:colcon.colcon_core.package_identification:_identify(src/eYRC-2023_Hologlyph_Bots) by extension 'ignore_ament_install'
[1.203s] Level 1:colcon.colcon_core.package_identification:_identify(src/eYRC-2023_Hologlyph_Bots) by extensions ['colcon_pkg']
[1.203s] Level 1:colcon.colcon_core.package_identification:_identify(src/eYRC-2023_Hologlyph_Bots) by extension 'colcon_pkg'
[1.203s] Level 1:colcon.colcon_core.package_identification:_identify(src/eYRC-2023_Hologlyph_Bots) by extensions ['colcon_meta']
[1.203s] Level 1:colcon.colcon_core.package_identification:_identify(src/eYRC-2023_Hologlyph_Bots) by extension 'colcon_meta'
[1.204s] Level 1:colcon.colcon_core.package_identification:_identify(src/eYRC-2023_Hologlyph_Bots) by extensions ['ros']
[1.204s] Level 1:colcon.colcon_core.package_identification:_identify(src/eYRC-2023_Hologlyph_Bots) by extension 'ros'
[1.204s] Level 1:colcon.colcon_core.package_identification:_identify(src/eYRC-2023_Hologlyph_Bots) by extensions ['cmake', 'python']
[1.204s] Level 1:colcon.colcon_core.package_identification:_identify(src/eYRC-2023_Hologlyph_Bots) by extension 'cmake'
[1.204s] Level 1:colcon.colcon_core.package_identification:_identify(src/eYRC-2023_Hologlyph_Bots) by extension 'python'
[1.204s] Level 1:colcon.colcon_core.package_identification:_identify(src/eYRC-2023_Hologlyph_Bots) by extensions ['python_setup_py']
[1.204s] Level 1:colcon.colcon_core.package_identification:_identify(src/eYRC-2023_Hologlyph_Bots) by extension 'python_setup_py'
[1.204s] Level 1:colcon.colcon_core.package_identification:_identify(src/eYRC-2023_Hologlyph_Bots/hb_bot) by extensions ['ignore', 'ignore_ament_install']
[1.204s] Level 1:colcon.colcon_core.package_identification:_identify(src/eYRC-2023_Hologlyph_Bots/hb_bot) by extension 'ignore'
[1.204s] Level 1:colcon.colcon_core.package_identification:_identify(src/eYRC-2023_Hologlyph_Bots/hb_bot) by extension 'ignore_ament_install'
[1.204s] Level 1:colcon.colcon_core.package_identification:_identify(src/eYRC-2023_Hologlyph_Bots/hb_bot) by extensions ['colcon_pkg']
[1.204s] Level 1:colcon.colcon_core.package_identification:_identify(src/eYRC-2023_Hologlyph_Bots/hb_bot) by extension 'colcon_pkg'
[1.204s] Level 1:colcon.colcon_core.package_identification:_identify(src/eYRC-2023_Hologlyph_Bots/hb_bot) by extensions ['colcon_meta']
[1.204s] Level 1:colcon.colcon_core.package_identification:_identify(src/eYRC-2023_Hologlyph_Bots/hb_bot) by extension 'colcon_meta'
[1.204s] Level 1:colcon.colcon_core.package_identification:_identify(src/eYRC-2023_Hologlyph_Bots/hb_bot) by extensions ['ros']
[1.204s] Level 1:colcon.colcon_core.package_identification:_identify(src/eYRC-2023_Hologlyph_Bots/hb_bot) by extension 'ros'
[1.206s] DEBUG:colcon.colcon_core.package_identification:Package 'src/eYRC-2023_Hologlyph_Bots/hb_bot' with type 'ros.ament_cmake' and name 'hb_bot'
[1.206s] Level 1:colcon.colcon_core.package_identification:_identify(src/eYRC-2023_Hologlyph_Bots/hb_task2a) by extensions ['ignore', 'ignore_ament_install']
[1.206s] Level 1:colcon.colcon_core.package_identification:_identify(src/eYRC-2023_Hologlyph_Bots/hb_task2a) by extension 'ignore'
[1.206s] Level 1:colcon.colcon_core.package_identification:_identify(src/eYRC-2023_Hologlyph_Bots/hb_task2a) by extension 'ignore_ament_install'
[1.206s] Level 1:colcon.colcon_core.package_identification:_identify(src/eYRC-2023_Hologlyph_Bots/hb_task2a) by extensions ['colcon_pkg']
[1.207s] Level 1:colcon.colcon_core.package_identification:_identify(src/eYRC-2023_Hologlyph_Bots/hb_task2a) by extension 'colcon_pkg'
[1.207s] Level 1:colcon.colcon_core.package_identification:_identify(src/eYRC-2023_Hologlyph_Bots/hb_task2a) by extensions ['colcon_meta']
[1.207s] Level 1:colcon.colcon_core.package_identification:_identify(src/eYRC-2023_Hologlyph_Bots/hb_task2a) by extension 'colcon_meta'
[1.207s] Level 1:colcon.colcon_core.package_identification:_identify(src/eYRC-2023_Hologlyph_Bots/hb_task2a) by extensions ['ros']
[1.207s] Level 1:colcon.colcon_core.package_identification:_identify(src/eYRC-2023_Hologlyph_Bots/hb_task2a) by extension 'ros'
[1.207s] DEBUG:colcon.colcon_core.package_identification:Package 'src/eYRC-2023_Hologlyph_Bots/hb_task2a' with type 'ros.ament_python' and name 'hb_task2a'
[1.207s] Level 1:colcon.colcon_core.package_identification:_identify(src/eYRC-2023_Hologlyph_Bots/hb_world) by extensions ['ignore', 'ignore_ament_install']
[1.207s] Level 1:colcon.colcon_core.package_identification:_identify(src/eYRC-2023_Hologlyph_Bots/hb_world) by extension 'ignore'
[1.207s] Level 1:colcon.colcon_core.package_identification:_identify(src/eYRC-2023_Hologlyph_Bots/hb_world) by extension 'ignore_ament_install'
[1.207s] Level 1:colcon.colcon_core.package_identification:_identify(src/eYRC-2023_Hologlyph_Bots/hb_world) by extensions ['colcon_pkg']
[1.208s] Level 1:colcon.colcon_core.package_identification:_identify(src/eYRC-2023_Hologlyph_Bots/hb_world) by extension 'colcon_pkg'
[1.208s] Level 1:colcon.colcon_core.package_identification:_identify(src/eYRC-2023_Hologlyph_Bots/hb_world) by extensions ['colcon_meta']
[1.208s] Level 1:colcon.colcon_core.package_identification:_identify(src/eYRC-2023_Hologlyph_Bots/hb_world) by extension 'colcon_meta'
[1.208s] Level 1:colcon.colcon_core.package_identification:_identify(src/eYRC-2023_Hologlyph_Bots/hb_world) by extensions ['ros']
[1.208s] Level 1:colcon.colcon_core.package_identification:_identify(src/eYRC-2023_Hologlyph_Bots/hb_world) by extension 'ros'
[1.208s] DEBUG:colcon.colcon_core.package_identification:Package 'src/eYRC-2023_Hologlyph_Bots/hb_world' with type 'ros.ament_cmake' and name 'hb_world'
[1.208s] Level 1:colcon.colcon_core.package_identification:_identify(src/eYRC-2023_Hologlyph_Bots/my_robot_interfaces) by extensions ['ignore', 'ignore_ament_install']
[1.208s] Level 1:colcon.colcon_core.package_identification:_identify(src/eYRC-2023_Hologlyph_Bots/my_robot_interfaces) by extension 'ignore'
[1.208s] Level 1:colcon.colcon_core.package_identification:_identify(src/eYRC-2023_Hologlyph_Bots/my_robot_interfaces) by extension 'ignore_ament_install'
[1.208s] Level 1:colcon.colcon_core.package_identification:_identify(src/eYRC-2023_Hologlyph_Bots/my_robot_interfaces) by extensions ['colcon_pkg']
[1.208s] Level 1:colcon.colcon_core.package_identification:_identify(src/eYRC-2023_Hologlyph_Bots/my_robot_interfaces) by extension 'colcon_pkg'
[1.208s] Level 1:colcon.colcon_core.package_identification:_identify(src/eYRC-2023_Hologlyph_Bots/my_robot_interfaces) by extensions ['colcon_meta']
[1.208s] Level 1:colcon.colcon_core.package_identification:_identify(src/eYRC-2023_Hologlyph_Bots/my_robot_interfaces) by extension 'colcon_meta'
[1.208s] Level 1:colcon.colcon_core.package_identification:_identify(src/eYRC-2023_Hologlyph_Bots/my_robot_interfaces) by extensions ['ros']
[1.209s] Level 1:colcon.colcon_core.package_identification:_identify(src/eYRC-2023_Hologlyph_Bots/my_robot_interfaces) by extension 'ros'
[1.209s] DEBUG:colcon.colcon_core.package_identification:Package 'src/eYRC-2023_Hologlyph_Bots/my_robot_interfaces' with type 'ros.ament_cmake' and name 'my_robot_interfaces'
[1.209s] Level 1:colcon.colcon_core.package_discovery:discover_packages(recursive) using defaults
[1.209s] Level 1:colcon.colcon_core.package_discovery:discover_packages(ignore) discover
[1.209s] Level 1:colcon.colcon_core.package_discovery:discover_packages(ignore) using defaults
[1.209s] Level 1:colcon.colcon_core.package_discovery:discover_packages(path) discover
[1.209s] Level 1:colcon.colcon_core.package_discovery:discover_packages(path) using defaults
[1.317s] Level 1:colcon.colcon_core.package_discovery:discover_packages(prefix_path) check parameters
[1.317s] Level 1:colcon.colcon_core.package_discovery:discover_packages(prefix_path) discover
[1.351s] DEBUG:colcon.colcon_installed_package_information.package_discovery:Found 4 installed packages in /home/adi/eyrc_hb/hb_task_2_ws/install
[1.369s] DEBUG:colcon.colcon_installed_package_information.package_discovery:Found 294 installed packages in /opt/ros/humble
[1.370s] Level 1:colcon.colcon_core.package_discovery:discover_packages(prefix_path) using defaults
[1.462s] Level 5:colcon.colcon_core.verb:set package 'hb_bot' build argument 'cmake_args' from command line to 'None'
[1.462s] Level 5:colcon.colcon_core.verb:set package 'hb_bot' build argument 'cmake_target' from command line to 'None'
[1.462s] Level 5:colcon.colcon_core.verb:set package 'hb_bot' build argument 'cmake_target_skip_unavailable' from command line to 'False'
[1.462s] Level 5:colcon.colcon_core.verb:set package 'hb_bot' build argument 'cmake_clean_cache' from command line to 'False'
[1.462s] Level 5:colcon.colcon_core.verb:set package 'hb_bot' build argument 'cmake_clean_first' from command line to 'False'
[1.462s] Level 5:colcon.colcon_core.verb:set package 'hb_bot' build argument 'cmake_force_configure' from command line to 'False'
[1.462s] Level 5:colcon.colcon_core.verb:set package 'hb_bot' build argument 'ament_cmake_args' from command line to 'None'
[1.462s] Level 5:colcon.colcon_core.verb:set package 'hb_bot' build argument 'catkin_cmake_args' from command line to 'None'
[1.462s] Level 5:colcon.colcon_core.verb:set package 'hb_bot' build argument 'catkin_skip_building_tests' from command line to 'False'
[1.462s] DEBUG:colcon.colcon_core.verb:Building package 'hb_bot' with the following arguments: {'ament_cmake_args': None, 'build_base': '/home/adi/eyrc_hb/hb_task_2_ws/build/hb_bot', 'catkin_cmake_args': None, 'catkin_skip_building_tests': False, 'cmake_args': None, 'cmake_clean_cache': False, 'cmake_clean_first': False, 'cmake_force_configure': False, 'cmake_target': None, 'cmake_target_skip_unavailable': False, 'install_base': '/home/adi/eyrc_hb/hb_task_2_ws/install/hb_bot', 'merge_install': False, 'path': '/home/adi/eyrc_hb/hb_task_2_ws/src/eYRC-2023_Hologlyph_Bots/hb_bot', 'symlink_install': False, 'test_result_base': None}
[1.479s] Level 5:colcon.colcon_core.verb:set package 'hb_task2a' build argument 'cmake_args' from command line to 'None'
[1.479s] Level 5:colcon.colcon_core.verb:set package 'hb_task2a' build argument 'cmake_target' from command line to 'None'
[1.479s] Level 5:colcon.colcon_core.verb:set package 'hb_task2a' build argument 'cmake_target_skip_unavailable' from command line to 'False'
[1.479s] Level 5:colcon.colcon_core.verb:set package 'hb_task2a' build argument 'cmake_clean_cache' from command line to 'False'
[1.479s] Level 5:colcon.colcon_core.verb:set package 'hb_task2a' build argument 'cmake_clean_first' from command line to 'False'
[1.479s] Level 5:colcon.colcon_core.verb:set package 'hb_task2a' build argument 'cmake_force_configure' from command line to 'False'
[1.479s] Level 5:colcon.colcon_core.verb:set package 'hb_task2a' build argument 'ament_cmake_args' from command line to 'None'
[1.479s] Level 5:colcon.colcon_core.verb:set package 'hb_task2a' build argument 'catkin_cmake_args' from command line to 'None'
[1.479s] Level 5:colcon.colcon_core.verb:set package 'hb_task2a' build argument 'catkin_skip_building_tests' from command line to 'False'
[1.479s] DEBUG:colcon.colcon_core.verb:Building package 'hb_task2a' with the following arguments: {'ament_cmake_args': None, 'build_base': '/home/adi/eyrc_hb/hb_task_2_ws/build/hb_task2a', 'catkin_cmake_args': None, 'catkin_skip_building_tests': False, 'cmake_args': None, 'cmake_clean_cache': False, 'cmake_clean_first': False, 'cmake_force_configure': False, 'cmake_target': None, 'cmake_target_skip_unavailable': False, 'install_base': '/home/adi/eyrc_hb/hb_task_2_ws/install/hb_task2a', 'merge_install': False, 'path': '/home/adi/eyrc_hb/hb_task_2_ws/src/eYRC-2023_Hologlyph_Bots/hb_task2a', 'symlink_install': False, 'test_result_base': None}
[1.496s] Level 5:colcon.colcon_core.verb:set package 'hb_world' build argument 'cmake_args' from command line to 'None'
[1.496s] Level 5:colcon.colcon_core.verb:set package 'hb_world' build argument 'cmake_target' from command line to 'None'
[1.496s] Level 5:colcon.colcon_core.verb:set package 'hb_world' build argument 'cmake_target_skip_unavailable' from command line to 'False'
[1.496s] Level 5:colcon.colcon_core.verb:set package 'hb_world' build argument 'cmake_clean_cache' from command line to 'False'
[1.496s] Level 5:colcon.colcon_core.verb:set package 'hb_world' build argument 'cmake_clean_first' from command line to 'False'
[1.496s] Level 5:colcon.colcon_core.verb:set package 'hb_world' build argument 'cmake_force_configure' from command line to 'False'
[1.496s] Level 5:colcon.colcon_core.verb:set package 'hb_world' build argument 'ament_cmake_args' from command line to 'None'
[1.496s] Level 5:colcon.colcon_core.verb:set package 'hb_world' build argument 'catkin_cmake_args' from command line to 'None'
[1.496s] Level 5:colcon.colcon_core.verb:set package 'hb_world' build argument 'catkin_skip_building_tests' from command line to 'False'
[1.496s] DEBUG:colcon.colcon_core.verb:Building package 'hb_world' with the following arguments: {'ament_cmake_args': None, 'build_base': '/home/adi/eyrc_hb/hb_task_2_ws/build/hb_world', 'catkin_cmake_args': None, 'catkin_skip_building_tests': False, 'cmake_args': None, 'cmake_clean_cache': False, 'cmake_clean_first': False, 'cmake_force_configure': False, 'cmake_target': None, 'cmake_target_skip_unavailable': False, 'install_base': '/home/adi/eyrc_hb/hb_task_2_ws/install/hb_world', 'merge_install': False, 'path': '/home/adi/eyrc_hb/hb_task_2_ws/src/eYRC-2023_Hologlyph_Bots/hb_world', 'symlink_install': False, 'test_result_base': None}
[1.513s] Level 5:colcon.colcon_core.verb:set package 'my_robot_interfaces' build argument 'cmake_args' from command line to 'None'
[1.513s] Level 5:colcon.colcon_core.verb:set package 'my_robot_interfaces' build argument 'cmake_target' from command line to 'None'
[1.513s] Level 5:colcon.colcon_core.verb:set package 'my_robot_interfaces' build argument 'cmake_target_skip_unavailable' from command line to 'False'
[1.513s] Level 5:colcon.colcon_core.verb:set package 'my_robot_interfaces' build argument 'cmake_clean_cache' from command line to 'False'
[1.513s] Level 5:colcon.colcon_core.verb:set package 'my_robot_interfaces' build argument 'cmake_clean_first' from command line to 'False'
[1.513s] Level 5:colcon.colcon_core.verb:set package 'my_robot_interfaces' build argument 'cmake_force_configure' from command line to 'False'
[1.513s] Level 5:colcon.colcon_core.verb:set package 'my_robot_interfaces' build argument 'ament_cmake_args' from command line to 'None'
[1.513s] Level 5:colcon.colcon_core.verb:set package 'my_robot_interfaces' build argument 'catkin_cmake_args' from command line to 'None'
[1.513s] Level 5:colcon.colcon_core.verb:set package 'my_robot_interfaces' build argument 'catkin_skip_building_tests' from command line to 'False'
[1.513s] DEBUG:colcon.colcon_core.verb:Building package 'my_robot_interfaces' with the following arguments: {'ament_cmake_args': None, 'build_base': '/home/adi/eyrc_hb/hb_task_2_ws/build/my_robot_interfaces', 'catkin_cmake_args': None, 'catkin_skip_building_tests': False, 'cmake_args': None, 'cmake_clean_cache': False, 'cmake_clean_first': False, 'cmake_force_configure': False, 'cmake_target': None, 'cmake_target_skip_unavailable': False, 'install_base': '/home/adi/eyrc_hb/hb_task_2_ws/install/my_robot_interfaces', 'merge_install': False, 'path': '/home/adi/eyrc_hb/hb_task_2_ws/src/eYRC-2023_Hologlyph_Bots/my_robot_interfaces', 'symlink_install': False, 'test_result_base': None}
[1.529s] INFO:colcon.colcon_core.executor:Executing jobs using 'parallel' executor
[1.546s] DEBUG:colcon.colcon_parallel_executor.executor.parallel:run_until_complete
[1.547s] INFO:colcon.colcon_ros.task.ament_cmake.build:Building ROS package in '/home/adi/eyrc_hb/hb_task_2_ws/src/eYRC-2023_Hologlyph_Bots/hb_bot' with build type 'ament_cmake'
[1.547s] INFO:colcon.colcon_cmake.task.cmake.build:Building CMake package in '/home/adi/eyrc_hb/hb_task_2_ws/src/eYRC-2023_Hologlyph_Bots/hb_bot'
[1.565s] INFO:colcon.colcon_core.plugin_system:Skipping extension 'colcon_core.shell.bat': Not used on non-Windows systems
[1.565s] INFO:colcon.colcon_core.shell:Skip shell extension 'powershell' for command environment: Not usable outside of PowerShell
[1.565s] DEBUG:colcon.colcon_core.shell:Skip shell extension 'dsv' for command environment
[1.622s] INFO:colcon.colcon_ros.task.ament_python.build:Building ROS package in '/home/adi/eyrc_hb/hb_task_2_ws/src/eYRC-2023_Hologlyph_Bots/hb_task2a' with build type 'ament_python'
[1.622s] Level 1:colcon.colcon_core.shell:create_environment_hook('hb_task2a', 'ament_prefix_path')
[1.640s] INFO:colcon.colcon_core.shell:Creating environment hook '/home/adi/eyrc_hb/hb_task_2_ws/install/hb_task2a/share/hb_task2a/hook/ament_prefix_path.ps1'
[1.641s] INFO:colcon.colcon_core.shell:Creating environment descriptor '/home/adi/eyrc_hb/hb_task_2_ws/install/hb_task2a/share/hb_task2a/hook/ament_prefix_path.dsv'
[1.641s] INFO:colcon.colcon_core.shell:Creating environment hook '/home/adi/eyrc_hb/hb_task_2_ws/install/hb_task2a/share/hb_task2a/hook/ament_prefix_path.sh'
[1.661s] INFO:colcon.colcon_core.shell:Skip shell extension 'powershell' for command environment: Not usable outside of PowerShell
[1.661s] DEBUG:colcon.colcon_core.shell:Skip shell extension 'dsv' for command environment
[1.713s] INFO:colcon.colcon_ros.task.ament_cmake.build:Building ROS package in '/home/adi/eyrc_hb/hb_task_2_ws/src/eYRC-2023_Hologlyph_Bots/hb_world' with build type 'ament_cmake'
[1.713s] INFO:colcon.colcon_cmake.task.cmake.build:Building CMake package in '/home/adi/eyrc_hb/hb_task_2_ws/src/eYRC-2023_Hologlyph_Bots/hb_world'
[1.730s] INFO:colcon.colcon_core.shell:Skip shell extension 'powershell' for command environment: Not usable outside of PowerShell
[1.730s] DEBUG:colcon.colcon_core.shell:Skip shell extension 'dsv' for command environment
[1.784s] INFO:colcon.colcon_ros.task.ament_cmake.build:Building ROS package in '/home/adi/eyrc_hb/hb_task_2_ws/src/eYRC-2023_Hologlyph_Bots/my_robot_interfaces' with build type 'ament_cmake'
[1.784s] INFO:colcon.colcon_cmake.task.cmake.build:Building CMake package in '/home/adi/eyrc_hb/hb_task_2_ws/src/eYRC-2023_Hologlyph_Bots/my_robot_interfaces'
[1.802s] INFO:colcon.colcon_core.shell:Skip shell extension 'powershell' for command environment: Not usable outside of PowerShell
[1.802s] DEBUG:colcon.colcon_core.shell:Skip shell extension 'dsv' for command environment
[1.866s] DEBUG:colcon.colcon_core.event_handler.log_command:Invoking command in '/home/adi/eyrc_hb/hb_task_2_ws/build/hb_bot': CMAKE_PREFIX_PATH=${CMAKE_PREFIX_PATH}:/home/adi/eyrc_hb/hb_task_2_ws/install/hb_task2a:/opt/ros/humble /usr/bin/cmake --build /home/adi/eyrc_hb/hb_task_2_ws/build/hb_bot -- -j8 -l8
[2.131s] INFO:colcon.colcon_core.task.python.build:Building Python package in '/home/adi/eyrc_hb/hb_task_2_ws/src/eYRC-2023_Hologlyph_Bots/hb_task2a'
[2.148s] INFO:colcon.colcon_core.shell:Skip shell extension 'powershell' for command environment: Not usable outside of PowerShell
[2.148s] DEBUG:colcon.colcon_core.shell:Skip shell extension 'dsv' for command environment
[2.205s] DEBUG:colcon.colcon_core.event_handler.log_command:Invoking command in '/home/adi/eyrc_hb/hb_task_2_ws/build/hb_world': CMAKE_PREFIX_PATH=${CMAKE_PREFIX_PATH}:/home/adi/eyrc_hb/hb_task_2_ws/install/hb_task2a:/opt/ros/humble /usr/bin/cmake --build /home/adi/eyrc_hb/hb_task_2_ws/build/hb_world -- -j8 -l8
[2.211s] DEBUG:colcon.colcon_core.event_handler.log_command:Invoking command in '/home/adi/eyrc_hb/hb_task_2_ws/build/my_robot_interfaces': CMAKE_PREFIX_PATH=${CMAKE_PREFIX_PATH}:/home/adi/eyrc_hb/hb_task_2_ws/install/hb_task2a:/opt/ros/humble /usr/bin/cmake --build /home/adi/eyrc_hb/hb_task_2_ws/build/my_robot_interfaces -- -j8 -l8
[2.212s] DEBUG:colcon.colcon_core.event_handler.log_command:Invoked command in '/home/adi/eyrc_hb/hb_task_2_ws/build/hb_bot' returned '0': CMAKE_PREFIX_PATH=${CMAKE_PREFIX_PATH}:/home/adi/eyrc_hb/hb_task_2_ws/install/hb_task2a:/opt/ros/humble /usr/bin/cmake --build /home/adi/eyrc_hb/hb_task_2_ws/build/hb_bot -- -j8 -l8
[2.242s] DEBUG:colcon.colcon_core.event_handler.log_command:Invoking command in '/home/adi/eyrc_hb/hb_task_2_ws/build/hb_bot': CMAKE_PREFIX_PATH=${CMAKE_PREFIX_PATH}:/home/adi/eyrc_hb/hb_task_2_ws/install/hb_task2a:/opt/ros/humble /usr/bin/cmake --install /home/adi/eyrc_hb/hb_task_2_ws/build/hb_bot
[2.247s] DEBUG:colcon.colcon_core.event_handler.log_command:Invoked command in '/home/adi/eyrc_hb/hb_task_2_ws/build/hb_world' returned '0': CMAKE_PREFIX_PATH=${CMAKE_PREFIX_PATH}:/home/adi/eyrc_hb/hb_task_2_ws/install/hb_task2a:/opt/ros/humble /usr/bin/cmake --build /home/adi/eyrc_hb/hb_task_2_ws/build/hb_world -- -j8 -l8
[2.252s] Level 1:colcon.colcon_core.environment:create_environment_scripts_only(hb_bot)
[2.254s] DEBUG:colcon.colcon_core.event_handler.log_command:Invoked command in '/home/adi/eyrc_hb/hb_task_2_ws/build/hb_bot' returned '0': CMAKE_PREFIX_PATH=${CMAKE_PREFIX_PATH}:/home/adi/eyrc_hb/hb_task_2_ws/install/hb_task2a:/opt/ros/humble /usr/bin/cmake --install /home/adi/eyrc_hb/hb_task_2_ws/build/hb_bot
[2.293s] Level 1:colcon.colcon_core.environment:checking '/home/adi/eyrc_hb/hb_task_2_ws/install/hb_bot' for CMake module files
[2.294s] Level 1:colcon.colcon_core.environment:checking '/home/adi/eyrc_hb/hb_task_2_ws/install/hb_bot' for CMake config files
[2.294s] Level 1:colcon.colcon_core.shell:create_environment_hook('hb_bot', 'cmake_prefix_path')
[2.315s] INFO:colcon.colcon_core.shell:Creating environment hook '/home/adi/eyrc_hb/hb_task_2_ws/install/hb_bot/share/hb_bot/hook/cmake_prefix_path.ps1'
[2.315s] INFO:colcon.colcon_core.shell:Creating environment descriptor '/home/adi/eyrc_hb/hb_task_2_ws/install/hb_bot/share/hb_bot/hook/cmake_prefix_path.dsv'
[2.316s] INFO:colcon.colcon_core.shell:Creating environment hook '/home/adi/eyrc_hb/hb_task_2_ws/install/hb_bot/share/hb_bot/hook/cmake_prefix_path.sh'
[2.316s] Level 1:colcon.colcon_core.environment:checking '/home/adi/eyrc_hb/hb_task_2_ws/install/hb_bot/bin'
[2.316s] Level 1:colcon.colcon_core.environment:checking '/home/adi/eyrc_hb/hb_task_2_ws/install/hb_bot/lib/pkgconfig/hb_bot.pc'
[2.316s] Level 1:colcon.colcon_core.environment:checking '/home/adi/eyrc_hb/hb_task_2_ws/install/hb_bot/lib/python3.10/site-packages'
[2.317s] Level 1:colcon.colcon_core.environment:checking '/home/adi/eyrc_hb/hb_task_2_ws/install/hb_bot/bin'
[2.335s] INFO:colcon.colcon_core.shell:Creating package script '/home/adi/eyrc_hb/hb_task_2_ws/install/hb_bot/share/hb_bot/package.ps1'
[2.336s] INFO:colcon.colcon_core.shell:Creating package descriptor '/home/adi/eyrc_hb/hb_task_2_ws/install/hb_bot/share/hb_bot/package.dsv'
[2.336s] INFO:colcon.colcon_core.shell:Creating package script '/home/adi/eyrc_hb/hb_task_2_ws/install/hb_bot/share/hb_bot/package.sh'
[2.337s] INFO:colcon.colcon_core.shell:Creating package script '/home/adi/eyrc_hb/hb_task_2_ws/install/hb_bot/share/hb_bot/package.bash'
[2.337s] INFO:colcon.colcon_core.shell:Creating package script '/home/adi/eyrc_hb/hb_task_2_ws/install/hb_bot/share/hb_bot/package.zsh'
[2.338s] Level 1:colcon.colcon_core.environment:create_file_with_runtime_dependencies(/home/adi/eyrc_hb/hb_task_2_ws/install/hb_bot/share/colcon-core/packages/hb_bot)
[2.341s] DEBUG:colcon.colcon_core.event_handler.log_command:Invoking command in '/home/adi/eyrc_hb/hb_task_2_ws/build/hb_world': CMAKE_PREFIX_PATH=${CMAKE_PREFIX_PATH}:/home/adi/eyrc_hb/hb_task_2_ws/install/hb_task2a:/opt/ros/humble /usr/bin/cmake --install /home/adi/eyrc_hb/hb_task_2_ws/build/hb_world
[2.354s] Level 1:colcon.colcon_core.environment:create_environment_scripts_only(hb_world)
[2.355s] DEBUG:colcon.colcon_core.event_handler.log_command:Invoked command in '/home/adi/eyrc_hb/hb_task_2_ws/build/hb_world' returned '0': CMAKE_PREFIX_PATH=${CMAKE_PREFIX_PATH}:/home/adi/eyrc_hb/hb_task_2_ws/install/hb_task2a:/opt/ros/humble /usr/bin/cmake --install /home/adi/eyrc_hb/hb_task_2_ws/build/hb_world
[2.387s] Level 1:colcon.colcon_core.environment:checking '/home/adi/eyrc_hb/hb_task_2_ws/install/hb_world' for CMake module files
[2.388s] Level 1:colcon.colcon_core.environment:checking '/home/adi/eyrc_hb/hb_task_2_ws/install/hb_world' for CMake config files
[2.388s] Level 1:colcon.colcon_core.shell:create_environment_hook('hb_world', 'cmake_prefix_path')
[2.418s] INFO:colcon.colcon_core.shell:Creating environment hook '/home/adi/eyrc_hb/hb_task_2_ws/install/hb_world/share/hb_world/hook/cmake_prefix_path.ps1'
[2.418s] INFO:colcon.colcon_core.shell:Creating environment descriptor '/home/adi/eyrc_hb/hb_task_2_ws/install/hb_world/share/hb_world/hook/cmake_prefix_path.dsv'
[2.419s] INFO:colcon.colcon_core.shell:Creating environment hook '/home/adi/eyrc_hb/hb_task_2_ws/install/hb_world/share/hb_world/hook/cmake_prefix_path.sh'
[2.419s] Level 1:colcon.colcon_core.environment:checking '/home/adi/eyrc_hb/hb_task_2_ws/install/hb_world/bin'
[2.419s] Level 1:colcon.colcon_core.environment:checking '/home/adi/eyrc_hb/hb_task_2_ws/install/hb_world/lib/pkgconfig/hb_world.pc'
[2.419s] Level 1:colcon.colcon_core.environment:checking '/home/adi/eyrc_hb/hb_task_2_ws/install/hb_world/lib/python3.10/site-packages'
[2.420s] Level 1:colcon.colcon_core.environment:checking '/home/adi/eyrc_hb/hb_task_2_ws/install/hb_world/bin'
[2.446s] INFO:colcon.colcon_core.shell:Creating package script '/home/adi/eyrc_hb/hb_task_2_ws/install/hb_world/share/hb_world/package.ps1'
[2.447s] INFO:colcon.colcon_core.shell:Creating package descriptor '/home/adi/eyrc_hb/hb_task_2_ws/install/hb_world/share/hb_world/package.dsv'
[2.447s] INFO:colcon.colcon_core.shell:Creating package script '/home/adi/eyrc_hb/hb_task_2_ws/install/hb_world/share/hb_world/package.sh'
[2.447s] INFO:colcon.colcon_core.shell:Creating package script '/home/adi/eyrc_hb/hb_task_2_ws/install/hb_world/share/hb_world/package.bash'
[2.447s] INFO:colcon.colcon_core.shell:Creating package script '/home/adi/eyrc_hb/hb_task_2_ws/install/hb_world/share/hb_world/package.zsh'
[2.448s] Level 1:colcon.colcon_core.environment:create_file_with_runtime_dependencies(/home/adi/eyrc_hb/hb_task_2_ws/install/hb_world/share/colcon-core/packages/hb_world)
[2.467s] Level 1:colcon.colcon_core.environment:create_environment_scripts_only(hb_bot)
[2.485s] Level 1:colcon.colcon_core.environment:checking '/home/adi/eyrc_hb/hb_task_2_ws/install/hb_bot' for CMake module files
[2.485s] Level 1:colcon.colcon_core.environment:checking '/home/adi/eyrc_hb/hb_task_2_ws/install/hb_bot' for CMake config files
[2.485s] Level 1:colcon.colcon_core.shell:create_environment_hook('hb_bot', 'cmake_prefix_path')
[2.503s] INFO:colcon.colcon_core.shell:Creating environment hook '/home/adi/eyrc_hb/hb_task_2_ws/install/hb_bot/share/hb_bot/hook/cmake_prefix_path.ps1'
[2.503s] INFO:colcon.colcon_core.shell:Creating environment descriptor '/home/adi/eyrc_hb/hb_task_2_ws/install/hb_bot/share/hb_bot/hook/cmake_prefix_path.dsv'
[2.503s] INFO:colcon.colcon_core.shell:Creating environment hook '/home/adi/eyrc_hb/hb_task_2_ws/install/hb_bot/share/hb_bot/hook/cmake_prefix_path.sh'
[2.504s] Level 1:colcon.colcon_core.environment:checking '/home/adi/eyrc_hb/hb_task_2_ws/install/hb_bot/bin'
[2.504s] Level 1:colcon.colcon_core.environment:checking '/home/adi/eyrc_hb/hb_task_2_ws/install/hb_bot/lib/pkgconfig/hb_bot.pc'
[2.504s] Level 1:colcon.colcon_core.environment:checking '/home/adi/eyrc_hb/hb_task_2_ws/install/hb_bot/lib/python3.10/site-packages'
[2.504s] Level 1:colcon.colcon_core.environment:checking '/home/adi/eyrc_hb/hb_task_2_ws/install/hb_bot/bin'
[2.522s] INFO:colcon.colcon_core.shell:Creating package script '/home/adi/eyrc_hb/hb_task_2_ws/install/hb_bot/share/hb_bot/package.ps1'
[2.522s] INFO:colcon.colcon_core.shell:Creating package descriptor '/home/adi/eyrc_hb/hb_task_2_ws/install/hb_bot/share/hb_bot/package.dsv'
[2.523s] INFO:colcon.colcon_core.shell:Creating package script '/home/adi/eyrc_hb/hb_task_2_ws/install/hb_bot/share/hb_bot/package.sh'
[2.523s] INFO:colcon.colcon_core.shell:Creating package script '/home/adi/eyrc_hb/hb_task_2_ws/install/hb_bot/share/hb_bot/package.bash'
[2.523s] INFO:colcon.colcon_core.shell:Creating package script '/home/adi/eyrc_hb/hb_task_2_ws/install/hb_bot/share/hb_bot/package.zsh'
[2.523s] Level 1:colcon.colcon_core.environment:create_file_with_runtime_dependencies(/home/adi/eyrc_hb/hb_task_2_ws/install/hb_bot/share/colcon-core/packages/hb_bot)
[2.542s] Level 1:colcon.colcon_core.environment:create_environment_scripts_only(hb_world)
[2.562s] Level 1:colcon.colcon_core.environment:checking '/home/adi/eyrc_hb/hb_task_2_ws/install/hb_world' for CMake module files
[2.563s] Level 1:colcon.colcon_core.environment:checking '/home/adi/eyrc_hb/hb_task_2_ws/install/hb_world' for CMake config files
[2.563s] Level 1:colcon.colcon_core.shell:create_environment_hook('hb_world', 'cmake_prefix_path')
[2.581s] INFO:colcon.colcon_core.shell:Creating environment hook '/home/adi/eyrc_hb/hb_task_2_ws/install/hb_world/share/hb_world/hook/cmake_prefix_path.ps1'
[2.582s] INFO:colcon.colcon_core.shell:Creating environment descriptor '/home/adi/eyrc_hb/hb_task_2_ws/install/hb_world/share/hb_world/hook/cmake_prefix_path.dsv'
[2.582s] INFO:colcon.colcon_core.shell:Creating environment hook '/home/adi/eyrc_hb/hb_task_2_ws/install/hb_world/share/hb_world/hook/cmake_prefix_path.sh'
[2.582s] Level 1:colcon.colcon_core.environment:checking '/home/adi/eyrc_hb/hb_task_2_ws/install/hb_world/bin'
[2.582s] Level 1:colcon.colcon_core.environment:checking '/home/adi/eyrc_hb/hb_task_2_ws/install/hb_world/lib/pkgconfig/hb_world.pc'
[2.583s] Level 1:colcon.colcon_core.environment:checking '/home/adi/eyrc_hb/hb_task_2_ws/install/hb_world/lib/python3.10/site-packages'
[2.583s] Level 1:colcon.colcon_core.environment:checking '/home/adi/eyrc_hb/hb_task_2_ws/install/hb_world/bin'
[2.603s] INFO:colcon.colcon_core.shell:Creating package script '/home/adi/eyrc_hb/hb_task_2_ws/install/hb_world/share/hb_world/package.ps1'
[2.604s] INFO:colcon.colcon_core.shell:Creating package descriptor '/home/adi/eyrc_hb/hb_task_2_ws/install/hb_world/share/hb_world/package.dsv'
[2.604s] INFO:colcon.colcon_core.shell:Creating package script '/home/adi/eyrc_hb/hb_task_2_ws/install/hb_world/share/hb_world/package.sh'
[2.605s] INFO:colcon.colcon_core.shell:Creating package script '/home/adi/eyrc_hb/hb_task_2_ws/install/hb_world/share/hb_world/package.bash'
[2.605s] INFO:colcon.colcon_core.shell:Creating package script '/home/adi/eyrc_hb/hb_task_2_ws/install/hb_world/share/hb_world/package.zsh'
[2.605s] Level 1:colcon.colcon_core.environment:create_file_with_runtime_dependencies(/home/adi/eyrc_hb/hb_task_2_ws/install/hb_world/share/colcon-core/packages/hb_world)
[2.611s] DEBUG:colcon.colcon_core.event_handler.log_command:Invoking command in '/home/adi/eyrc_hb/hb_task_2_ws/src/eYRC-2023_Hologlyph_Bots/hb_task2a': PYTHONPATH=/home/adi/eyrc_hb/hb_task_2_ws/build/hb_task2a/prefix_override:/home/adi/eyrc_hb/hb_task_2_ws/install/hb_task2a/lib/python3.10/site-packages:${PYTHONPATH} /usr/bin/python3 setup.py egg_info --egg-base ../../../build/hb_task2a build --build-base /home/adi/eyrc_hb/hb_task_2_ws/build/hb_task2a/build install --record /home/adi/eyrc_hb/hb_task_2_ws/build/hb_task2a/install.log --single-version-externally-managed
[2.631s] DEBUG:colcon.colcon_core.event_handler.log_command:Invoked command in '/home/adi/eyrc_hb/hb_task_2_ws/build/my_robot_interfaces' returned '0': CMAKE_PREFIX_PATH=${CMAKE_PREFIX_PATH}:/home/adi/eyrc_hb/hb_task_2_ws/install/hb_task2a:/opt/ros/humble /usr/bin/cmake --build /home/adi/eyrc_hb/hb_task_2_ws/build/my_robot_interfaces -- -j8 -l8
[2.676s] DEBUG:colcon.colcon_core.event_handler.log_command:Invoking command in '/home/adi/eyrc_hb/hb_task_2_ws/build/my_robot_interfaces': CMAKE_PREFIX_PATH=${CMAKE_PREFIX_PATH}:/home/adi/eyrc_hb/hb_task_2_ws/install/hb_task2a:/opt/ros/humble /usr/bin/cmake --install /home/adi/eyrc_hb/hb_task_2_ws/build/my_robot_interfaces
[2.717s] Level 1:colcon.colcon_core.environment:create_environment_scripts_only(my_robot_interfaces)
[2.718s] DEBUG:colcon.colcon_core.event_handler.log_command:Invoked command in '/home/adi/eyrc_hb/hb_task_2_ws/build/my_robot_interfaces' returned '0': CMAKE_PREFIX_PATH=${CMAKE_PREFIX_PATH}:/home/adi/eyrc_hb/hb_task_2_ws/install/hb_task2a:/opt/ros/humble /usr/bin/cmake --install /home/adi/eyrc_hb/hb_task_2_ws/build/my_robot_interfaces
[2.735s] Level 1:colcon.colcon_core.environment:checking '/home/adi/eyrc_hb/hb_task_2_ws/install/my_robot_interfaces' for CMake module files
[2.735s] Level 1:colcon.colcon_core.environment:checking '/home/adi/eyrc_hb/hb_task_2_ws/install/my_robot_interfaces' for CMake config files
[2.736s] Level 1:colcon.colcon_core.shell:create_environment_hook('my_robot_interfaces', 'cmake_prefix_path')
[2.753s] INFO:colcon.colcon_core.shell:Creating environment hook '/home/adi/eyrc_hb/hb_task_2_ws/install/my_robot_interfaces/share/my_robot_interfaces/hook/cmake_prefix_path.ps1'
[2.753s] INFO:colcon.colcon_core.shell:Creating environment descriptor '/home/adi/eyrc_hb/hb_task_2_ws/install/my_robot_interfaces/share/my_robot_interfaces/hook/cmake_prefix_path.dsv'
[2.754s] INFO:colcon.colcon_core.shell:Creating environment hook '/home/adi/eyrc_hb/hb_task_2_ws/install/my_robot_interfaces/share/my_robot_interfaces/hook/cmake_prefix_path.sh'
[2.754s] Level 1:colcon.colcon_core.environment:checking '/home/adi/eyrc_hb/hb_task_2_ws/install/my_robot_interfaces/lib'
[2.754s] Level 1:colcon.colcon_core.shell:create_environment_hook('my_robot_interfaces', 'ld_library_path_lib')
[2.771s] INFO:colcon.colcon_core.shell:Creating environment hook '/home/adi/eyrc_hb/hb_task_2_ws/install/my_robot_interfaces/share/my_robot_interfaces/hook/ld_library_path_lib.ps1'
[2.772s] INFO:colcon.colcon_core.shell:Creating environment descriptor '/home/adi/eyrc_hb/hb_task_2_ws/install/my_robot_interfaces/share/my_robot_interfaces/hook/ld_library_path_lib.dsv'
[2.772s] INFO:colcon.colcon_core.shell:Creating environment hook '/home/adi/eyrc_hb/hb_task_2_ws/install/my_robot_interfaces/share/my_robot_interfaces/hook/ld_library_path_lib.sh'
[2.772s] Level 1:colcon.colcon_core.environment:checking '/home/adi/eyrc_hb/hb_task_2_ws/install/my_robot_interfaces/bin'
[2.772s] Level 1:colcon.colcon_core.environment:checking '/home/adi/eyrc_hb/hb_task_2_ws/install/my_robot_interfaces/lib/pkgconfig/my_robot_interfaces.pc'
[2.772s] Level 1:colcon.colcon_core.environment:checking '/home/adi/eyrc_hb/hb_task_2_ws/install/my_robot_interfaces/lib/python3.10/site-packages'
[2.772s] Level 1:colcon.colcon_core.environment:checking '/home/adi/eyrc_hb/hb_task_2_ws/install/my_robot_interfaces/bin'
[2.790s] INFO:colcon.colcon_core.shell:Creating package script '/home/adi/eyrc_hb/hb_task_2_ws/install/my_robot_interfaces/share/my_robot_interfaces/package.ps1'
[2.791s] INFO:colcon.colcon_core.shell:Creating package descriptor '/home/adi/eyrc_hb/hb_task_2_ws/install/my_robot_interfaces/share/my_robot_interfaces/package.dsv'
[2.791s] INFO:colcon.colcon_core.shell:Creating package script '/home/adi/eyrc_hb/hb_task_2_ws/install/my_robot_interfaces/share/my_robot_interfaces/package.sh'
[2.791s] INFO:colcon.colcon_core.shell:Creating package script '/home/adi/eyrc_hb/hb_task_2_ws/install/my_robot_interfaces/share/my_robot_interfaces/package.bash'
[2.792s] INFO:colcon.colcon_core.shell:Creating package script '/home/adi/eyrc_hb/hb_task_2_ws/install/my_robot_interfaces/share/my_robot_interfaces/package.zsh'
[2.792s] Level 1:colcon.colcon_core.environment:create_file_with_runtime_dependencies(/home/adi/eyrc_hb/hb_task_2_ws/install/my_robot_interfaces/share/colcon-core/packages/my_robot_interfaces)
[2.865s] Level 1:colcon.colcon_core.environment:create_environment_scripts_only(my_robot_interfaces)
[2.886s] Level 1:colcon.colcon_core.environment:checking '/home/adi/eyrc_hb/hb_task_2_ws/install/my_robot_interfaces' for CMake module files
[2.886s] Level 1:colcon.colcon_core.environment:checking '/home/adi/eyrc_hb/hb_task_2_ws/install/my_robot_interfaces' for CMake config files
[2.887s] Level 1:colcon.colcon_core.shell:create_environment_hook('my_robot_interfaces', 'cmake_prefix_path')
[2.905s] INFO:colcon.colcon_core.shell:Creating environment hook '/home/adi/eyrc_hb/hb_task_2_ws/install/my_robot_interfaces/share/my_robot_interfaces/hook/cmake_prefix_path.ps1'
[2.905s] INFO:colcon.colcon_core.shell:Creating environment descriptor '/home/adi/eyrc_hb/hb_task_2_ws/install/my_robot_interfaces/share/my_robot_interfaces/hook/cmake_prefix_path.dsv'
[2.905s] INFO:colcon.colcon_core.shell:Creating environment hook '/home/adi/eyrc_hb/hb_task_2_ws/install/my_robot_interfaces/share/my_robot_interfaces/hook/cmake_prefix_path.sh'
[2.906s] Level 1:colcon.colcon_core.environment:checking '/home/adi/eyrc_hb/hb_task_2_ws/install/my_robot_interfaces/lib'
[2.906s] Level 1:colcon.colcon_core.shell:create_environment_hook('my_robot_interfaces', 'ld_library_path_lib')
[2.924s] INFO:colcon.colcon_core.shell:Creating environment hook '/home/adi/eyrc_hb/hb_task_2_ws/install/my_robot_interfaces/share/my_robot_interfaces/hook/ld_library_path_lib.ps1'
[2.924s] INFO:colcon.colcon_core.shell:Creating environment descriptor '/home/adi/eyrc_hb/hb_task_2_ws/install/my_robot_interfaces/share/my_robot_interfaces/hook/ld_library_path_lib.dsv'
[2.924s] INFO:colcon.colcon_core.shell:Creating environment hook '/home/adi/eyrc_hb/hb_task_2_ws/install/my_robot_interfaces/share/my_robot_interfaces/hook/ld_library_path_lib.sh'
[2.925s] Level 1:colcon.colcon_core.environment:checking '/home/adi/eyrc_hb/hb_task_2_ws/install/my_robot_interfaces/bin'
[2.925s] Level 1:colcon.colcon_core.environment:checking '/home/adi/eyrc_hb/hb_task_2_ws/install/my_robot_interfaces/lib/pkgconfig/my_robot_interfaces.pc'
[2.925s] Level 1:colcon.colcon_core.environment:checking '/home/adi/eyrc_hb/hb_task_2_ws/install/my_robot_interfaces/lib/python3.10/site-packages'
[2.925s] Level 1:colcon.colcon_core.environment:checking '/home/adi/eyrc_hb/hb_task_2_ws/install/my_robot_interfaces/bin'
[2.942s] INFO:colcon.colcon_core.shell:Creating package script '/home/adi/eyrc_hb/hb_task_2_ws/install/my_robot_interfaces/share/my_robot_interfaces/package.ps1'
[2.943s] INFO:colcon.colcon_core.shell:Creating package descriptor '/home/adi/eyrc_hb/hb_task_2_ws/install/my_robot_interfaces/share/my_robot_interfaces/package.dsv'
[2.943s] INFO:colcon.colcon_core.shell:Creating package script '/home/adi/eyrc_hb/hb_task_2_ws/install/my_robot_interfaces/share/my_robot_interfaces/package.sh'
[2.943s] INFO:colcon.colcon_core.shell:Creating package script '/home/adi/eyrc_hb/hb_task_2_ws/install/my_robot_interfaces/share/my_robot_interfaces/package.bash'
[2.944s] INFO:colcon.colcon_core.shell:Creating package script '/home/adi/eyrc_hb/hb_task_2_ws/install/my_robot_interfaces/share/my_robot_interfaces/package.zsh'
[2.944s] Level 1:colcon.colcon_core.environment:create_file_with_runtime_dependencies(/home/adi/eyrc_hb/hb_task_2_ws/install/my_robot_interfaces/share/colcon-core/packages/my_robot_interfaces)
[2.945s] DEBUG:colcon.colcon_core.event_handler.log_command:Invoked command in '/home/adi/eyrc_hb/hb_task_2_ws/src/eYRC-2023_Hologlyph_Bots/hb_task2a' returned '0': PYTHONPATH=/home/adi/eyrc_hb/hb_task_2_ws/build/hb_task2a/prefix_override:/home/adi/eyrc_hb/hb_task_2_ws/install/hb_task2a/lib/python3.10/site-packages:${PYTHONPATH} /usr/bin/python3 setup.py egg_info --egg-base ../../../build/hb_task2a build --build-base /home/adi/eyrc_hb/hb_task_2_ws/build/hb_task2a/build install --record /home/adi/eyrc_hb/hb_task_2_ws/build/hb_task2a/install.log --single-version-externally-managed
[2.968s] Level 1:colcon.colcon_core.environment:checking '/home/adi/eyrc_hb/hb_task_2_ws/install/hb_task2a' for CMake module files
[2.968s] Level 1:colcon.colcon_core.environment:checking '/home/adi/eyrc_hb/hb_task_2_ws/install/hb_task2a' for CMake config files
[2.969s] Level 1:colcon.colcon_core.environment:checking '/home/adi/eyrc_hb/hb_task_2_ws/install/hb_task2a/lib'
[2.969s] Level 1:colcon.colcon_core.environment:checking '/home/adi/eyrc_hb/hb_task_2_ws/install/hb_task2a/bin'
[2.969s] Level 1:colcon.colcon_core.environment:checking '/home/adi/eyrc_hb/hb_task_2_ws/install/hb_task2a/lib/pkgconfig/hb_task2a.pc'
[2.969s] Level 1:colcon.colcon_core.environment:checking '/home/adi/eyrc_hb/hb_task_2_ws/install/hb_task2a/lib/python3.10/site-packages'
[2.969s] Level 1:colcon.colcon_core.shell:create_environment_hook('hb_task2a', 'pythonpath')
[2.987s] INFO:colcon.colcon_core.shell:Creating environment hook '/home/adi/eyrc_hb/hb_task_2_ws/install/hb_task2a/share/hb_task2a/hook/pythonpath.ps1'
[2.988s] INFO:colcon.colcon_core.shell:Creating environment descriptor '/home/adi/eyrc_hb/hb_task_2_ws/install/hb_task2a/share/hb_task2a/hook/pythonpath.dsv'
[2.988s] INFO:colcon.colcon_core.shell:Creating environment hook '/home/adi/eyrc_hb/hb_task_2_ws/install/hb_task2a/share/hb_task2a/hook/pythonpath.sh'
[2.988s] Level 1:colcon.colcon_core.environment:checking '/home/adi/eyrc_hb/hb_task_2_ws/install/hb_task2a/bin'
[2.989s] Level 1:colcon.colcon_core.environment:create_environment_scripts_only(hb_task2a)
[3.006s] INFO:colcon.colcon_core.shell:Creating package script '/home/adi/eyrc_hb/hb_task_2_ws/install/hb_task2a/share/hb_task2a/package.ps1'
[3.006s] INFO:colcon.colcon_core.shell:Creating package descriptor '/home/adi/eyrc_hb/hb_task_2_ws/install/hb_task2a/share/hb_task2a/package.dsv'
[3.006s] INFO:colcon.colcon_core.shell:Creating package script '/home/adi/eyrc_hb/hb_task_2_ws/install/hb_task2a/share/hb_task2a/package.sh'
[3.007s] INFO:colcon.colcon_core.shell:Creating package script '/home/adi/eyrc_hb/hb_task_2_ws/install/hb_task2a/share/hb_task2a/package.bash'
[3.007s] INFO:colcon.colcon_core.shell:Creating package script '/home/adi/eyrc_hb/hb_task_2_ws/install/hb_task2a/share/hb_task2a/package.zsh'
[3.007s] Level 1:colcon.colcon_core.environment:create_file_with_runtime_dependencies(/home/adi/eyrc_hb/hb_task_2_ws/install/hb_task2a/share/colcon-core/packages/hb_task2a)
[3.007s] DEBUG:colcon.colcon_parallel_executor.executor.parallel:closing loop
[3.007s] DEBUG:colcon.colcon_parallel_executor.executor.parallel:loop closed
[3.007s] DEBUG:colcon.colcon_parallel_executor.executor.parallel:run_until_complete finished with '0'
[3.008s] DEBUG:colcon.colcon_core.event_reactor:joining thread
[3.029s] INFO:colcon.colcon_core.plugin_system:Skipping extension 'colcon_notification.desktop_notification.terminal_notifier': Not used on non-Darwin systems
[3.030s] INFO:colcon.colcon_core.plugin_system:Skipping extension 'colcon_notification.desktop_notification.win32': Not used on non-Windows systems
[3.030s] INFO:colcon.colcon_notification.desktop_notification:Sending desktop notification using 'notify2'
[3.039s] DEBUG:colcon.colcon_core.event_reactor:joined thread
[3.058s] INFO:colcon.colcon_core.shell:Creating prefix script '/home/adi/eyrc_hb/hb_task_2_ws/install/local_setup.ps1'
[3.059s] INFO:colcon.colcon_core.shell:Creating prefix util module '/home/adi/eyrc_hb/hb_task_2_ws/install/_local_setup_util_ps1.py'
[3.060s] INFO:colcon.colcon_core.shell:Creating prefix chain script '/home/adi/eyrc_hb/hb_task_2_ws/install/setup.ps1'
[3.079s] INFO:colcon.colcon_core.shell:Creating prefix script '/home/adi/eyrc_hb/hb_task_2_ws/install/local_setup.sh'
[3.079s] INFO:colcon.colcon_core.shell:Creating prefix util module '/home/adi/eyrc_hb/hb_task_2_ws/install/_local_setup_util_sh.py'
[3.080s] INFO:colcon.colcon_core.shell:Creating prefix chain script '/home/adi/eyrc_hb/hb_task_2_ws/install/setup.sh'
[3.098s] INFO:colcon.colcon_core.shell:Creating prefix script '/home/adi/eyrc_hb/hb_task_2_ws/install/local_setup.bash'
[3.098s] INFO:colcon.colcon_core.shell:Creating prefix chain script '/home/adi/eyrc_hb/hb_task_2_ws/install/setup.bash'
[3.116s] INFO:colcon.colcon_core.shell:Creating prefix script '/home/adi/eyrc_hb/hb_task_2_ws/install/local_setup.zsh'
[3.116s] INFO:colcon.colcon_core.shell:Creating prefix chain script '/home/adi/eyrc_hb/hb_task_2_ws/install/setup.zsh'
