[1.149s] Invoking command in '/home/adi/eyrc_hb/hb_task_2_ws/src/eYRC-2023_Hologlyph_Bots/hb_task2a': PYTHONPATH=/home/adi/eyrc_hb/hb_task_2_ws/build/hb_task2a/prefix_override:/home/adi/eyrc_hb/hb_task_2_ws/install/hb_task2a/lib/python3.10/site-packages:${PYTHONPATH} /usr/bin/python3 setup.py egg_info --egg-base ../../../build/hb_task2a build --build-base /home/adi/eyrc_hb/hb_task_2_ws/build/hb_task2a/build install --record /home/adi/eyrc_hb/hb_task_2_ws/build/hb_task2a/install.log --single-version-externally-managed
[1.485s] running egg_info
[1.485s] creating ../../../build/hb_task2a/hb_task2a.egg-info
[1.485s] writing ../../../build/hb_task2a/hb_task2a.egg-info/PKG-INFO
[1.486s] writing dependency_links to ../../../build/hb_task2a/hb_task2a.egg-info/dependency_links.txt
[1.486s] writing entry points to ../../../build/hb_task2a/hb_task2a.egg-info/entry_points.txt
[1.486s] writing requirements to ../../../build/hb_task2a/hb_task2a.egg-info/requires.txt
[1.486s] writing top-level names to ../../../build/hb_task2a/hb_task2a.egg-info/top_level.txt
[1.486s] writing manifest file '../../../build/hb_task2a/hb_task2a.egg-info/SOURCES.txt'
[1.488s] reading manifest file '../../../build/hb_task2a/hb_task2a.egg-info/SOURCES.txt'
[1.489s] writing manifest file '../../../build/hb_task2a/hb_task2a.egg-info/SOURCES.txt'
[1.489s] running build
[1.489s] running build_py
[1.489s] creating /home/adi/eyrc_hb/hb_task_2_ws/build/hb_task2a/build
[1.490s] creating /home/adi/eyrc_hb/hb_task_2_ws/build/hb_task2a/build/lib
[1.490s] creating /home/adi/eyrc_hb/hb_task_2_ws/build/hb_task2a/build/lib/hb_task2a
[1.490s] copying hb_task2a/__init__.py -> /home/adi/eyrc_hb/hb_task_2_ws/build/hb_task2a/build/lib/hb_task2a
[1.490s] running install
[1.490s] running install_lib
[1.491s] creating /home/adi/eyrc_hb/hb_task_2_ws/install/hb_task2a/lib/python3.10/site-packages/hb_task2a
[1.491s] copying /home/adi/eyrc_hb/hb_task_2_ws/build/hb_task2a/build/lib/hb_task2a/__init__.py -> /home/adi/eyrc_hb/hb_task_2_ws/install/hb_task2a/lib/python3.10/site-packages/hb_task2a
[1.491s] byte-compiling /home/adi/eyrc_hb/hb_task_2_ws/install/hb_task2a/lib/python3.10/site-packages/hb_task2a/__init__.py to __init__.cpython-310.pyc
[1.492s] running install_data
[1.492s] creating /home/adi/eyrc_hb/hb_task_2_ws/install/hb_task2a/share/ament_index
[1.493s] creating /home/adi/eyrc_hb/hb_task_2_ws/install/hb_task2a/share/ament_index/resource_index
[1.493s] creating /home/adi/eyrc_hb/hb_task_2_ws/install/hb_task2a/share/ament_index/resource_index/packages
[1.493s] copying resource/hb_task2a -> /home/adi/eyrc_hb/hb_task_2_ws/install/hb_task2a/share/ament_index/resource_index/packages
[1.493s] copying package.xml -> /home/adi/eyrc_hb/hb_task_2_ws/install/hb_task2a/share/hb_task2a
[1.493s] creating /home/adi/eyrc_hb/hb_task_2_ws/install/hb_task2a/share/hb_task2a/launch
[1.493s] copying launch/task2a.launch.py -> /home/adi/eyrc_hb/hb_task_2_ws/install/hb_task2a/share/hb_task2a/launch
[1.493s] creating /home/adi/eyrc_hb/hb_task_2_ws/install/hb_task2a/share/hb_task2a/scripts
[1.494s] copying scripts/feedback.py -> /home/adi/eyrc_hb/hb_task_2_ws/install/hb_task2a/share/hb_task2a/scripts
[1.494s] copying scripts/controller.py -> /home/adi/eyrc_hb/hb_task_2_ws/install/hb_task2a/share/hb_task2a/scripts
[1.494s] copying scripts/service_node.py -> /home/adi/eyrc_hb/hb_task_2_ws/install/hb_task2a/share/hb_task2a/scripts
[1.494s] running install_egg_info
[1.495s] Copying ../../../build/hb_task2a/hb_task2a.egg-info to /home/adi/eyrc_hb/hb_task_2_ws/install/hb_task2a/lib/python3.10/site-packages/hb_task2a-0.0.0-py3.10.egg-info
[1.496s] running install_scripts
[1.518s] Installing feedback script to /home/adi/eyrc_hb/hb_task_2_ws/install/hb_task2a/lib/hb_task2a
[1.519s] writing list of installed files to '/home/adi/eyrc_hb/hb_task_2_ws/build/hb_task2a/install.log'
[1.556s] Invoked command in '/home/adi/eyrc_hb/hb_task_2_ws/src/eYRC-2023_Hologlyph_Bots/hb_task2a' returned '0': PYTHONPATH=/home/adi/eyrc_hb/hb_task_2_ws/build/hb_task2a/prefix_override:/home/adi/eyrc_hb/hb_task_2_ws/install/hb_task2a/lib/python3.10/site-packages:${PYTHONPATH} /usr/bin/python3 setup.py egg_info --egg-base ../../../build/hb_task2a build --build-base /home/adi/eyrc_hb/hb_task_2_ws/build/hb_task2a/build install --record /home/adi/eyrc_hb/hb_task_2_ws/build/hb_task2a/install.log --single-version-externally-managed
